Resolved 122 packages in 7ms
Audited 119 packages in 331ms
wandb: [wandb.login()] Loaded credentials for https://api.wandb.ai from WANDB_API_KEY.
wandb: Currently logged in as: linusjunidtu (linusjunidtu-danmarks-tekniske-universitet-dtu) to https://api.wandb.ai. Use `wandb login --relogin` to force relogin
wandb: setting up run 0rqxdc7d
wandb: Tracking run with wandb version 0.25.1
wandb: Run data is saved locally in /work3/s225224/nnunet/results/Dataset002_CSpineSeg_Gold/nnUNetTrainerWandB__nnUNetResEncUNetLPlans__2d/fold_2/wandb/run-20260511_214540-0rqxdc7d
wandb: Run `wandb offline` to turn off syncing.
wandb: Syncing run wobbly-snow-28
wandb: 猸愶笍 View project at https://wandb.ai/linusjunidtu-danmarks-tekniske-universitet-dtu/spinal-fairness
wandb: 馃殌 View run at https://wandb.ai/linusjunidtu-danmarks-tekniske-universitet-dtu/spinal-fairness/runs/0rqxdc7d
wandb: uploading artifact checkpoint-fold2; updating run metadata
wandb: uploading artifact checkpoint-fold2
wandb: uploading artifact checkpoint-fold2; uploading output.log; uploading wandb-summary.json; uploading config.yaml
wandb: uploading artifact checkpoint-fold2
wandb: uploading data
wandb: 
wandb: Run history:
wandb: dice_per_class_or_region/class_1 鈻佲枂鈻団枃鈻団枃鈻団枃鈻団枃鈻団枃鈻団枅鈻団枃鈻団枃鈻堚枃鈻団枃鈻団枃鈻堚枃鈻団枃鈻堚枃鈻堚枅鈻堚枅鈻堚枃鈻堚枃鈻団枅
wandb: dice_per_class_or_region/class_2 鈻佲枃鈻団枃鈻団枃鈻堚枃鈻団枅鈻団枅鈻団枂鈻団枃鈻団枃鈻団枃鈻団枃鈻団枅鈻団枅鈻団枃鈻団枃鈻団枅鈻団枅鈻団枃鈻堚枃鈻団枃
wandb:                      ema_fg_dice 鈻佲杻鈻勨枃鈻団枅鈻堚枅鈻堚枅鈻堚枅鈻堚枅鈻堚枅鈻堚枅鈻堚枅鈻堚枅鈻堚枅鈻堚枅鈻堚枅鈻堚枅鈻堚枅鈻堚枅鈻堚枅鈻堚枅鈻堚枅
wandb:                 epoch_duration_s 鈻佲杹鈻傗杹鈻佲杹鈻佲杺鈻佲杹鈻傗杺鈻傗杺鈻佲杻鈻傗杹鈻呪杺鈻佲杹鈻傗杹鈻傗杺鈻佲杺鈻冣杺鈻佲杺鈻冣枅鈻勨枀鈻冣枃鈻冣杺
wandb:             epoch_end_timestamps 鈻佲杹鈻佲杹鈻佲杺鈻傗杺鈻冣杻鈻冣杻鈻冣杻鈻冣杽鈻勨杽鈻勨枀鈻呪枀鈻呪枀鈻呪枀鈻嗏枂鈻嗏枂鈻嗏枂鈻嗏枃鈻団枃鈻団枅鈻堚枅
wandb:           epoch_start_timestamps 鈻佲杹鈻佲杹鈻傗杺鈻傗杺鈻傗杻鈻冣杻鈻冣杻鈻冣杻鈻冣杻鈻勨杽鈻勨杽鈻勨杽鈻勨枀鈻呪枀鈻呪枀鈻呪枂鈻嗏枂鈻嗏枂鈻団枃鈻団枅
wandb:                              lrs 鈻堚枅鈻堚枅鈻堚枅鈻堚枅鈻堚枅鈻団枃鈻団枃鈻団枂鈻嗏枂鈻嗏枂鈻嗏枀鈻呪枀鈻呪枀鈻勨杽鈻勨杽鈻冣杻鈻冣杻鈻冣杻鈻傗杺鈻傗杹
wandb:                     mean_fg_dice 鈻勨杽鈻呪杻鈻冣杽鈻冣杻鈻勨杻鈻傗枀鈻呪枀鈻冣杻鈻冣杻鈻冣杹鈻勨杻鈻呪杻鈻呪杻鈻呪杻鈻冣枂鈻呪杽鈻呪杹鈻堚枂鈻勨枂鈻呪杽
wandb:                     train_losses 鈻堚杻鈻傗杺鈻佲杹鈻佲杹鈻佲杹鈻佲杹鈻佲杹鈻佲杹鈻佲杹鈻佲杹鈻佲杹鈻佲杹鈻佲杹鈻佲杹鈻佲杹鈻佲杹鈻佲杹鈻佲杹鈻佲杹鈻佲杹
wandb:                       val_losses 鈻佲杹鈻傗杺鈻傗杹鈻冣杽鈻冣杻鈻傗杽鈻冣杽鈻傗杽鈻冣杻鈻呪杻鈻勨枀鈻勨枀鈻呪杻鈻呪枀鈻嗏杽鈻呪枂鈻呪枀鈻嗏枀鈻嗏枂鈻堚枅
wandb: 
wandb: Run summary:
wandb:                    current_epoch 999
wandb: dice_per_class_or_region/class_1 0.9228
wandb: dice_per_class_or_region/class_2 0.86012
wandb:                      ema_fg_dice 0.89113
wandb:                 epoch_duration_s 147.97705
wandb:             epoch_end_timestamps 1778684034.25732
wandb:           epoch_start_timestamps 1778683886.28027
wandb:                              lrs 2e-05
wandb:                     mean_fg_dice 0.89146
wandb:                     train_losses -0.97237
wandb:                               +1 ...
wandb: 
wandb: 馃殌 View run 2d_fold2 at: https://wandb.ai/linusjunidtu-danmarks-tekniske-universitet-dtu/spinal-fairness/runs/0rqxdc7d
wandb: 猸愶笍 View project at: https://wandb.ai/linusjunidtu-danmarks-tekniske-universitet-dtu/spinal-fairness
wandb: Synced 5 W&B file(s), 1000 media file(s), 2 artifact file(s) and 0 other file(s)
wandb: Find logs at: /work3/s225224/nnunet/results/Dataset002_CSpineSeg_Gold/nnUNetTrainerWandB__nnUNetResEncUNetLPlans__2d/fold_2/wandb/run-20260511_214540-0rqxdc7d/logs
wandb: ERROR Run (0rqxdc7d) is finished. The call to `_summary_update_callback` will be ignored. Please make sure that you are using an active run.
Traceback (most recent call last):
  File "/zhome/77/2/187952/projects/spinal-fairness/.venv/bin/nnUNetv2_train", line 10, in <module>
    sys.exit(run_training_entry())
             ~~~~~~~~~~~~~~~~~~^^
  File "/zhome/77/2/187952/projects/spinal-fairness/.venv/lib/python3.13/site-packages/nnunetv2/run/run_training.py", line 268, in run_training_entry
    run_training(args.dataset_name_or_id, args.configuration, args.fold, args.tr, args.p, args.pretrained_weights,
    ~~~~~~~~~~~~^^^^^^^^^^^^^^^^^^^^^^^^^^^^^^^^^^^^^^^^^^^^^^^^^^^^^^^^^^^^^^^^^^^^^^^^^^^^^^^^^^^^^^^^^^^^^^^^^^
                 args.num_gpus, args.npz, args.c, args.val, args.disable_checkpointing, args.val_best,
                 ^^^^^^^^^^^^^^^^^^^^^^^^^^^^^^^^^^^^^^^^^^^^^^^^^^^^^^^^^^^^^^^^^^^^^^^^^^^^^^^^^^^^^
                 device=device)
                 ^^^^^^^^^^^^^^
  File "/zhome/77/2/187952/projects/spinal-fairness/.venv/lib/python3.13/site-packages/nnunetv2/run/run_training.py", line 213, in run_training
    nnunet_trainer.perform_actual_validation(export_validation_probabilities)
    ~~~~~~~~~~~~~~~~~~~~~~~~~~~~~~~~~~~~~~~~^^^^^^^^^^^^^^^^^^^^^^^^^^^^^^^^^
  File "/zhome/77/2/187952/projects/spinal-fairness/.venv/lib/python3.13/site-packages/nnunetv2/training/nnUNetTrainer/nnUNetTrainer.py", line 1407, in perform_actual_validation
    self.logger.log_summary(f"final_val/class_{label}_dice", metrics["mean"][label]["Dice"])
    ~~~~~~~~~~~~~~~~~~~~~~~^^^^^^^^^^^^^^^^^^^^^^^^^^^^^^^^^^^^^^^^^^^^^^^^^^^^^^^^^^^^^^^^^
  File "/zhome/77/2/187952/projects/spinal-fairness/.venv/lib/python3.13/site-packages/nnunetv2/training/logging/nnunet_logger.py", line 90, in log_summary
    logger.log_summary(key, value)
    ~~~~~~~~~~~~~~~~~~^^^^^^^^^^^^
  File "/zhome/77/2/187952/projects/spinal-fairness/.venv/lib/python3.13/site-packages/nnunetv2/training/logging/nnunet_logger.py", line 302, in log_summary
    self.run.summary[key] = value
    ~~~~~~~~~~~~~~~~^^^^^
  File "/zhome/77/2/187952/projects/spinal-fairness/.venv/lib/python3.13/site-packages/wandb/sdk/wandb_summary.py", line 52, in __setitem__
    self.update({key: val})
    ~~~~~~~~~~~^^^^^^^^^^^^
  File "/zhome/77/2/187952/projects/spinal-fairness/.venv/lib/python3.13/site-packages/wandb/sdk/wandb_summary.py", line 73, in update
    self._update(record)
    ~~~~~~~~~~~~^^^^^^^^
  File "/zhome/77/2/187952/projects/spinal-fairness/.venv/lib/python3.13/site-packages/wandb/sdk/wandb_summary.py", line 127, in _update
    self._update_callback(record)
    ~~~~~~~~~~~~~~~~~~~~~^^^^^^^^
  File "/zhome/77/2/187952/projects/spinal-fairness/.venv/lib/python3.13/site-packages/wandb/sdk/wandb_run.py", line 399, in wrapper
    return func(self, *args, **kwargs)
  File "/zhome/77/2/187952/projects/spinal-fairness/.venv/lib/python3.13/site-packages/wandb/sdk/wandb_run.py", line 465, in wrapper_fn
    raise UsageError(message)
wandb.errors.errors.UsageError: Run (0rqxdc7d) is finished. The call to `_summary_update_callback` will be ignored. Please make sure that you are using an active run.
