Resolved 122 packages in 3ms
Audited 119 packages in 89ms
wandb: [wandb.login()] Loaded credentials for https://api.wandb.ai from WANDB_API_KEY.
wandb: Currently logged in as: linusjunidtu (linusjunidtu-danmarks-tekniske-universitet-dtu) to https://api.wandb.ai. Use `wandb login --relogin` to force relogin
wandb: setting up run 8r15pv7x
wandb: Tracking run with wandb version 0.25.1
wandb: Run data is saved locally in /work3/s225224/nnunet/results/Dataset002_CSpineSeg_Gold/nnUNetTrainerWandB__nnUNetResEncUNetLPlans__2d/fold_3/wandb/run-20260516_020958-8r15pv7x
wandb: Run `wandb offline` to turn off syncing.
wandb: Syncing run dandy-gorge-32
wandb: ‚≠źÔłŹ View project at https://wandb.ai/linusjunidtu-danmarks-tekniske-universitet-dtu/spinal-fairness
wandb: ūüöÄ View run at https://wandb.ai/linusjunidtu-danmarks-tekniske-universitet-dtu/spinal-fairness/runs/8r15pv7x
wandb: uploading artifact checkpoint-fold3; updating run metadata
wandb: uploading artifact checkpoint-fold3
wandb: uploading artifact checkpoint-fold3; uploading output.log; uploading wandb-summary.json; uploading config.yaml
wandb: uploading artifact checkpoint-fold3
wandb: uploading artifact checkpoint-fold3; uploading history steps 999-999, summary
wandb: uploading artifact checkpoint-fold3
wandb: 
wandb: Run history:
wandb: dice_per_class_or_region/class_1 ‚ĖĀ‚ĖÉ‚ĖÜ‚Ėá‚Ėą‚Ėą‚ĖÜ‚Ėá‚Ėá‚Ėá‚Ėá‚Ėá‚ĖÜ‚Ėá‚Ėá‚Ėá‚Ėá‚ĖÜ‚Ėą‚Ėá‚Ėá‚Ėą‚Ėá‚ĖÜ‚ĖÜ‚Ėá‚Ėá‚ĖÜ‚Ėą‚Ėą‚Ėá‚Ėá‚Ėą‚Ėą‚Ėá‚Ėá‚Ėą‚Ėá‚Ėá‚Ėą
wandb: dice_per_class_or_region/class_2 ‚ĖÖ‚ĖÜ‚ĖÉ‚ĖÜ‚ĖĄ‚ĖÜ‚Ėá‚ĖĀ‚Ėā‚ĖÖ‚ĖÜ‚ĖÜ‚ĖĄ‚ĖÖ‚ĖĀ‚ĖÜ‚Ėá‚ĖÉ‚ĖÖ‚ĖÖ‚ĖÜ‚ĖÉ‚ĖÖ‚ĖÖ‚Ėá‚ĖĄ‚ĖÖ‚Ėá‚Ėá‚ĖÜ‚ĖÉ‚Ėá‚ĖÖ‚Ėą‚ĖĄ‚ĖÖ‚Ėá‚ĖÜ‚ĖÉ‚ĖÜ
wandb:                      ema_fg_dice ‚ĖĀ‚ĖÖ‚Ėą‚Ėą‚Ėą‚Ėą‚Ėą‚Ėą‚Ėą‚Ėą‚Ėą‚Ėą‚Ėą‚Ėą‚Ėą‚Ėą‚Ėą‚Ėą‚Ėą‚Ėą‚Ėą‚Ėą‚Ėą‚Ėą‚Ėą‚Ėą‚Ėą‚Ėą‚Ėą‚Ėą‚Ėą‚Ėą‚Ėą‚Ėą‚Ėą‚Ėą‚Ėą‚Ėą‚Ėą‚Ėą
wandb:                 epoch_duration_s ‚ĖÜ‚Ėá‚Ėą‚Ėá‚Ėą‚ĖÜ‚ĖĀ‚ĖĀ‚ĖĀ‚ĖĀ‚Ėā‚ĖĀ‚ĖĀ‚ĖÖ‚ĖÉ‚ĖĀ‚ĖĀ‚ĖĀ‚ĖĀ‚ĖĀ‚ĖĀ‚Ėā‚Ėā‚ĖĀ‚ĖĀ‚ĖĀ‚ĖĀ‚Ėā‚ĖĀ‚Ėā‚ĖĀ‚ĖĀ‚ĖĀ‚ĖĀ‚ĖĀ‚ĖĀ‚ĖĀ‚ĖĀ‚ĖĀ‚Ėā
wandb:             epoch_end_timestamps ‚ĖĀ‚ĖĀ‚ĖĀ‚ĖĀ‚ĖĀ‚Ėā‚Ėā‚Ėā‚ĖÉ‚ĖÉ‚ĖÉ‚ĖÉ‚ĖÉ‚ĖĄ‚ĖĄ‚ĖÖ‚ĖÖ‚ĖÖ‚ĖÖ‚ĖÖ‚ĖÖ‚ĖÜ‚ĖÜ‚ĖÜ‚ĖÜ‚ĖÜ‚ĖÜ‚ĖÜ‚ĖÜ‚ĖÜ‚Ėá‚Ėá‚Ėá‚Ėá‚Ėá‚Ėá‚Ėą‚Ėą‚Ėą‚Ėą
wandb:           epoch_start_timestamps ‚ĖĀ‚ĖĀ‚ĖĀ‚ĖĀ‚Ėā‚Ėā‚Ėā‚Ėā‚Ėā‚Ėā‚ĖÉ‚ĖÉ‚ĖÉ‚ĖÉ‚ĖÉ‚ĖÉ‚ĖÉ‚ĖÉ‚ĖÉ‚ĖÉ‚ĖĄ‚ĖĄ‚ĖĄ‚ĖĄ‚ĖĄ‚ĖĄ‚ĖĄ‚ĖĄ‚ĖÖ‚ĖÖ‚ĖÖ‚ĖÜ‚ĖÜ‚ĖÜ‚Ėá‚Ėá‚Ėá‚Ėą‚Ėą‚Ėą
wandb:                              lrs ‚Ėą‚Ėą‚Ėą‚Ėą‚Ėá‚Ėá‚Ėá‚ĖÜ‚ĖÜ‚ĖÜ‚ĖÜ‚ĖÜ‚ĖÜ‚ĖÜ‚ĖÜ‚ĖÖ‚ĖÖ‚ĖÖ‚ĖÖ‚ĖÖ‚ĖÖ‚ĖĄ‚ĖĄ‚ĖĄ‚ĖĄ‚ĖĄ‚ĖÉ‚ĖÉ‚ĖÉ‚ĖÉ‚ĖÉ‚Ėā‚Ėā‚Ėā‚Ėā‚ĖĀ‚ĖĀ‚ĖĀ‚ĖĀ‚ĖĀ
wandb:                     mean_fg_dice ‚ĖĀ‚ĖÜ‚ĖÜ‚Ėá‚ĖÜ‚Ėá‚ĖÜ‚ĖÜ‚ĖÜ‚ĖÜ‚ĖÜ‚Ėá‚Ėá‚ĖÜ‚ĖÖ‚Ėá‚ĖÜ‚ĖÜ‚Ėá‚ĖÜ‚Ėá‚Ėá‚Ėá‚ĖÜ‚Ėá‚ĖÜ‚Ėá‚Ėą‚Ėá‚ĖÜ‚ĖÜ‚ĖÜ‚ĖÜ‚ĖÜ‚Ėá‚ĖÜ‚Ėá‚ĖÜ‚ĖÜ‚Ėá
wandb:                     train_losses ‚Ėą‚ĖÜ‚ĖÖ‚ĖĄ‚ĖĄ‚ĖĄ‚ĖĄ‚ĖĄ‚ĖĄ‚ĖÉ‚ĖÉ‚ĖÉ‚ĖÉ‚ĖÉ‚ĖÉ‚ĖÉ‚ĖÉ‚ĖÉ‚Ėā‚Ėā‚Ėā‚Ėā‚Ėā‚Ėā‚Ėā‚Ėā‚Ėā‚Ėā‚Ėā‚Ėā‚Ėā‚Ėā‚Ėā‚Ėā‚Ėā‚ĖĀ‚ĖĀ‚ĖĀ‚ĖĀ‚ĖĀ
wandb:                       val_losses ‚ĖÉ‚ĖÉ‚Ėā‚ĖĀ‚Ėā‚ĖÖ‚ĖÉ‚ĖÉ‚ĖÉ‚ĖÉ‚ĖĄ‚ĖÉ‚ĖĄ‚ĖÉ‚ĖĄ‚ĖÉ‚ĖĄ‚Ėā‚ĖÖ‚ĖĄ‚ĖÉ‚ĖÖ‚ĖĄ‚ĖÖ‚ĖÖ‚ĖÜ‚ĖĄ‚ĖÜ‚ĖĄ‚ĖÖ‚ĖÜ‚ĖÜ‚ĖĄ‚ĖÜ‚ĖÜ‚ĖÜ‚Ėą‚ĖÜ‚ĖÜ‚Ėá
wandb: 
wandb: Run summary:
wandb:                    current_epoch 999
wandb: dice_per_class_or_region/class_1 0.91882
wandb: dice_per_class_or_region/class_2 0.86521
wandb:                      ema_fg_dice 0.89045
wandb:                 epoch_duration_s 144.24829
wandb:             epoch_end_timestamps 1779036770.29657
wandb:           epoch_start_timestamps 1779036626.04829
wandb:                              lrs 2e-05
wandb:                     mean_fg_dice 0.89202
wandb:                     train_losses -0.97236
wandb:                               +1 ...
wandb: 
wandb: ūüöÄ View run 2d_fold3 at: https://wandb.ai/linusjunidtu-danmarks-tekniske-universitet-dtu/spinal-fairness/runs/8r15pv7x
wandb: ‚≠źÔłŹ View project at: https://wandb.ai/linusjunidtu-danmarks-tekniske-universitet-dtu/spinal-fairness
wandb: Synced 5 W&B file(s), 1000 media file(s), 2 artifact file(s) and 0 other file(s)
wandb: Find logs at: /work3/s225224/nnunet/results/Dataset002_CSpineSeg_Gold/nnUNetTrainerWandB__nnUNetResEncUNetLPlans__2d/fold_3/wandb/run-20260516_020958-8r15pv7x/logs
wandb: ERROR Run (8r15pv7x) is finished. The call to `_summary_update_callback` will be ignored. Please make sure that you are using an active run.
Traceback (most recent call last):
  File "/zhome/77/2/187952/projects/spinal-fairness/.venv/bin/nnUNetv2_train", line 10, in <module>
    sys.exit(run_training_entry())
             ~~~~~~~~~~~~~~~~~~^^
  File "/zhome/77/2/187952/projects/spinal-fairness/.venv/lib/python3.13/site-packages/nnunetv2/run/run_training.py", line 268, in run_training_entry
    run_training(args.dataset_name_or_id, args.configuration, args.fold, args.tr, args.p, args.pretrained_weights,
    ~~~~~~~~~~~~^^^^^^^^^^^^^^^^^^^^^^^^^^^^^^^^^^^^^^^^^^^^^^^^^^^^^^^^^^^^^^^^^^^^^^^^^^^^^^^^^^^^^^^^^^^^^^^^^^
                 args.num_gpus, args.npz, args.c, args.val, args.disable_checkpointing, args.val_best,
                 ^^^^^^^^^^^^^^^^^^^^^^^^^^^^^^^^^^^^^^^^^^^^^^^^^^^^^^^^^^^^^^^^^^^^^^^^^^^^^^^^^^^^^
                 device=device)
                 ^^^^^^^^^^^^^^
  File "/zhome/77/2/187952/projects/spinal-fairness/.venv/lib/python3.13/site-packages/nnunetv2/run/run_training.py", line 213, in run_training
    nnunet_trainer.perform_actual_validation(export_validation_probabilities)
    ~~~~~~~~~~~~~~~~~~~~~~~~~~~~~~~~~~~~~~~~^^^^^^^^^^^^^^^^^^^^^^^^^^^^^^^^^
  File "/zhome/77/2/187952/projects/spinal-fairness/.venv/lib/python3.13/site-packages/nnunetv2/training/nnUNetTrainer/nnUNetTrainer.py", line 1407, in perform_actual_validation
    self.logger.log_summary(f"final_val/class_{label}_dice", metrics["mean"][label]["Dice"])
    ~~~~~~~~~~~~~~~~~~~~~~~^^^^^^^^^^^^^^^^^^^^^^^^^^^^^^^^^^^^^^^^^^^^^^^^^^^^^^^^^^^^^^^^^
  File "/zhome/77/2/187952/projects/spinal-fairness/.venv/lib/python3.13/site-packages/nnunetv2/training/logging/nnunet_logger.py", line 90, in log_summary
    logger.log_summary(key, value)
    ~~~~~~~~~~~~~~~~~~^^^^^^^^^^^^
  File "/zhome/77/2/187952/projects/spinal-fairness/.venv/lib/python3.13/site-packages/nnunetv2/training/logging/nnunet_logger.py", line 302, in log_summary
    self.run.summary[key] = value
    ~~~~~~~~~~~~~~~~^^^^^
  File "/zhome/77/2/187952/projects/spinal-fairness/.venv/lib/python3.13/site-packages/wandb/sdk/wandb_summary.py", line 52, in __setitem__
    self.update({key: val})
    ~~~~~~~~~~~^^^^^^^^^^^^
  File "/zhome/77/2/187952/projects/spinal-fairness/.venv/lib/python3.13/site-packages/wandb/sdk/wandb_summary.py", line 73, in update
    self._update(record)
    ~~~~~~~~~~~~^^^^^^^^
  File "/zhome/77/2/187952/projects/spinal-fairness/.venv/lib/python3.13/site-packages/wandb/sdk/wandb_summary.py", line 127, in _update
    self._update_callback(record)
    ~~~~~~~~~~~~~~~~~~~~~^^^^^^^^
  File "/zhome/77/2/187952/projects/spinal-fairness/.venv/lib/python3.13/site-packages/wandb/sdk/wandb_run.py", line 399, in wrapper
    return func(self, *args, **kwargs)
  File "/zhome/77/2/187952/projects/spinal-fairness/.venv/lib/python3.13/site-packages/wandb/sdk/wandb_run.py", line 465, in wrapper_fn
    raise UsageError(message)
wandb.errors.errors.UsageError: Run (8r15pv7x) is finished. The call to `_summary_update_callback` will be ignored. Please make sure that you are using an active run.
