Installed custom trainer to /zhome/77/2/187952/projects/spinal-fairness/.venv/lib/python3.13/site-packages/nnunetv2/training/nnUNetTrainer/variants/training_length/nnUNetTrainerWandB.py
=== Training: dataset=2 config=2d fold=3 plans=nnUNetResEncUNetLPlans trainer=nnUNetTrainerWandB ===
Using device: cuda:0

#######################################################################
Please cite the following paper when using nnU-Net:
Isensee, F., Jaeger, P. F., Kohl, S. A., Petersen, J., & Maier-Hein, K. H. (2021). nnU-Net: a self-configuring method for deep learning-based biomedical image segmentation. Nature methods, 18(2), 203-211.
#######################################################################

2026-05-16 02:10:05.337076: Using torch.compile...
2026-05-16 02:10:12.619309: do_dummy_2d_data_aug: False
2026-05-16 02:10:12.654603: Using splits from existing split file: /work3/s225224/nnunet/preprocessed/Dataset002_CSpineSeg_Gold/splits_final.json
2026-05-16 02:10:12.665959: The split file contains 5 splits.
2026-05-16 02:10:12.669748: Desired fold for training: 3
2026-05-16 02:10:12.672876: This split has 266 training and 66 validation cases.
using pin_memory on device 0
using pin_memory on device 0

This is the configuration used by this training:
Configuration name: 2d
 {'data_identifier': 'nnUNetPlans_2d', 'preprocessor_name': 'DefaultPreprocessor', 'batch_size': 35, 'patch_size': [512, 512], 'median_image_size_in_voxels': [512.0, 512.0], 'spacing': [0.42969998717308044, 0.42969998717308044], 'normalization_schemes': ['ZScoreNormalization'], 'use_mask_for_norm': [False], 'resampling_fn_data': 'resample_data_or_seg_to_shape', 'resampling_fn_seg': 'resample_data_or_seg_to_shape', 'resampling_fn_data_kwargs': {'is_seg': False, 'order': 3, 'order_z': 0, 'force_separate_z': None}, 'resampling_fn_seg_kwargs': {'is_seg': True, 'order': 1, 'order_z': 0, 'force_separate_z': None}, 'resampling_fn_probabilities': 'resample_data_or_seg_to_shape', 'resampling_fn_probabilities_kwargs': {'is_seg': False, 'order': 1, 'order_z': 0, 'force_separate_z': None}, 'architecture': {'network_class_name': 'dynamic_network_architectures.architectures.unet.ResidualEncoderUNet', 'arch_kwargs': {'n_stages': 8, 'features_per_stage': [32, 64, 128, 256, 512, 512, 512, 512], 'conv_op': 'torch.nn.modules.conv.Conv2d', 'kernel_sizes': [[3, 3], [3, 3], [3, 3], [3, 3], [3, 3], [3, 3], [3, 3], [3, 3]], 'strides': [[1, 1], [2, 2], [2, 2], [2, 2], [2, 2], [2, 2], [2, 2], [2, 2]], 'n_blocks_per_stage': [1, 3, 4, 6, 6, 6, 6, 6], 'n_conv_per_stage_decoder': [1, 1, 1, 1, 1, 1, 1], 'conv_bias': True, 'norm_op': 'torch.nn.modules.instancenorm.InstanceNorm2d', 'norm_op_kwargs': {'eps': 1e-05, 'affine': True}, 'dropout_op': None, 'dropout_op_kwargs': None, 'nonlin': 'torch.nn.LeakyReLU', 'nonlin_kwargs': {'inplace': True}}, '_kw_requires_import': ['conv_op', 'norm_op', 'dropout_op', 'nonlin']}, 'batch_dice': True} 

These are the global plan.json settings:
 {'dataset_name': 'Dataset002_CSpineSeg_Gold', 'plans_name': 'nnUNetResEncUNetLPlans', 'original_median_spacing_after_transp': [3.990000009536743, 0.42969998717308044, 0.42969998717308044], 'original_median_shape_after_transp': [15, 512, 512], 'image_reader_writer': 'SimpleITKIO', 'transpose_forward': [0, 1, 2], 'transpose_backward': [0, 1, 2], 'experiment_planner_used': 'nnUNetPlannerResEncL', 'label_manager': 'LabelManager', 'foreground_intensity_properties_per_channel': {'0': {'max': 2166.0, 'mean': 217.96363830566406, 'median': 179.0, 'min': 0.0, 'percentile_00_5': 0.0, 'percentile_99_5': 796.0, 'std': 164.21121215820312}}} 

2026-05-16 02:10:15.117547: Unable to plot network architecture: nnUNet_compile is enabled!
2026-05-16 02:10:15.148024: 
2026-05-16 02:10:15.155224: Epoch 0
2026-05-16 02:10:15.159714: Current learning rate: 0.01
2026-05-16 02:13:27.710170: train_loss 0.1715
2026-05-16 02:13:27.722588: val_loss 0.0669
2026-05-16 02:13:27.724488: Pseudo dice [np.float32(0.0), np.float32(0.0)]
2026-05-16 02:13:27.726116: Epoch time: 192.57 s
2026-05-16 02:13:27.728081: Yayy! New best EMA pseudo Dice: 0.0
2026-05-16 02:13:30.775746: 
2026-05-16 02:13:30.792764: Epoch 1
2026-05-16 02:13:30.803745: Current learning rate: 0.00999
2026-05-16 02:15:58.663464: train_loss -0.1218
2026-05-16 02:15:58.666172: val_loss -0.477
2026-05-16 02:15:58.668079: Pseudo dice [np.float32(0.7493), np.float32(0.0)]
2026-05-16 02:15:58.669777: Epoch time: 147.89 s
2026-05-16 02:15:58.671113: Yayy! New best EMA pseudo Dice: 0.03750000149011612
2026-05-16 02:16:01.274235: 
2026-05-16 02:16:01.292597: Epoch 2
2026-05-16 02:16:01.311986: Current learning rate: 0.00998
2026-05-16 02:18:29.150502: train_loss -0.6478
2026-05-16 02:18:29.153748: val_loss -0.7886
2026-05-16 02:18:29.167057: Pseudo dice [np.float32(0.867), np.float32(0.8181)]
2026-05-16 02:18:29.185379: Epoch time: 147.88 s
2026-05-16 02:18:29.196955: Yayy! New best EMA pseudo Dice: 0.11800000071525574
2026-05-16 02:18:31.789172: 
2026-05-16 02:18:31.790954: Epoch 3
2026-05-16 02:18:31.792405: Current learning rate: 0.00997
2026-05-16 02:21:00.171144: train_loss -0.7926
2026-05-16 02:21:00.173890: val_loss -0.823
2026-05-16 02:21:00.175463: Pseudo dice [np.float32(0.8884), np.float32(0.8409)]
2026-05-16 02:21:00.176882: Epoch time: 148.39 s
2026-05-16 02:21:00.178179: Yayy! New best EMA pseudo Dice: 0.19259999692440033
2026-05-16 02:21:02.789386: 
2026-05-16 02:21:02.791306: Epoch 4
2026-05-16 02:21:02.793052: Current learning rate: 0.00996
2026-05-16 02:23:30.254506: train_loss -0.8158
2026-05-16 02:23:30.257753: val_loss -0.8318
2026-05-16 02:23:30.259439: Pseudo dice [np.float32(0.8945), np.float32(0.8471)]
2026-05-16 02:23:30.261251: Epoch time: 147.47 s
2026-05-16 02:23:30.262868: Yayy! New best EMA pseudo Dice: 0.2605000138282776
2026-05-16 02:23:32.881618: 
2026-05-16 02:23:32.893250: Epoch 5
2026-05-16 02:23:32.907819: Current learning rate: 0.00995
2026-05-16 02:26:00.997022: train_loss -0.8277
2026-05-16 02:26:01.004359: val_loss -0.8303
2026-05-16 02:26:01.011504: Pseudo dice [np.float32(0.8931), np.float32(0.8446)]
2026-05-16 02:26:01.015968: Epoch time: 148.12 s
2026-05-16 02:26:01.017434: Yayy! New best EMA pseudo Dice: 0.3212999999523163
2026-05-16 02:26:03.581789: 
2026-05-16 02:26:03.583703: Epoch 6
2026-05-16 02:26:03.585259: Current learning rate: 0.00995
2026-05-16 02:28:31.998702: train_loss -0.8366
2026-05-16 02:28:32.001335: val_loss -0.8444
2026-05-16 02:28:32.002712: Pseudo dice [np.float32(0.8999), np.float32(0.8562)]
2026-05-16 02:28:32.004059: Epoch time: 148.42 s
2026-05-16 02:28:32.005183: Yayy! New best EMA pseudo Dice: 0.37700000405311584
2026-05-16 02:28:35.142510: 
2026-05-16 02:28:35.164975: Epoch 7
2026-05-16 02:28:35.177598: Current learning rate: 0.00994
2026-05-16 02:31:03.236200: train_loss -0.8428
2026-05-16 02:31:03.240641: val_loss -0.8443
2026-05-16 02:31:03.243499: Pseudo dice [np.float32(0.9034), np.float32(0.854)]
2026-05-16 02:31:03.249926: Epoch time: 148.1 s
2026-05-16 02:31:03.262934: Yayy! New best EMA pseudo Dice: 0.4271000027656555
2026-05-16 02:31:05.906994: 
2026-05-16 02:31:05.909214: Epoch 8
2026-05-16 02:31:05.911705: Current learning rate: 0.00993
2026-05-16 02:33:33.717120: train_loss -0.8457
2026-05-16 02:33:33.720164: val_loss -0.8471
2026-05-16 02:33:33.722002: Pseudo dice [np.float32(0.9044), np.float32(0.8552)]
2026-05-16 02:33:33.723409: Epoch time: 147.81 s
2026-05-16 02:33:33.724747: Yayy! New best EMA pseudo Dice: 0.4724000096321106
2026-05-16 02:33:36.321925: 
2026-05-16 02:33:36.323393: Epoch 9
2026-05-16 02:33:36.324856: Current learning rate: 0.00992
2026-05-16 02:36:04.109931: train_loss -0.8501
2026-05-16 02:36:04.112597: val_loss -0.8519
2026-05-16 02:36:04.114153: Pseudo dice [np.float32(0.9082), np.float32(0.8589)]
2026-05-16 02:36:04.115656: Epoch time: 147.79 s
2026-05-16 02:36:04.117347: Yayy! New best EMA pseudo Dice: 0.5134999752044678
2026-05-16 02:36:06.676479: 
2026-05-16 02:36:06.693606: Epoch 10
2026-05-16 02:36:06.710714: Current learning rate: 0.00991
2026-05-16 02:38:35.079779: train_loss -0.8523
2026-05-16 02:38:35.083311: val_loss -0.8505
2026-05-16 02:38:35.089575: Pseudo dice [np.float32(0.9092), np.float32(0.8558)]
2026-05-16 02:38:35.097608: Epoch time: 148.41 s
2026-05-16 02:38:35.112109: Yayy! New best EMA pseudo Dice: 0.5504000186920166
2026-05-16 02:38:37.705460: 
2026-05-16 02:38:37.707290: Epoch 11
2026-05-16 02:38:37.708725: Current learning rate: 0.0099
2026-05-16 02:41:06.765845: train_loss -0.8556
2026-05-16 02:41:06.772984: val_loss -0.8552
2026-05-16 02:41:06.774900: Pseudo dice [np.float32(0.9103), np.float32(0.861)]
2026-05-16 02:41:06.776794: Epoch time: 149.06 s
2026-05-16 02:41:06.778248: Yayy! New best EMA pseudo Dice: 0.5839999914169312
2026-05-16 02:41:09.329237: 
2026-05-16 02:41:09.330810: Epoch 12
2026-05-16 02:41:09.332541: Current learning rate: 0.00989
2026-05-16 02:43:36.755158: train_loss -0.8558
2026-05-16 02:43:36.766160: val_loss -0.8535
2026-05-16 02:43:36.768544: Pseudo dice [np.float32(0.9082), np.float32(0.8614)]
2026-05-16 02:43:36.770738: Epoch time: 147.43 s
2026-05-16 02:43:36.772349: Yayy! New best EMA pseudo Dice: 0.6140000224113464
2026-05-16 02:43:39.342714: 
2026-05-16 02:43:39.347609: Epoch 13
2026-05-16 02:43:39.350343: Current learning rate: 0.00988
2026-05-16 02:46:07.379323: train_loss -0.8584
2026-05-16 02:46:07.388124: val_loss -0.8538
2026-05-16 02:46:07.391526: Pseudo dice [np.float32(0.9094), np.float32(0.862)]
2026-05-16 02:46:07.393527: Epoch time: 148.04 s
2026-05-16 02:46:07.395006: Yayy! New best EMA pseudo Dice: 0.6412000060081482
2026-05-16 02:46:09.985795: 
2026-05-16 02:46:09.989516: Epoch 14
2026-05-16 02:46:09.999426: Current learning rate: 0.00987
2026-05-16 02:48:39.332770: train_loss -0.8604
2026-05-16 02:48:39.336937: val_loss -0.8588
2026-05-16 02:48:39.339416: Pseudo dice [np.float32(0.9123), np.float32(0.8631)]
2026-05-16 02:48:39.342088: Epoch time: 149.35 s
2026-05-16 02:48:39.344414: Yayy! New best EMA pseudo Dice: 0.6658999919891357
2026-05-16 02:48:41.961887: 
2026-05-16 02:48:41.963347: Epoch 15
2026-05-16 02:48:41.964596: Current learning rate: 0.00986
2026-05-16 02:51:10.476816: train_loss -0.8613
2026-05-16 02:51:10.479407: val_loss -0.858
2026-05-16 02:51:10.480976: Pseudo dice [np.float32(0.9121), np.float32(0.8633)]
2026-05-16 02:51:10.482290: Epoch time: 148.52 s
2026-05-16 02:51:10.483413: Yayy! New best EMA pseudo Dice: 0.6880000233650208
2026-05-16 02:51:13.079294: 
2026-05-16 02:51:13.081715: Epoch 16
2026-05-16 02:51:13.083338: Current learning rate: 0.00986
2026-05-16 02:53:41.957069: train_loss -0.8626
2026-05-16 02:53:41.959576: val_loss -0.8523
2026-05-16 02:53:41.961113: Pseudo dice [np.float32(0.9081), np.float32(0.8596)]
2026-05-16 02:53:41.962578: Epoch time: 148.88 s
2026-05-16 02:53:41.963982: Yayy! New best EMA pseudo Dice: 0.7075999975204468
2026-05-16 02:53:44.577104: 
2026-05-16 02:53:44.579618: Epoch 17
2026-05-16 02:53:44.593149: Current learning rate: 0.00985
2026-05-16 02:56:13.935580: train_loss -0.8637
2026-05-16 02:56:13.949153: val_loss -0.8538
2026-05-16 02:56:13.954103: Pseudo dice [np.float32(0.9079), np.float32(0.8625)]
2026-05-16 02:56:13.955997: Epoch time: 149.36 s
2026-05-16 02:56:13.957320: Yayy! New best EMA pseudo Dice: 0.7253999710083008
2026-05-16 02:56:16.716429: 
2026-05-16 02:56:16.717906: Epoch 18
2026-05-16 02:56:16.719025: Current learning rate: 0.00984
2026-05-16 02:58:46.701312: train_loss -0.8659
2026-05-16 02:58:46.704084: val_loss -0.851
2026-05-16 02:58:46.705589: Pseudo dice [np.float32(0.9068), np.float32(0.8586)]
2026-05-16 02:58:46.707120: Epoch time: 149.99 s
2026-05-16 02:58:46.708560: Yayy! New best EMA pseudo Dice: 0.741100013256073
2026-05-16 02:58:49.309925: 
2026-05-16 02:58:49.311586: Epoch 19
2026-05-16 02:58:49.313082: Current learning rate: 0.00983
2026-05-16 03:01:17.409226: train_loss -0.868
2026-05-16 03:01:17.418154: val_loss -0.8557
2026-05-16 03:01:17.419995: Pseudo dice [np.float32(0.9114), np.float32(0.8612)]
2026-05-16 03:01:17.421740: Epoch time: 148.1 s
2026-05-16 03:01:17.423123: Yayy! New best EMA pseudo Dice: 0.7555999755859375
2026-05-16 03:01:20.035005: 
2026-05-16 03:01:20.036598: Epoch 20
2026-05-16 03:01:20.038014: Current learning rate: 0.00982
2026-05-16 03:03:48.736720: train_loss -0.8683
2026-05-16 03:03:48.746300: val_loss -0.8574
2026-05-16 03:03:48.750710: Pseudo dice [np.float32(0.9108), np.float32(0.8641)]
2026-05-16 03:03:48.756855: Epoch time: 148.71 s
2026-05-16 03:03:48.762231: Yayy! New best EMA pseudo Dice: 0.7688000202178955
2026-05-16 03:03:51.363957: 
2026-05-16 03:03:51.365761: Epoch 21
2026-05-16 03:03:51.367482: Current learning rate: 0.00981
2026-05-16 03:06:19.895545: train_loss -0.8717
2026-05-16 03:06:19.898710: val_loss -0.8556
2026-05-16 03:06:19.901287: Pseudo dice [np.float32(0.9105), np.float32(0.862)]
2026-05-16 03:06:19.902862: Epoch time: 148.54 s
2026-05-16 03:06:19.904430: Yayy! New best EMA pseudo Dice: 0.7806000113487244
2026-05-16 03:06:22.510093: 
2026-05-16 03:06:22.511922: Epoch 22
2026-05-16 03:06:22.513430: Current learning rate: 0.0098
2026-05-16 03:08:51.199063: train_loss -0.8711
2026-05-16 03:08:51.212466: val_loss -0.8609
2026-05-16 03:08:51.219618: Pseudo dice [np.float32(0.9147), np.float32(0.8654)]
2026-05-16 03:08:51.225957: Epoch time: 148.69 s
2026-05-16 03:08:51.232343: Yayy! New best EMA pseudo Dice: 0.7914999723434448
2026-05-16 03:08:53.850623: 
2026-05-16 03:08:53.852033: Epoch 23
2026-05-16 03:08:53.853374: Current learning rate: 0.00979
2026-05-16 03:11:21.801402: train_loss -0.8728
2026-05-16 03:11:21.804364: val_loss -0.8624
2026-05-16 03:11:21.805842: Pseudo dice [np.float32(0.9153), np.float32(0.866)]
2026-05-16 03:11:21.807244: Epoch time: 147.96 s
2026-05-16 03:11:21.808640: Yayy! New best EMA pseudo Dice: 0.8014000058174133
2026-05-16 03:11:24.347142: 
2026-05-16 03:11:24.352650: Epoch 24
2026-05-16 03:11:24.354393: Current learning rate: 0.00978
2026-05-16 03:13:52.637099: train_loss -0.8739
2026-05-16 03:13:52.639788: val_loss -0.8591
2026-05-16 03:13:52.641278: Pseudo dice [np.float32(0.9138), np.float32(0.8639)]
2026-05-16 03:13:52.642799: Epoch time: 148.29 s
2026-05-16 03:13:52.643952: Yayy! New best EMA pseudo Dice: 0.8101999759674072
2026-05-16 03:13:55.993154: 
2026-05-16 03:13:55.994704: Epoch 25
2026-05-16 03:13:55.996246: Current learning rate: 0.00977
2026-05-16 03:16:24.478796: train_loss -0.8726
2026-05-16 03:16:24.511006: val_loss -0.8574
2026-05-16 03:16:24.537663: Pseudo dice [np.float32(0.9134), np.float32(0.8611)]
2026-05-16 03:16:24.552979: Epoch time: 148.49 s
2026-05-16 03:16:24.559041: Yayy! New best EMA pseudo Dice: 0.8179000020027161
2026-05-16 03:16:27.165397: 
2026-05-16 03:16:27.166977: Epoch 26
2026-05-16 03:16:27.168443: Current learning rate: 0.00977
2026-05-16 03:18:55.259379: train_loss -0.875
2026-05-16 03:18:55.263868: val_loss -0.8594
2026-05-16 03:18:55.273190: Pseudo dice [np.float32(0.9143), np.float32(0.8638)]
2026-05-16 03:18:55.280090: Epoch time: 148.1 s
2026-05-16 03:18:55.287862: Yayy! New best EMA pseudo Dice: 0.824999988079071
2026-05-16 03:18:57.848142: 
2026-05-16 03:18:57.849688: Epoch 27
2026-05-16 03:18:57.851108: Current learning rate: 0.00976
2026-05-16 03:21:26.499769: train_loss -0.8761
2026-05-16 03:21:26.510493: val_loss -0.862
2026-05-16 03:21:26.513077: Pseudo dice [np.float32(0.9152), np.float32(0.8651)]
2026-05-16 03:21:26.514655: Epoch time: 148.66 s
2026-05-16 03:21:26.516378: Yayy! New best EMA pseudo Dice: 0.8314999938011169
2026-05-16 03:21:29.079425: 
2026-05-16 03:21:29.081271: Epoch 28
2026-05-16 03:21:29.082733: Current learning rate: 0.00975
2026-05-16 03:23:57.107711: train_loss -0.8796
2026-05-16 03:23:57.131253: val_loss -0.8561
2026-05-16 03:23:57.139596: Pseudo dice [np.float32(0.911), np.float32(0.862)]
2026-05-16 03:23:57.141696: Epoch time: 148.03 s
2026-05-16 03:23:57.143160: Yayy! New best EMA pseudo Dice: 0.8370000123977661
2026-05-16 03:23:59.768107: 
2026-05-16 03:23:59.776746: Epoch 29
2026-05-16 03:23:59.779482: Current learning rate: 0.00974
2026-05-16 03:26:28.184139: train_loss -0.8787
2026-05-16 03:26:28.201238: val_loss -0.8618
2026-05-16 03:26:28.212533: Pseudo dice [np.float32(0.9157), np.float32(0.8644)]
2026-05-16 03:26:28.223186: Epoch time: 148.42 s
2026-05-16 03:26:28.238421: Yayy! New best EMA pseudo Dice: 0.8422999978065491
2026-05-16 03:26:30.815018: 
2026-05-16 03:26:30.816620: Epoch 30
2026-05-16 03:26:30.817887: Current learning rate: 0.00973
2026-05-16 03:28:58.770979: train_loss -0.8775
2026-05-16 03:28:58.774292: val_loss -0.8573
2026-05-16 03:28:58.776334: Pseudo dice [np.float32(0.9119), np.float32(0.8626)]
2026-05-16 03:28:58.779768: Epoch time: 147.96 s
2026-05-16 03:28:58.785517: Yayy! New best EMA pseudo Dice: 0.8468000292778015
2026-05-16 03:29:01.338156: 
2026-05-16 03:29:01.339430: Epoch 31
2026-05-16 03:29:01.340569: Current learning rate: 0.00972
2026-05-16 03:31:29.450132: train_loss -0.8791
2026-05-16 03:31:29.453010: val_loss -0.8645
2026-05-16 03:31:29.454530: Pseudo dice [np.float32(0.9173), np.float32(0.8676)]
2026-05-16 03:31:29.458720: Epoch time: 148.12 s
2026-05-16 03:31:29.467295: Yayy! New best EMA pseudo Dice: 0.8514000177383423
2026-05-16 03:31:32.058446: 
2026-05-16 03:31:32.059777: Epoch 32
2026-05-16 03:31:32.060886: Current learning rate: 0.00971
2026-05-16 03:34:00.557460: train_loss -0.8814
2026-05-16 03:34:00.573545: val_loss -0.8566
2026-05-16 03:34:00.577845: Pseudo dice [np.float32(0.9106), np.float32(0.8632)]
2026-05-16 03:34:00.579701: Epoch time: 148.5 s
2026-05-16 03:34:00.581921: Yayy! New best EMA pseudo Dice: 0.8549000024795532
2026-05-16 03:34:03.149630: 
2026-05-16 03:34:03.152192: Epoch 33
2026-05-16 03:34:03.153875: Current learning rate: 0.0097
2026-05-16 03:36:32.488872: train_loss -0.8815
2026-05-16 03:36:32.504711: val_loss -0.8542
2026-05-16 03:36:32.514266: Pseudo dice [np.float32(0.909), np.float32(0.8607)]
2026-05-16 03:36:32.517112: Epoch time: 149.34 s
2026-05-16 03:36:32.519474: Yayy! New best EMA pseudo Dice: 0.8579000234603882
2026-05-16 03:36:35.124661: 
2026-05-16 03:36:35.126699: Epoch 34
2026-05-16 03:36:35.128106: Current learning rate: 0.00969
2026-05-16 03:39:03.519623: train_loss -0.8811
2026-05-16 03:39:03.529337: val_loss -0.8613
2026-05-16 03:39:03.540316: Pseudo dice [np.float32(0.9156), np.float32(0.8644)]
2026-05-16 03:39:03.545164: Epoch time: 148.4 s
2026-05-16 03:39:03.548863: Yayy! New best EMA pseudo Dice: 0.8611000180244446
2026-05-16 03:39:06.182424: 
2026-05-16 03:39:06.184815: Epoch 35
2026-05-16 03:39:06.187484: Current learning rate: 0.00968
2026-05-16 03:41:34.513438: train_loss -0.8826
2026-05-16 03:41:34.515905: val_loss -0.8537
2026-05-16 03:41:34.517303: Pseudo dice [np.float32(0.9086), np.float32(0.8598)]
2026-05-16 03:41:34.518762: Epoch time: 148.34 s
2026-05-16 03:41:34.519905: Yayy! New best EMA pseudo Dice: 0.8633999824523926
2026-05-16 03:41:37.120461: 
2026-05-16 03:41:37.127004: Epoch 36
2026-05-16 03:41:37.128374: Current learning rate: 0.00968
2026-05-16 03:44:05.349798: train_loss -0.8825
2026-05-16 03:44:05.352780: val_loss -0.8619
2026-05-16 03:44:05.354397: Pseudo dice [np.float32(0.9146), np.float32(0.8644)]
2026-05-16 03:44:05.355828: Epoch time: 148.23 s
2026-05-16 03:44:05.357141: Yayy! New best EMA pseudo Dice: 0.8659999966621399
2026-05-16 03:44:07.958692: 
2026-05-16 03:44:07.965974: Epoch 37
2026-05-16 03:44:07.973288: Current learning rate: 0.00967
2026-05-16 03:46:36.774943: train_loss -0.8814
2026-05-16 03:46:36.777605: val_loss -0.8586
2026-05-16 03:46:36.779075: Pseudo dice [np.float32(0.9127), np.float32(0.8633)]
2026-05-16 03:46:36.780644: Epoch time: 148.82 s
2026-05-16 03:46:36.781974: Yayy! New best EMA pseudo Dice: 0.8682000041007996
2026-05-16 03:46:39.406975: 
2026-05-16 03:46:39.408805: Epoch 38
2026-05-16 03:46:39.410596: Current learning rate: 0.00966
2026-05-16 03:49:07.723838: train_loss -0.8819
2026-05-16 03:49:07.736500: val_loss -0.8585
2026-05-16 03:49:07.746033: Pseudo dice [np.float32(0.9133), np.float32(0.8616)]
2026-05-16 03:49:07.756020: Epoch time: 148.32 s
2026-05-16 03:49:07.762037: Yayy! New best EMA pseudo Dice: 0.870199978351593
2026-05-16 03:49:10.316361: 
2026-05-16 03:49:10.323828: Epoch 39
2026-05-16 03:49:10.328690: Current learning rate: 0.00965
2026-05-16 03:51:39.271814: train_loss -0.8836
2026-05-16 03:51:39.282622: val_loss -0.8621
2026-05-16 03:51:39.284956: Pseudo dice [np.float32(0.916), np.float32(0.8624)]
2026-05-16 03:51:39.286799: Epoch time: 148.96 s
2026-05-16 03:51:39.288303: Yayy! New best EMA pseudo Dice: 0.8720999956130981
2026-05-16 03:51:41.940011: 
2026-05-16 03:51:41.949013: Epoch 40
2026-05-16 03:51:41.956932: Current learning rate: 0.00964
2026-05-16 03:54:10.358000: train_loss -0.8866
2026-05-16 03:54:10.363526: val_loss -0.8602
2026-05-16 03:54:10.365592: Pseudo dice [np.float32(0.9143), np.float32(0.8634)]
2026-05-16 03:54:10.368132: Epoch time: 148.42 s
2026-05-16 03:54:10.370757: Yayy! New best EMA pseudo Dice: 0.8737000226974487
2026-05-16 03:54:12.978106: 
2026-05-16 03:54:12.980104: Epoch 41
2026-05-16 03:54:12.981842: Current learning rate: 0.00963
2026-05-16 03:56:42.806304: train_loss -0.887
2026-05-16 03:56:42.824452: val_loss -0.856
2026-05-16 03:56:42.832816: Pseudo dice [np.float32(0.9102), np.float32(0.8604)]
2026-05-16 03:56:42.840308: Epoch time: 149.83 s
2026-05-16 03:56:42.849491: Yayy! New best EMA pseudo Dice: 0.8748999834060669
2026-05-16 03:56:45.466868: 
2026-05-16 03:56:45.468897: Epoch 42
2026-05-16 03:56:45.470376: Current learning rate: 0.00962
2026-05-16 03:59:14.304076: train_loss -0.8875
2026-05-16 03:59:14.320447: val_loss -0.855
2026-05-16 03:59:14.330007: Pseudo dice [np.float32(0.911), np.float32(0.8592)]
2026-05-16 03:59:14.332626: Epoch time: 148.84 s
2026-05-16 03:59:14.335348: Yayy! New best EMA pseudo Dice: 0.8758999705314636
2026-05-16 03:59:16.909078: 
2026-05-16 03:59:16.910962: Epoch 43
2026-05-16 03:59:16.912687: Current learning rate: 0.00961
2026-05-16 04:01:44.676608: train_loss -0.8886
2026-05-16 04:01:44.680081: val_loss -0.8556
2026-05-16 04:01:44.682087: Pseudo dice [np.float32(0.9117), np.float32(0.8596)]
2026-05-16 04:01:44.683819: Epoch time: 147.77 s
2026-05-16 04:01:44.685142: Yayy! New best EMA pseudo Dice: 0.8769000172615051
2026-05-16 04:01:47.954326: 
2026-05-16 04:01:47.964148: Epoch 44
2026-05-16 04:01:47.971764: Current learning rate: 0.0096
2026-05-16 04:04:16.166897: train_loss -0.8891
2026-05-16 04:04:16.169693: val_loss -0.8586
2026-05-16 04:04:16.171292: Pseudo dice [np.float32(0.9156), np.float32(0.8582)]
2026-05-16 04:04:16.172793: Epoch time: 148.22 s
2026-05-16 04:04:16.174411: Yayy! New best EMA pseudo Dice: 0.8779000043869019
2026-05-16 04:04:18.774749: 
2026-05-16 04:04:18.784258: Epoch 45
2026-05-16 04:04:18.792318: Current learning rate: 0.00959
2026-05-16 04:06:47.181867: train_loss -0.8893
2026-05-16 04:06:47.189107: val_loss -0.8545
2026-05-16 04:06:47.191658: Pseudo dice [np.float32(0.9108), np.float32(0.8607)]
2026-05-16 04:06:47.193959: Epoch time: 148.41 s
2026-05-16 04:06:47.200976: Yayy! New best EMA pseudo Dice: 0.8787000179290771
2026-05-16 04:06:49.809606: 
2026-05-16 04:06:49.811406: Epoch 46
2026-05-16 04:06:49.812888: Current learning rate: 0.00959
2026-05-16 04:09:17.982710: train_loss -0.8885
2026-05-16 04:09:17.985994: val_loss -0.8618
2026-05-16 04:09:17.987912: Pseudo dice [np.float32(0.9154), np.float32(0.8667)]
2026-05-16 04:09:17.989752: Epoch time: 148.18 s
2026-05-16 04:09:17.998531: Yayy! New best EMA pseudo Dice: 0.8798999786376953
2026-05-16 04:09:20.572906: 
2026-05-16 04:09:20.574885: Epoch 47
2026-05-16 04:09:20.576874: Current learning rate: 0.00958
2026-05-16 04:11:49.081365: train_loss -0.8885
2026-05-16 04:11:49.099475: val_loss -0.8588
2026-05-16 04:11:49.111473: Pseudo dice [np.float32(0.9151), np.float32(0.861)]
2026-05-16 04:11:49.113295: Epoch time: 148.51 s
2026-05-16 04:11:49.114632: Yayy! New best EMA pseudo Dice: 0.8806999921798706
2026-05-16 04:11:51.675095: 
2026-05-16 04:11:51.676887: Epoch 48
2026-05-16 04:11:51.679069: Current learning rate: 0.00957
2026-05-16 04:14:19.654616: train_loss -0.8904
2026-05-16 04:14:19.657544: val_loss -0.8578
2026-05-16 04:14:19.659908: Pseudo dice [np.float32(0.9126), np.float32(0.8617)]
2026-05-16 04:14:19.661730: Epoch time: 147.98 s
2026-05-16 04:14:19.663294: Yayy! New best EMA pseudo Dice: 0.8813999891281128
2026-05-16 04:14:22.219518: 
2026-05-16 04:14:22.221281: Epoch 49
2026-05-16 04:14:22.222821: Current learning rate: 0.00956
2026-05-16 04:16:51.133301: train_loss -0.8905
2026-05-16 04:16:51.137267: val_loss -0.862
2026-05-16 04:16:51.139201: Pseudo dice [np.float32(0.9151), np.float32(0.8658)]
2026-05-16 04:16:51.140961: Epoch time: 148.92 s
2026-05-16 04:16:52.399203: Yayy! New best EMA pseudo Dice: 0.8823000192642212
2026-05-16 04:16:54.996873: 
2026-05-16 04:16:54.998475: Epoch 50
2026-05-16 04:16:55.000133: Current learning rate: 0.00955
2026-05-16 04:19:23.050828: train_loss -0.8914
2026-05-16 04:19:23.053741: val_loss -0.8617
2026-05-16 04:19:23.055462: Pseudo dice [np.float32(0.9166), np.float32(0.8628)]
2026-05-16 04:19:23.057221: Epoch time: 148.06 s
2026-05-16 04:19:23.058683: Yayy! New best EMA pseudo Dice: 0.8830000162124634
2026-05-16 04:19:25.621460: 
2026-05-16 04:19:25.630107: Epoch 51
2026-05-16 04:19:25.641230: Current learning rate: 0.00954
2026-05-16 04:21:53.884097: train_loss -0.8926
2026-05-16 04:21:53.897273: val_loss -0.8649
2026-05-16 04:21:53.899765: Pseudo dice [np.float32(0.919), np.float32(0.8655)]
2026-05-16 04:21:53.901782: Epoch time: 148.27 s
2026-05-16 04:21:53.903220: Yayy! New best EMA pseudo Dice: 0.883899986743927
2026-05-16 04:21:56.505732: 
2026-05-16 04:21:56.514374: Epoch 52
2026-05-16 04:21:56.516321: Current learning rate: 0.00953
2026-05-16 04:24:25.095252: train_loss -0.8925
2026-05-16 04:24:25.105032: val_loss -0.859
2026-05-16 04:24:25.110811: Pseudo dice [np.float32(0.9152), np.float32(0.8626)]
2026-05-16 04:24:25.115422: Epoch time: 148.59 s
2026-05-16 04:24:25.117493: Yayy! New best EMA pseudo Dice: 0.8844000101089478
2026-05-16 04:24:27.720685: 
2026-05-16 04:24:27.723329: Epoch 53
2026-05-16 04:24:27.724765: Current learning rate: 0.00952
2026-05-16 04:26:56.467430: train_loss -0.8932
2026-05-16 04:26:56.476127: val_loss -0.8593
2026-05-16 04:26:56.481321: Pseudo dice [np.float32(0.9146), np.float32(0.8621)]
2026-05-16 04:26:56.485734: Epoch time: 148.75 s
2026-05-16 04:26:56.492743: Yayy! New best EMA pseudo Dice: 0.8848000168800354
2026-05-16 04:26:59.090086: 
2026-05-16 04:26:59.091629: Epoch 54
2026-05-16 04:26:59.093059: Current learning rate: 0.00951
2026-05-16 04:29:27.399026: train_loss -0.8925
2026-05-16 04:29:27.401904: val_loss -0.8571
2026-05-16 04:29:27.403795: Pseudo dice [np.float32(0.9127), np.float32(0.8632)]
2026-05-16 04:29:27.405446: Epoch time: 148.31 s
2026-05-16 04:29:27.407092: Yayy! New best EMA pseudo Dice: 0.8851000070571899
2026-05-16 04:29:29.998323: 
2026-05-16 04:29:29.999809: Epoch 55
2026-05-16 04:29:30.001587: Current learning rate: 0.0095
2026-05-16 04:31:59.617644: train_loss -0.894
2026-05-16 04:31:59.620332: val_loss -0.8625
2026-05-16 04:31:59.621698: Pseudo dice [np.float32(0.9164), np.float32(0.8649)]
2026-05-16 04:31:59.623131: Epoch time: 149.62 s
2026-05-16 04:31:59.624450: Yayy! New best EMA pseudo Dice: 0.885699987411499
2026-05-16 04:32:02.195956: 
2026-05-16 04:32:02.197861: Epoch 56
2026-05-16 04:32:02.199412: Current learning rate: 0.00949
2026-05-16 04:34:30.090672: train_loss -0.8932
2026-05-16 04:34:30.104019: val_loss -0.8556
2026-05-16 04:34:30.106515: Pseudo dice [np.float32(0.9136), np.float32(0.8594)]
2026-05-16 04:34:30.108877: Epoch time: 147.9 s
2026-05-16 04:34:30.111229: Yayy! New best EMA pseudo Dice: 0.8858000040054321
2026-05-16 04:34:32.691289: 
2026-05-16 04:34:32.693519: Epoch 57
2026-05-16 04:34:32.695170: Current learning rate: 0.00949
2026-05-16 04:37:00.908897: train_loss -0.8932
2026-05-16 04:37:00.911844: val_loss -0.8568
2026-05-16 04:37:00.914315: Pseudo dice [np.float32(0.9141), np.float32(0.8588)]
2026-05-16 04:37:00.924388: Epoch time: 148.22 s
2026-05-16 04:37:00.935208: Yayy! New best EMA pseudo Dice: 0.8858000040054321
2026-05-16 04:37:03.556206: 
2026-05-16 04:37:03.558351: Epoch 58
2026-05-16 04:37:03.560409: Current learning rate: 0.00948
2026-05-16 04:39:30.711913: train_loss -0.8953
2026-05-16 04:39:30.746400: val_loss -0.8531
2026-05-16 04:39:30.763986: Pseudo dice [np.float32(0.9104), np.float32(0.8583)]
2026-05-16 04:39:30.768016: Epoch time: 147.16 s
2026-05-16 04:39:32.213070: 
2026-05-16 04:39:32.214730: Epoch 59
2026-05-16 04:39:32.216271: Current learning rate: 0.00947
2026-05-16 04:41:59.795246: train_loss -0.8945
2026-05-16 04:41:59.801928: val_loss -0.8561
2026-05-16 04:41:59.805516: Pseudo dice [np.float32(0.9103), np.float32(0.8637)]
2026-05-16 04:41:59.812595: Epoch time: 147.59 s
2026-05-16 04:42:01.195350: 
2026-05-16 04:42:01.196901: Epoch 60
2026-05-16 04:42:01.203399: Current learning rate: 0.00946
2026-05-16 04:44:29.378038: train_loss -0.8969
2026-05-16 04:44:29.387828: val_loss -0.8548
2026-05-16 04:44:29.393219: Pseudo dice [np.float32(0.9121), np.float32(0.8595)]
2026-05-16 04:44:29.395547: Epoch time: 148.19 s
2026-05-16 04:44:30.773354: 
2026-05-16 04:44:30.784468: Epoch 61
2026-05-16 04:44:30.796386: Current learning rate: 0.00945
2026-05-16 04:46:54.762051: train_loss -0.8956
2026-05-16 04:46:54.764441: val_loss -0.8573
2026-05-16 04:46:54.765958: Pseudo dice [np.float32(0.9126), np.float32(0.8613)]
2026-05-16 04:46:54.767527: Epoch time: 143.99 s
2026-05-16 04:46:54.768940: Yayy! New best EMA pseudo Dice: 0.8859000205993652
2026-05-16 04:46:57.362227: 
2026-05-16 04:46:57.363745: Epoch 62
2026-05-16 04:46:57.365351: Current learning rate: 0.00944
2026-05-16 04:49:26.915051: train_loss -0.8955
2026-05-16 04:49:26.925444: val_loss -0.8616
2026-05-16 04:49:26.932406: Pseudo dice [np.float32(0.9163), np.float32(0.8634)]
2026-05-16 04:49:26.939503: Epoch time: 149.56 s
2026-05-16 04:49:26.941860: Yayy! New best EMA pseudo Dice: 0.8863000273704529
2026-05-16 04:49:29.554935: 
2026-05-16 04:49:29.556467: Epoch 63
2026-05-16 04:49:29.565686: Current learning rate: 0.00943
2026-05-16 04:51:57.824826: train_loss -0.8956
2026-05-16 04:51:57.833365: val_loss -0.8606
2026-05-16 04:51:57.835130: Pseudo dice [np.float32(0.9149), np.float32(0.8631)]
2026-05-16 04:51:57.836867: Epoch time: 148.27 s
2026-05-16 04:51:57.838491: Yayy! New best EMA pseudo Dice: 0.8866000175476074
2026-05-16 04:52:00.440441: 
2026-05-16 04:52:00.442302: Epoch 64
2026-05-16 04:52:00.443579: Current learning rate: 0.00942
2026-05-16 04:54:29.572806: train_loss -0.8966
2026-05-16 04:54:29.575730: val_loss -0.855
2026-05-16 04:54:29.578855: Pseudo dice [np.float32(0.9132), np.float32(0.8578)]
2026-05-16 04:54:29.587879: Epoch time: 149.14 s
2026-05-16 04:54:31.791122: 
2026-05-16 04:54:31.792708: Epoch 65
2026-05-16 04:54:31.794299: Current learning rate: 0.00941
2026-05-16 04:56:59.792076: train_loss -0.8971
2026-05-16 04:56:59.796342: val_loss -0.8655
2026-05-16 04:56:59.798432: Pseudo dice [np.float32(0.9185), np.float32(0.8659)]
2026-05-16 04:56:59.800224: Epoch time: 148.01 s
2026-05-16 04:56:59.802430: Yayy! New best EMA pseudo Dice: 0.8870999813079834
2026-05-16 04:57:02.395639: 
2026-05-16 04:57:02.397935: Epoch 66
2026-05-16 04:57:02.404700: Current learning rate: 0.0094
2026-05-16 04:59:30.362895: train_loss -0.8979
2026-05-16 04:59:30.372739: val_loss -0.8588
2026-05-16 04:59:30.383216: Pseudo dice [np.float32(0.9147), np.float32(0.8608)]
2026-05-16 04:59:30.385172: Epoch time: 147.97 s
2026-05-16 04:59:30.387313: Yayy! New best EMA pseudo Dice: 0.8870999813079834
2026-05-16 04:59:32.981594: 
2026-05-16 04:59:32.983228: Epoch 67
2026-05-16 04:59:32.984606: Current learning rate: 0.00939
2026-05-16 05:02:01.101826: train_loss -0.8984
2026-05-16 05:02:01.111841: val_loss -0.855
2026-05-16 05:02:01.118491: Pseudo dice [np.float32(0.9138), np.float32(0.8586)]
2026-05-16 05:02:01.120919: Epoch time: 148.12 s
2026-05-16 05:02:02.514932: 
2026-05-16 05:02:02.516977: Epoch 68
2026-05-16 05:02:02.519310: Current learning rate: 0.00939
2026-05-16 05:04:31.138529: train_loss -0.898
2026-05-16 05:04:31.141018: val_loss -0.8596
2026-05-16 05:04:31.142716: Pseudo dice [np.float32(0.9153), np.float32(0.862)]
2026-05-16 05:04:31.144248: Epoch time: 148.63 s
2026-05-16 05:04:31.145994: Yayy! New best EMA pseudo Dice: 0.8871999979019165
2026-05-16 05:04:33.782704: 
2026-05-16 05:04:33.789505: Epoch 69
2026-05-16 05:04:33.791467: Current learning rate: 0.00938
2026-05-16 05:07:03.090696: train_loss -0.8994
2026-05-16 05:07:03.100612: val_loss -0.8584
2026-05-16 05:07:03.103611: Pseudo dice [np.float32(0.9134), np.float32(0.8629)]
2026-05-16 05:07:03.105440: Epoch time: 149.31 s
2026-05-16 05:07:03.107260: Yayy! New best EMA pseudo Dice: 0.8873000144958496
2026-05-16 05:07:05.683511: 
2026-05-16 05:07:05.684952: Epoch 70
2026-05-16 05:07:05.690555: Current learning rate: 0.00937
2026-05-16 05:09:34.490718: train_loss -0.8997
2026-05-16 05:09:34.496506: val_loss -0.8584
2026-05-16 05:09:34.499066: Pseudo dice [np.float32(0.9156), np.float32(0.8595)]
2026-05-16 05:09:34.501362: Epoch time: 148.81 s
2026-05-16 05:09:34.502862: Yayy! New best EMA pseudo Dice: 0.8873000144958496
2026-05-16 05:09:37.111921: 
2026-05-16 05:09:37.124218: Epoch 71
2026-05-16 05:09:37.134871: Current learning rate: 0.00936
2026-05-16 05:12:05.345285: train_loss -0.9
2026-05-16 05:12:05.348627: val_loss -0.8584
2026-05-16 05:12:05.350395: Pseudo dice [np.float32(0.9141), np.float32(0.8617)]
2026-05-16 05:12:05.352074: Epoch time: 148.24 s
2026-05-16 05:12:05.353968: Yayy! New best EMA pseudo Dice: 0.8873999714851379
2026-05-16 05:12:07.950501: 
2026-05-16 05:12:07.952605: Epoch 72
2026-05-16 05:12:07.956659: Current learning rate: 0.00935
2026-05-16 05:14:36.038287: train_loss -0.8986
2026-05-16 05:14:36.041705: val_loss -0.8539
2026-05-16 05:14:36.043228: Pseudo dice [np.float32(0.9122), np.float32(0.857)]
2026-05-16 05:14:36.044981: Epoch time: 148.09 s
2026-05-16 05:14:37.454022: 
2026-05-16 05:14:37.455580: Epoch 73
2026-05-16 05:14:37.457145: Current learning rate: 0.00934
2026-05-16 05:17:05.554869: train_loss -0.8994
2026-05-16 05:17:05.557723: val_loss -0.8587
2026-05-16 05:17:05.559413: Pseudo dice [np.float32(0.9147), np.float32(0.8617)]
2026-05-16 05:17:05.561159: Epoch time: 148.11 s
2026-05-16 05:17:06.907535: 
2026-05-16 05:17:06.927113: Epoch 74
2026-05-16 05:17:06.928510: Current learning rate: 0.00933
2026-05-16 05:19:35.152116: train_loss -0.9008
2026-05-16 05:19:35.154925: val_loss -0.8574
2026-05-16 05:19:35.156679: Pseudo dice [np.float32(0.914), np.float32(0.8592)]
2026-05-16 05:19:35.158374: Epoch time: 148.25 s
2026-05-16 05:19:36.521264: 
2026-05-16 05:19:36.526414: Epoch 75
2026-05-16 05:19:36.529178: Current learning rate: 0.00932
2026-05-16 05:22:03.553434: train_loss -0.8997
2026-05-16 05:22:03.556351: val_loss -0.8549
2026-05-16 05:22:03.558344: Pseudo dice [np.float32(0.912), np.float32(0.8612)]
2026-05-16 05:22:03.559882: Epoch time: 147.04 s
2026-05-16 05:22:04.930171: 
2026-05-16 05:22:04.931619: Epoch 76
2026-05-16 05:22:04.935932: Current learning rate: 0.00931
2026-05-16 05:24:32.548300: train_loss -0.8996
2026-05-16 05:24:32.551188: val_loss -0.855
2026-05-16 05:24:32.552930: Pseudo dice [np.float32(0.9116), np.float32(0.8593)]
2026-05-16 05:24:32.554725: Epoch time: 147.62 s
2026-05-16 05:24:33.974913: 
2026-05-16 05:24:33.976689: Epoch 77
2026-05-16 05:24:33.978348: Current learning rate: 0.0093
2026-05-16 05:27:02.246423: train_loss -0.9
2026-05-16 05:27:02.269127: val_loss -0.8561
2026-05-16 05:27:02.278959: Pseudo dice [np.float32(0.911), np.float32(0.8616)]
2026-05-16 05:27:02.282164: Epoch time: 148.28 s
2026-05-16 05:27:03.680701: 
2026-05-16 05:27:03.682259: Epoch 78
2026-05-16 05:27:03.683860: Current learning rate: 0.0093
2026-05-16 05:29:31.960394: train_loss -0.9019
2026-05-16 05:29:31.987502: val_loss -0.861
2026-05-16 05:29:31.993919: Pseudo dice [np.float32(0.9165), np.float32(0.8631)]
2026-05-16 05:29:31.995780: Epoch time: 148.28 s
2026-05-16 05:29:33.409976: 
2026-05-16 05:29:33.443640: Epoch 79
2026-05-16 05:29:33.445498: Current learning rate: 0.00929
2026-05-16 05:32:01.929427: train_loss -0.9021
2026-05-16 05:32:01.948585: val_loss -0.8573
2026-05-16 05:32:01.953417: Pseudo dice [np.float32(0.9144), np.float32(0.8594)]
2026-05-16 05:32:01.955752: Epoch time: 148.52 s
2026-05-16 05:32:03.372357: 
2026-05-16 05:32:03.374386: Epoch 80
2026-05-16 05:32:03.376280: Current learning rate: 0.00928
2026-05-16 05:34:31.222896: train_loss -0.9019
2026-05-16 05:34:31.227550: val_loss -0.8597
2026-05-16 05:34:31.243238: Pseudo dice [np.float32(0.9153), np.float32(0.8624)]
2026-05-16 05:34:31.255722: Epoch time: 147.85 s
2026-05-16 05:34:32.642913: 
2026-05-16 05:34:32.644518: Epoch 81
2026-05-16 05:34:32.645837: Current learning rate: 0.00927
2026-05-16 05:37:00.095385: train_loss -0.9022
2026-05-16 05:37:00.098526: val_loss -0.8593
2026-05-16 05:37:00.109156: Pseudo dice [np.float32(0.916), np.float32(0.8615)]
2026-05-16 05:37:00.119129: Epoch time: 147.46 s
2026-05-16 05:37:00.123472: Yayy! New best EMA pseudo Dice: 0.8873999714851379
2026-05-16 05:37:02.740110: 
2026-05-16 05:37:02.743830: Epoch 82
2026-05-16 05:37:02.745757: Current learning rate: 0.00926
2026-05-16 05:39:30.871299: train_loss -0.9027
2026-05-16 05:39:30.881992: val_loss -0.8556
2026-05-16 05:39:30.888788: Pseudo dice [np.float32(0.9117), np.float32(0.8601)]
2026-05-16 05:39:30.894182: Epoch time: 148.14 s
2026-05-16 05:39:32.256739: 
2026-05-16 05:39:32.261260: Epoch 83
2026-05-16 05:39:32.274165: Current learning rate: 0.00925
2026-05-16 05:42:00.507899: train_loss -0.9025
2026-05-16 05:42:00.536659: val_loss -0.8562
2026-05-16 05:42:00.540365: Pseudo dice [np.float32(0.9143), np.float32(0.8597)]
2026-05-16 05:42:00.543706: Epoch time: 148.26 s
2026-05-16 05:42:01.882910: 
2026-05-16 05:42:01.884380: Epoch 84
2026-05-16 05:42:01.885996: Current learning rate: 0.00924
2026-05-16 05:44:30.951623: train_loss -0.9024
2026-05-16 05:44:30.962391: val_loss -0.8553
2026-05-16 05:44:30.968971: Pseudo dice [np.float32(0.9135), np.float32(0.8595)]
2026-05-16 05:44:30.973649: Epoch time: 149.07 s
2026-05-16 05:44:32.401689: 
2026-05-16 05:44:32.403396: Epoch 85
2026-05-16 05:44:32.404873: Current learning rate: 0.00923
2026-05-16 05:47:01.525379: train_loss -0.9036
2026-05-16 05:47:01.530393: val_loss -0.8524
2026-05-16 05:47:01.532517: Pseudo dice [np.float32(0.9116), np.float32(0.8554)]
2026-05-16 05:47:01.534390: Epoch time: 149.13 s
2026-05-16 05:47:02.896094: 
2026-05-16 05:47:02.897554: Epoch 86
2026-05-16 05:47:02.899042: Current learning rate: 0.00922
2026-05-16 05:49:30.446292: train_loss -0.9042
2026-05-16 05:49:30.454175: val_loss -0.8601
2026-05-16 05:49:30.458602: Pseudo dice [np.float32(0.914), np.float32(0.8635)]
2026-05-16 05:49:30.460933: Epoch time: 147.55 s
2026-05-16 05:49:31.822841: 
2026-05-16 05:49:31.844878: Epoch 87
2026-05-16 05:49:31.853918: Current learning rate: 0.00921
2026-05-16 05:52:00.553378: train_loss -0.9036
2026-05-16 05:52:00.556504: val_loss -0.8608
2026-05-16 05:52:00.558158: Pseudo dice [np.float32(0.9162), np.float32(0.8644)]
2026-05-16 05:52:00.559612: Epoch time: 148.74 s
2026-05-16 05:52:01.894031: 
2026-05-16 05:52:01.895876: Epoch 88
2026-05-16 05:52:01.897399: Current learning rate: 0.0092
2026-05-16 05:54:29.033875: train_loss -0.9048
2026-05-16 05:54:29.058717: val_loss -0.8591
2026-05-16 05:54:29.073732: Pseudo dice [np.float32(0.9156), np.float32(0.8607)]
2026-05-16 05:54:29.089849: Epoch time: 147.14 s
2026-05-16 05:54:30.476993: 
2026-05-16 05:54:30.478937: Epoch 89
2026-05-16 05:54:30.480362: Current learning rate: 0.0092
2026-05-16 05:56:58.341533: train_loss -0.9052
2026-05-16 05:56:58.352451: val_loss -0.8579
2026-05-16 05:56:58.360269: Pseudo dice [np.float32(0.9134), np.float32(0.8609)]
2026-05-16 05:56:58.368297: Epoch time: 147.87 s
2026-05-16 05:56:59.717804: 
2026-05-16 05:56:59.722164: Epoch 90
2026-05-16 05:56:59.723798: Current learning rate: 0.00919
2026-05-16 05:59:27.860965: train_loss -0.9042
2026-05-16 05:59:27.864169: val_loss -0.8572
2026-05-16 05:59:27.866165: Pseudo dice [np.float32(0.9132), np.float32(0.8616)]
2026-05-16 05:59:27.868083: Epoch time: 148.15 s
2026-05-16 05:59:30.001024: 
2026-05-16 05:59:30.002614: Epoch 91
2026-05-16 05:59:30.004511: Current learning rate: 0.00918
2026-05-16 06:01:58.706401: train_loss -0.9055
2026-05-16 06:01:58.710281: val_loss -0.8603
2026-05-16 06:01:58.712250: Pseudo dice [np.float32(0.9176), np.float32(0.8597)]
2026-05-16 06:01:58.714327: Epoch time: 148.71 s
2026-05-16 06:01:58.716370: Yayy! New best EMA pseudo Dice: 0.887499988079071
2026-05-16 06:02:01.306096: 
2026-05-16 06:02:01.307636: Epoch 92
2026-05-16 06:02:01.309203: Current learning rate: 0.00917
2026-05-16 06:04:29.773995: train_loss -0.9039
2026-05-16 06:04:29.777418: val_loss -0.8585
2026-05-16 06:04:29.779644: Pseudo dice [np.float32(0.9138), np.float32(0.8643)]
2026-05-16 06:04:29.781552: Epoch time: 148.47 s
2026-05-16 06:04:29.789873: Yayy! New best EMA pseudo Dice: 0.8877000212669373
2026-05-16 06:04:32.403633: 
2026-05-16 06:04:32.424773: Epoch 93
2026-05-16 06:04:32.444038: Current learning rate: 0.00916
2026-05-16 06:07:00.590495: train_loss -0.9061
2026-05-16 06:07:00.593466: val_loss -0.8593
2026-05-16 06:07:00.595098: Pseudo dice [np.float32(0.9135), np.float32(0.8644)]
2026-05-16 06:07:00.596959: Epoch time: 148.19 s
2026-05-16 06:07:00.598255: Yayy! New best EMA pseudo Dice: 0.8877999782562256
2026-05-16 06:07:03.307874: 
2026-05-16 06:07:03.310149: Epoch 94
2026-05-16 06:07:03.312094: Current learning rate: 0.00915
2026-05-16 06:09:31.790131: train_loss -0.9049
2026-05-16 06:09:31.794147: val_loss -0.8541
2026-05-16 06:09:31.796510: Pseudo dice [np.float32(0.9118), np.float32(0.8582)]
2026-05-16 06:09:31.798585: Epoch time: 148.49 s
2026-05-16 06:09:33.185823: 
2026-05-16 06:09:33.193099: Epoch 95
2026-05-16 06:09:33.203473: Current learning rate: 0.00914
2026-05-16 06:12:02.067359: train_loss -0.9059
2026-05-16 06:12:02.070523: val_loss -0.8556
2026-05-16 06:12:02.072318: Pseudo dice [np.float32(0.9131), np.float32(0.8594)]
2026-05-16 06:12:02.073844: Epoch time: 148.89 s
2026-05-16 06:12:03.422820: 
2026-05-16 06:12:03.435786: Epoch 96
2026-05-16 06:12:03.440632: Current learning rate: 0.00913
2026-05-16 06:14:31.950797: train_loss -0.9062
2026-05-16 06:14:31.954218: val_loss -0.8542
2026-05-16 06:14:31.956153: Pseudo dice [np.float32(0.9116), np.float32(0.8602)]
2026-05-16 06:14:31.957653: Epoch time: 148.53 s
2026-05-16 06:14:33.303192: 
2026-05-16 06:14:33.304882: Epoch 97
2026-05-16 06:14:33.306110: Current learning rate: 0.00912
2026-05-16 06:17:02.732169: train_loss -0.9066
2026-05-16 06:17:02.734987: val_loss -0.857
2026-05-16 06:17:02.736631: Pseudo dice [np.float32(0.9127), np.float32(0.8615)]
2026-05-16 06:17:02.738058: Epoch time: 149.43 s
2026-05-16 06:17:04.095649: 
2026-05-16 06:17:04.104636: Epoch 98
2026-05-16 06:17:04.118627: Current learning rate: 0.00911
2026-05-16 06:19:31.710338: train_loss -0.9065
2026-05-16 06:19:31.726280: val_loss -0.8541
2026-05-16 06:19:31.738122: Pseudo dice [np.float32(0.9127), np.float32(0.8585)]
2026-05-16 06:19:31.747422: Epoch time: 147.62 s
2026-05-16 06:19:33.117680: 
2026-05-16 06:19:33.135500: Epoch 99
2026-05-16 06:19:33.147274: Current learning rate: 0.0091
2026-05-16 06:22:01.419869: train_loss -0.9079
2026-05-16 06:22:01.429930: val_loss -0.8553
2026-05-16 06:22:01.433499: Pseudo dice [np.float32(0.9126), np.float32(0.859)]
2026-05-16 06:22:01.435259: Epoch time: 148.31 s
2026-05-16 06:22:04.055445: 
2026-05-16 06:22:04.056860: Epoch 100
2026-05-16 06:22:04.058321: Current learning rate: 0.0091
2026-05-16 06:24:31.717205: train_loss -0.9084
2026-05-16 06:24:31.719976: val_loss -0.8534
2026-05-16 06:24:31.721733: Pseudo dice [np.float32(0.9123), np.float32(0.8586)]
2026-05-16 06:24:31.723369: Epoch time: 147.67 s
2026-05-16 06:24:33.058128: 
2026-05-16 06:24:33.059737: Epoch 101
2026-05-16 06:24:33.061140: Current learning rate: 0.00909
2026-05-16 06:27:01.322256: train_loss -0.9084
2026-05-16 06:27:01.335321: val_loss -0.853
2026-05-16 06:27:01.342071: Pseudo dice [np.float32(0.911), np.float32(0.8614)]
2026-05-16 06:27:01.343858: Epoch time: 148.27 s
2026-05-16 06:27:02.680500: 
2026-05-16 06:27:02.682377: Epoch 102
2026-05-16 06:27:02.683693: Current learning rate: 0.00908
2026-05-16 06:29:30.773345: train_loss -0.9084
2026-05-16 06:29:30.788333: val_loss -0.8577
2026-05-16 06:29:30.791573: Pseudo dice [np.float32(0.9153), np.float32(0.8605)]
2026-05-16 06:29:30.793112: Epoch time: 148.1 s
2026-05-16 06:29:32.166491: 
2026-05-16 06:29:32.168116: Epoch 103
2026-05-16 06:29:32.169412: Current learning rate: 0.00907
2026-05-16 06:32:00.539682: train_loss -0.9093
2026-05-16 06:32:00.556645: val_loss -0.8572
2026-05-16 06:32:00.559538: Pseudo dice [np.float32(0.9129), np.float32(0.8609)]
2026-05-16 06:32:00.561967: Epoch time: 148.38 s
2026-05-16 06:32:01.929280: 
2026-05-16 06:32:01.930958: Epoch 104
2026-05-16 06:32:01.932439: Current learning rate: 0.00906
2026-05-16 06:34:30.586215: train_loss -0.9081
2026-05-16 06:34:30.597867: val_loss -0.849
2026-05-16 06:34:30.607188: Pseudo dice [np.float32(0.9091), np.float32(0.8566)]
2026-05-16 06:34:30.612582: Epoch time: 148.66 s
2026-05-16 06:34:31.957336: 
2026-05-16 06:34:31.959883: Epoch 105
2026-05-16 06:34:31.961503: Current learning rate: 0.00905
2026-05-16 06:37:00.382875: train_loss -0.9085
2026-05-16 06:37:00.399392: val_loss -0.8534
2026-05-16 06:37:00.401421: Pseudo dice [np.float32(0.9102), np.float32(0.8587)]
2026-05-16 06:37:00.403852: Epoch time: 148.43 s
2026-05-16 06:37:01.752726: 
2026-05-16 06:37:01.754482: Epoch 106
2026-05-16 06:37:01.756250: Current learning rate: 0.00904
2026-05-16 06:39:30.964685: train_loss -0.9076
2026-05-16 06:39:30.979028: val_loss -0.8597
2026-05-16 06:39:30.983454: Pseudo dice [np.float32(0.9164), np.float32(0.863)]
2026-05-16 06:39:30.986134: Epoch time: 149.22 s
2026-05-16 06:39:32.321993: 
2026-05-16 06:39:32.323607: Epoch 107
2026-05-16 06:39:32.325060: Current learning rate: 0.00903
2026-05-16 06:42:00.883175: train_loss -0.9094
2026-05-16 06:42:00.886589: val_loss -0.8541
2026-05-16 06:42:00.888018: Pseudo dice [np.float32(0.9119), np.float32(0.8606)]
2026-05-16 06:42:00.889421: Epoch time: 148.57 s
2026-05-16 06:42:02.224748: 
2026-05-16 06:42:02.225926: Epoch 108
2026-05-16 06:42:02.227197: Current learning rate: 0.00902
2026-05-16 06:44:30.327554: train_loss -0.9092
2026-05-16 06:44:30.337894: val_loss -0.8568
2026-05-16 06:44:30.348658: Pseudo dice [np.float32(0.9141), np.float32(0.8597)]
2026-05-16 06:44:30.363447: Epoch time: 148.11 s
2026-05-16 06:44:31.738587: 
2026-05-16 06:44:31.740360: Epoch 109
2026-05-16 06:44:31.741878: Current learning rate: 0.00901
2026-05-16 06:47:01.257839: train_loss -0.9097
2026-05-16 06:47:01.261140: val_loss -0.862
2026-05-16 06:47:01.262961: Pseudo dice [np.float32(0.9161), np.float32(0.8642)]
2026-05-16 06:47:01.264722: Epoch time: 149.52 s
2026-05-16 06:47:02.597576: 
2026-05-16 06:47:02.599205: Epoch 110
2026-05-16 06:47:02.600983: Current learning rate: 0.009
2026-05-16 06:49:31.910595: train_loss -0.9102
2026-05-16 06:49:31.913517: val_loss -0.857
2026-05-16 06:49:31.915022: Pseudo dice [np.float32(0.9126), np.float32(0.861)]
2026-05-16 06:49:31.916440: Epoch time: 149.32 s
2026-05-16 06:49:33.275173: 
2026-05-16 06:49:33.277221: Epoch 111
2026-05-16 06:49:33.279258: Current learning rate: 0.009
2026-05-16 06:52:01.884636: train_loss -0.9105
2026-05-16 06:52:01.887575: val_loss -0.86
2026-05-16 06:52:01.889400: Pseudo dice [np.float32(0.9168), np.float32(0.8634)]
2026-05-16 06:52:01.892596: Epoch time: 148.61 s
2026-05-16 06:52:03.251685: 
2026-05-16 06:52:03.252980: Epoch 112
2026-05-16 06:52:03.254161: Current learning rate: 0.00899
2026-05-16 06:54:32.089653: train_loss -0.9103
2026-05-16 06:54:32.113662: val_loss -0.8577
2026-05-16 06:54:32.122320: Pseudo dice [np.float32(0.9151), np.float32(0.8624)]
2026-05-16 06:54:32.126636: Epoch time: 148.84 s
2026-05-16 06:54:33.458233: 
2026-05-16 06:54:33.459849: Epoch 113
2026-05-16 06:54:33.461523: Current learning rate: 0.00898
2026-05-16 06:57:01.754815: train_loss -0.9098
2026-05-16 06:57:01.768059: val_loss -0.8536
2026-05-16 06:57:01.770409: Pseudo dice [np.float32(0.9097), np.float32(0.8606)]
2026-05-16 06:57:01.772033: Epoch time: 148.3 s
2026-05-16 06:57:03.855427: 
2026-05-16 06:57:03.862519: Epoch 114
2026-05-16 06:57:03.867739: Current learning rate: 0.00897
2026-05-16 06:59:33.078716: train_loss -0.9122
2026-05-16 06:59:33.091615: val_loss -0.8544
2026-05-16 06:59:33.098997: Pseudo dice [np.float32(0.9124), np.float32(0.8583)]
2026-05-16 06:59:33.105954: Epoch time: 149.23 s
2026-05-16 06:59:34.486658: 
2026-05-16 06:59:34.488612: Epoch 115
2026-05-16 06:59:34.490491: Current learning rate: 0.00896
2026-05-16 07:02:03.171210: train_loss -0.9114
2026-05-16 07:02:03.180238: val_loss -0.8482
2026-05-16 07:02:03.187775: Pseudo dice [np.float32(0.9093), np.float32(0.8552)]
2026-05-16 07:02:03.199622: Epoch time: 148.69 s
2026-05-16 07:02:04.590089: 
2026-05-16 07:02:04.600546: Epoch 116
2026-05-16 07:02:04.610578: Current learning rate: 0.00895
2026-05-16 07:04:33.367449: train_loss -0.9129
2026-05-16 07:04:33.382858: val_loss -0.8538
2026-05-16 07:04:33.385831: Pseudo dice [np.float32(0.9121), np.float32(0.8589)]
2026-05-16 07:04:33.387821: Epoch time: 148.78 s
2026-05-16 07:04:34.748001: 
2026-05-16 07:04:34.753993: Epoch 117
2026-05-16 07:04:34.759853: Current learning rate: 0.00894
2026-05-16 07:07:02.962517: train_loss -0.9098
2026-05-16 07:07:02.965245: val_loss -0.8565
2026-05-16 07:07:02.966843: Pseudo dice [np.float32(0.914), np.float32(0.8583)]
2026-05-16 07:07:02.968182: Epoch time: 148.22 s
2026-05-16 07:07:04.346295: 
2026-05-16 07:07:04.347868: Epoch 118
2026-05-16 07:07:04.352185: Current learning rate: 0.00893
2026-05-16 07:09:32.526506: train_loss -0.9096
2026-05-16 07:09:32.530212: val_loss -0.8587
2026-05-16 07:09:32.531843: Pseudo dice [np.float32(0.9159), np.float32(0.8588)]
2026-05-16 07:09:32.533862: Epoch time: 148.18 s
2026-05-16 07:09:33.904587: 
2026-05-16 07:09:33.906590: Epoch 119
2026-05-16 07:09:33.908058: Current learning rate: 0.00892
2026-05-16 07:12:02.463711: train_loss -0.9113
2026-05-16 07:12:02.466512: val_loss -0.858
2026-05-16 07:12:02.469491: Pseudo dice [np.float32(0.9144), np.float32(0.8627)]
2026-05-16 07:12:02.481960: Epoch time: 148.56 s
2026-05-16 07:12:03.858002: 
2026-05-16 07:12:03.859423: Epoch 120
2026-05-16 07:12:03.860725: Current learning rate: 0.00891
2026-05-16 07:14:31.623908: train_loss -0.9117
2026-05-16 07:14:31.647446: val_loss -0.8556
2026-05-16 07:14:31.659410: Pseudo dice [np.float32(0.9144), np.float32(0.8584)]
2026-05-16 07:14:31.666992: Epoch time: 147.77 s
2026-05-16 07:14:33.031848: 
2026-05-16 07:14:33.033451: Epoch 121
2026-05-16 07:14:33.034795: Current learning rate: 0.0089
2026-05-16 07:17:01.068173: train_loss -0.9121
2026-05-16 07:17:01.073830: val_loss -0.8544
2026-05-16 07:17:01.080531: Pseudo dice [np.float32(0.9132), np.float32(0.8573)]
2026-05-16 07:17:01.081996: Epoch time: 148.04 s
2026-05-16 07:17:02.453624: 
2026-05-16 07:17:02.455418: Epoch 122
2026-05-16 07:17:02.457397: Current learning rate: 0.00889
2026-05-16 07:19:31.265556: train_loss -0.9123
2026-05-16 07:19:31.294554: val_loss -0.857
2026-05-16 07:19:31.312183: Pseudo dice [np.float32(0.9149), np.float32(0.8622)]
2026-05-16 07:19:31.314527: Epoch time: 148.82 s
2026-05-16 07:19:32.750960: 
2026-05-16 07:19:32.783843: Epoch 123
2026-05-16 07:19:32.791098: Current learning rate: 0.00889
2026-05-16 07:22:01.134373: train_loss -0.9135
2026-05-16 07:22:01.137416: val_loss -0.8544
2026-05-16 07:22:01.139175: Pseudo dice [np.float32(0.9134), np.float32(0.8591)]
2026-05-16 07:22:01.142231: Epoch time: 148.39 s
2026-05-16 07:22:02.553432: 
2026-05-16 07:22:02.556006: Epoch 124
2026-05-16 07:22:02.557638: Current learning rate: 0.00888
2026-05-16 07:24:30.894453: train_loss -0.9134
2026-05-16 07:24:30.897676: val_loss -0.8494
2026-05-16 07:24:30.899422: Pseudo dice [np.float32(0.9087), np.float32(0.855)]
2026-05-16 07:24:30.901325: Epoch time: 148.35 s
2026-05-16 07:24:32.241715: 
2026-05-16 07:24:32.243286: Epoch 125
2026-05-16 07:24:32.244762: Current learning rate: 0.00887
2026-05-16 07:26:57.269439: train_loss -0.9123
2026-05-16 07:26:57.278334: val_loss -0.8575
2026-05-16 07:26:57.289693: Pseudo dice [np.float32(0.9147), np.float32(0.8606)]
2026-05-16 07:26:57.294682: Epoch time: 145.03 s
2026-05-16 07:26:58.698269: 
2026-05-16 07:26:58.699895: Epoch 126
2026-05-16 07:26:58.701424: Current learning rate: 0.00886
2026-05-16 07:29:26.749534: train_loss -0.9121
2026-05-16 07:29:26.758073: val_loss -0.8551
2026-05-16 07:29:26.760129: Pseudo dice [np.float32(0.9139), np.float32(0.8566)]
2026-05-16 07:29:26.762021: Epoch time: 148.06 s
2026-05-16 07:29:28.104929: 
2026-05-16 07:29:28.106400: Epoch 127
2026-05-16 07:29:28.108016: Current learning rate: 0.00885
2026-05-16 07:31:53.682642: train_loss -0.9138
2026-05-16 07:31:53.689488: val_loss -0.8576
2026-05-16 07:31:53.692924: Pseudo dice [np.float32(0.9159), np.float32(0.8602)]
2026-05-16 07:31:53.697698: Epoch time: 145.58 s
2026-05-16 07:31:55.050091: 
2026-05-16 07:31:55.057351: Epoch 128
2026-05-16 07:31:55.059839: Current learning rate: 0.00884
2026-05-16 07:34:24.377041: train_loss -0.9131
2026-05-16 07:34:24.380227: val_loss -0.8572
2026-05-16 07:34:24.387663: Pseudo dice [np.float32(0.9137), np.float32(0.8622)]
2026-05-16 07:34:24.398432: Epoch time: 149.33 s
2026-05-16 07:34:25.793555: 
2026-05-16 07:34:25.798162: Epoch 129
2026-05-16 07:34:25.799775: Current learning rate: 0.00883
2026-05-16 07:36:54.123556: train_loss -0.9135
2026-05-16 07:36:54.127044: val_loss -0.853
2026-05-16 07:36:54.130059: Pseudo dice [np.float32(0.9111), np.float32(0.8588)]
2026-05-16 07:36:54.131662: Epoch time: 148.33 s
2026-05-16 07:36:55.541183: 
2026-05-16 07:36:55.551006: Epoch 130
2026-05-16 07:36:55.560286: Current learning rate: 0.00882
2026-05-16 07:39:24.135022: train_loss -0.9128
2026-05-16 07:39:24.138287: val_loss -0.8586
2026-05-16 07:39:24.140348: Pseudo dice [np.float32(0.9165), np.float32(0.8605)]
2026-05-16 07:39:24.142081: Epoch time: 148.6 s
2026-05-16 07:39:25.523187: 
2026-05-16 07:39:25.524711: Epoch 131
2026-05-16 07:39:25.526158: Current learning rate: 0.00881
2026-05-16 07:41:54.295756: train_loss -0.9144
2026-05-16 07:41:54.298616: val_loss -0.8531
2026-05-16 07:41:54.299989: Pseudo dice [np.float32(0.9114), np.float32(0.8596)]
2026-05-16 07:41:54.301605: Epoch time: 148.78 s
2026-05-16 07:41:55.674041: 
2026-05-16 07:41:55.681654: Epoch 132
2026-05-16 07:41:55.683625: Current learning rate: 0.0088
2026-05-16 07:44:26.455549: train_loss -0.9134
2026-05-16 07:44:26.469510: val_loss -0.8529
2026-05-16 07:44:26.474267: Pseudo dice [np.float32(0.9112), np.float32(0.858)]
2026-05-16 07:44:26.476995: Epoch time: 150.79 s
2026-05-16 07:44:27.881251: 
2026-05-16 07:44:27.883302: Epoch 133
2026-05-16 07:44:27.885942: Current learning rate: 0.00879
2026-05-16 07:46:57.650600: train_loss -0.9133
2026-05-16 07:46:57.663606: val_loss -0.852
2026-05-16 07:46:57.670693: Pseudo dice [np.float32(0.9098), np.float32(0.8582)]
2026-05-16 07:46:57.675836: Epoch time: 149.77 s
2026-05-16 07:46:59.031905: 
2026-05-16 07:46:59.033352: Epoch 134
2026-05-16 07:46:59.034691: Current learning rate: 0.00879
2026-05-16 07:49:28.320357: train_loss -0.9134
2026-05-16 07:49:28.331532: val_loss -0.8563
2026-05-16 07:49:28.340557: Pseudo dice [np.float32(0.9138), np.float32(0.8607)]
2026-05-16 07:49:28.345398: Epoch time: 149.29 s
2026-05-16 07:49:29.713002: 
2026-05-16 07:49:29.715408: Epoch 135
2026-05-16 07:49:29.717032: Current learning rate: 0.00878
2026-05-16 07:51:58.677556: train_loss -0.9126
2026-05-16 07:51:58.689954: val_loss -0.8564
2026-05-16 07:51:58.691951: Pseudo dice [np.float32(0.914), np.float32(0.8598)]
2026-05-16 07:51:58.694416: Epoch time: 148.97 s
2026-05-16 07:52:00.062057: 
2026-05-16 07:52:00.068807: Epoch 136
2026-05-16 07:52:00.070813: Current learning rate: 0.00877
2026-05-16 07:54:29.839631: train_loss -0.9144
2026-05-16 07:54:29.845023: val_loss -0.8565
2026-05-16 07:54:29.846884: Pseudo dice [np.float32(0.9129), np.float32(0.8613)]
2026-05-16 07:54:29.848717: Epoch time: 149.78 s
2026-05-16 07:54:31.221059: 
2026-05-16 07:54:31.222597: Epoch 137
2026-05-16 07:54:31.224833: Current learning rate: 0.00876
2026-05-16 07:56:59.890088: train_loss -0.9155
2026-05-16 07:56:59.894891: val_loss -0.8594
2026-05-16 07:56:59.896493: Pseudo dice [np.float32(0.9178), np.float32(0.8608)]
2026-05-16 07:56:59.898131: Epoch time: 148.67 s
2026-05-16 07:57:01.325175: 
2026-05-16 07:57:01.333078: Epoch 138
2026-05-16 07:57:01.339498: Current learning rate: 0.00875
2026-05-16 07:59:30.501101: train_loss -0.9145
2026-05-16 07:59:30.511209: val_loss -0.8526
2026-05-16 07:59:30.513692: Pseudo dice [np.float32(0.9121), np.float32(0.8575)]
2026-05-16 07:59:30.516097: Epoch time: 149.18 s
2026-05-16 07:59:31.891226: 
2026-05-16 07:59:31.906456: Epoch 139
2026-05-16 07:59:31.912311: Current learning rate: 0.00874
2026-05-16 08:02:02.322621: train_loss -0.9161
2026-05-16 08:02:02.339427: val_loss -0.8579
2026-05-16 08:02:02.344334: Pseudo dice [np.float32(0.9153), np.float32(0.8608)]
2026-05-16 08:02:02.346301: Epoch time: 150.44 s
2026-05-16 08:02:03.705649: 
2026-05-16 08:02:03.707195: Epoch 140
2026-05-16 08:02:03.708557: Current learning rate: 0.00873
2026-05-16 08:04:32.537239: train_loss -0.9159
2026-05-16 08:04:32.542672: val_loss -0.8501
2026-05-16 08:04:32.544534: Pseudo dice [np.float32(0.9093), np.float32(0.8572)]
2026-05-16 08:04:32.545917: Epoch time: 148.84 s
2026-05-16 08:04:33.941269: 
2026-05-16 08:04:33.947996: Epoch 141
2026-05-16 08:04:33.960482: Current learning rate: 0.00872
2026-05-16 08:07:03.578027: train_loss -0.9164
2026-05-16 08:07:03.593885: val_loss -0.8518
2026-05-16 08:07:03.603752: Pseudo dice [np.float32(0.9101), np.float32(0.8569)]
2026-05-16 08:07:03.608270: Epoch time: 149.64 s
2026-05-16 08:07:05.037813: 
2026-05-16 08:07:05.047035: Epoch 142
2026-05-16 08:07:05.050637: Current learning rate: 0.00871
2026-05-16 08:09:33.959354: