Resolved 120 packages in 2ms
Audited 117 packages in 103ms
wandb: [wandb.login()] Loaded credentials for https://api.wandb.ai from WANDB_API_KEY.
wandb: Currently logged in as: linusjunidtu (linusjunidtu-danmarks-tekniske-universitet-dtu) to https://api.wandb.ai. Use `wandb login --relogin` to force relogin
wandb: setting up run gk07mg96
wandb: Tracking run with wandb version 0.25.1
wandb: Run data is saved locally in /work3/s225224/nnunet/results/Dataset001_CSpineSeg/nnUNetTrainerWandB__nnUNetResEncUNetLPlans__2d/fold_4/wandb/run-20260420_051816-gk07mg96
wandb: Run `wandb offline` to turn off syncing.
wandb: Syncing run northern-smoke-6
wandb: ‚≠źÔłŹ View project at https://wandb.ai/linusjunidtu-danmarks-tekniske-universitet-dtu/spinal-fairness
wandb: ūüöÄ View run at https://wandb.ai/linusjunidtu-danmarks-tekniske-universitet-dtu/spinal-fairness/runs/gk07mg96
wandb: WARNING Fatal error while uploading data. Some run data will not be synced, but it will still be written to disk. Use `wandb sync` at the end of the run to try uploading.
wandb: 
wandb: Run history:
wandb: dice_per_class_or_region/class_1 ‚ĖĀ‚ĖÖ‚ĖÜ‚Ėá‚ĖÜ‚Ėá‚Ėá‚Ėá‚Ėá‚Ėá‚Ėá‚Ėá‚Ėá‚ĖÜ‚Ėá‚ĖÜ‚Ėá‚ĖÜ‚Ėá‚Ėá‚Ėá‚Ėá‚Ėą‚Ėą‚Ėá‚Ėą‚Ėą‚Ėá‚Ėą‚Ėą‚Ėą‚Ėá‚Ėą‚Ėá‚Ėą‚Ėą‚Ėą‚Ėą‚Ėą‚Ėą
wandb: dice_per_class_or_region/class_2 ‚ĖĀ‚ĖÉ‚ĖĄ‚ĖĄ‚ĖĄ‚ĖÜ‚ĖÜ‚ĖÖ‚Ėá‚ĖÖ‚ĖÜ‚ĖÜ‚ĖÜ‚ĖÜ‚ĖÖ‚ĖÜ‚Ėá‚Ėá‚Ėá‚Ėą‚Ėą‚Ėá‚Ėá‚ĖÖ‚ĖÜ‚ĖÜ‚ĖÜ‚ĖÜ‚Ėá‚Ėá‚Ėá‚ĖÜ‚ĖÜ‚Ėą‚Ėá‚ĖÜ‚Ėá‚ĖÜ‚ĖÜ‚Ėá
wandb:                      ema_fg_dice ‚ĖĀ‚Ėą‚Ėą‚Ėą‚Ėą‚Ėą‚Ėą‚Ėą‚Ėą‚Ėą‚Ėą‚Ėą‚Ėą‚Ėą‚Ėą‚Ėą‚Ėą‚Ėą‚Ėą‚Ėą‚Ėą‚Ėą‚Ėą‚Ėą‚Ėą‚Ėą‚Ėą‚Ėą‚Ėą‚Ėą‚Ėą‚Ėą‚Ėą‚Ėą‚Ėą‚Ėą‚Ėą‚Ėą‚Ėą‚Ėą
wandb:                 epoch_duration_s ‚ĖĀ‚Ėā‚ĖĄ‚Ėā‚ĖÜ‚Ėą‚ĖÖ‚ĖÜ‚ĖÜ‚Ėą‚Ėá‚ĖÜ‚Ėá‚Ėą‚ĖÖ‚ĖÜ‚Ėą‚Ėá‚ĖÖ‚ĖÜ‚Ėą‚ĖÜ‚Ėá‚Ėá‚ĖÖ‚ĖÖ‚ĖĄ‚ĖÖ‚Ėá‚ĖÖ‚ĖÜ‚Ėá‚ĖĄ‚ĖÖ‚ĖÖ‚ĖÖ‚ĖÜ‚Ėā‚Ėá‚ĖÖ
wandb:             epoch_end_timestamps ‚ĖĀ‚Ėā‚Ėā‚Ėā‚Ėā‚Ėā‚Ėā‚Ėā‚ĖÉ‚ĖÉ‚ĖĄ‚ĖĄ‚ĖĄ‚ĖĄ‚ĖĄ‚ĖĄ‚ĖĄ‚ĖÖ‚ĖÖ‚ĖÖ‚ĖÖ‚ĖÖ‚ĖÖ‚ĖÖ‚ĖÖ‚ĖÜ‚ĖÜ‚ĖÜ‚ĖÜ‚ĖÜ‚ĖÜ‚Ėá‚Ėá‚Ėá‚Ėá‚Ėá‚Ėá‚Ėą‚Ėą‚Ėą
wandb:           epoch_start_timestamps ‚ĖĀ‚ĖĀ‚ĖĀ‚Ėā‚Ėā‚Ėā‚Ėā‚Ėā‚Ėā‚Ėā‚Ėā‚ĖÉ‚ĖÉ‚ĖĄ‚ĖĄ‚ĖĄ‚ĖĄ‚ĖĄ‚ĖĄ‚ĖĄ‚ĖÖ‚ĖÖ‚ĖÖ‚ĖÖ‚ĖÖ‚ĖÜ‚ĖÜ‚Ėá‚Ėá‚Ėá‚Ėá‚Ėá‚Ėá‚Ėá‚Ėá‚Ėá‚Ėą‚Ėą‚Ėą‚Ėą
wandb:                              lrs ‚Ėą‚Ėą‚Ėą‚Ėá‚Ėá‚Ėá‚Ėá‚ĖÜ‚ĖÜ‚ĖÜ‚ĖÜ‚ĖÜ‚ĖÜ‚ĖÖ‚ĖÖ‚ĖÖ‚ĖÖ‚ĖÖ‚ĖÖ‚ĖÖ‚ĖĄ‚ĖĄ‚ĖĄ‚ĖĄ‚ĖĄ‚ĖÉ‚ĖÉ‚ĖÉ‚ĖÉ‚ĖÉ‚ĖÉ‚Ėā‚Ėā‚Ėā‚Ėā‚Ėā‚Ėā‚ĖĀ‚ĖĀ‚ĖĀ
wandb:                     mean_fg_dice ‚ĖĀ‚Ėā‚ĖÉ‚Ėā‚ĖÉ‚Ėā‚ĖĀ‚ĖÖ‚ĖÉ‚ĖĄ‚ĖÖ‚ĖĄ‚ĖÜ‚ĖÖ‚ĖÜ‚ĖĄ‚Ėá‚ĖÜ‚ĖĄ‚ĖÖ‚ĖÜ‚Ėá‚ĖÜ‚ĖĄ‚Ėá‚ĖÜ‚ĖĄ‚ĖĄ‚ĖÜ‚ĖÖ‚ĖÜ‚ĖÖ‚ĖĄ‚ĖÜ‚Ėá‚ĖÜ‚Ėá‚ĖÜ‚Ėą‚Ėą
wandb:                     train_losses ‚Ėą‚Ėą‚Ėá‚Ėą‚Ėą‚Ėá‚Ėá‚ĖÜ‚ĖÜ‚ĖÜ‚ĖÜ‚ĖÜ‚ĖÜ‚ĖÖ‚ĖÖ‚ĖÖ‚ĖÖ‚ĖÖ‚ĖÖ‚ĖĄ‚ĖĄ‚ĖĄ‚ĖÉ‚ĖÉ‚ĖÉ‚ĖÉ‚ĖÉ‚ĖÉ‚Ėā‚Ėā‚Ėā‚Ėā‚Ėā‚Ėā‚ĖĀ‚ĖĀ‚ĖĀ‚ĖĀ‚ĖĀ‚ĖĀ
wandb:                       val_losses ‚Ėą‚ĖĄ‚ĖÉ‚ĖĄ‚ĖÉ‚ĖÉ‚ĖÉ‚Ėā‚Ėā‚ĖÉ‚Ėā‚ĖĄ‚ĖĀ‚ĖĄ‚Ėā‚ĖÉ‚ĖÉ‚ĖÉ‚ĖÉ‚Ėā‚Ėā‚ĖĄ‚ĖĄ‚ĖÉ‚ĖĄ‚Ėā‚ĖÉ‚Ėā‚ĖÉ‚ĖÉ‚ĖÉ‚Ėā‚ĖĄ‚ĖÉ‚ĖĄ‚ĖÉ‚ĖĄ‚Ėā‚ĖĄ‚ĖÉ
wandb: 
wandb: Run summary:
wandb:                    current_epoch 999
wandb: dice_per_class_or_region/class_1 0.95371
wandb: dice_per_class_or_region/class_2 0.9241
wandb:                      ema_fg_dice 0.93889
wandb:                 epoch_duration_s 104.32818
wandb:             epoch_end_timestamps 1776761154.49008
wandb:           epoch_start_timestamps 1776761050.1619
wandb:                              lrs 2e-05
wandb:                     mean_fg_dice 0.93891
wandb:                     train_losses -0.96919
wandb:                               +1 ...
wandb: 
wandb: 
wandb: Run history:
wandb: dice_per_class_or_region/class_1 ‚ĖĀ‚ĖÖ‚ĖÜ‚Ėá‚ĖÜ‚Ėá‚Ėá‚Ėá‚Ėá‚Ėá‚Ėá‚Ėá‚Ėá‚ĖÜ‚Ėá‚ĖÜ‚Ėá‚ĖÜ‚Ėá‚Ėá‚Ėá‚Ėá‚Ėą‚Ėą‚Ėá‚Ėą‚Ėą‚Ėá‚Ėą‚Ėą‚Ėą‚Ėá‚Ėą‚Ėá‚Ėą‚Ėą‚Ėą‚Ėą‚Ėą‚Ėą
wandb: dice_per_class_or_region/class_2 ‚ĖĀ‚ĖÉ‚ĖĄ‚ĖĄ‚ĖĄ‚ĖÜ‚ĖÜ‚ĖÖ‚Ėá‚ĖÖ‚ĖÜ‚ĖÜ‚ĖÜ‚ĖÜ‚ĖÖ‚ĖÜ‚Ėá‚Ėá‚Ėá‚Ėą‚Ėą‚Ėá‚Ėá‚ĖÖ‚ĖÜ‚ĖÜ‚ĖÜ‚ĖÜ‚Ėá‚Ėá‚Ėá‚ĖÜ‚ĖÜ‚Ėą‚Ėá‚ĖÜ‚Ėá‚ĖÜ‚ĖÜ‚Ėá
wandb:                      ema_fg_dice ‚ĖĀ‚Ėą‚Ėą‚Ėą‚Ėą‚Ėą‚Ėą‚Ėą‚Ėą‚Ėą‚Ėą‚Ėą‚Ėą‚Ėą‚Ėą‚Ėą‚Ėą‚Ėą‚Ėą‚Ėą‚Ėą‚Ėą‚Ėą‚Ėą‚Ėą‚Ėą‚Ėą‚Ėą‚Ėą‚Ėą‚Ėą‚Ėą‚Ėą‚Ėą‚Ėą‚Ėą‚Ėą‚Ėą‚Ėą‚Ėą
wandb:                 epoch_duration_s ‚ĖĀ‚Ėā‚ĖĄ‚Ėā‚ĖÜ‚Ėą‚ĖÖ‚ĖÜ‚ĖÜ‚Ėą‚Ėá‚ĖÜ‚Ėá‚Ėą‚ĖÖ‚ĖÜ‚Ėą‚Ėá‚ĖÖ‚ĖÜ‚Ėą‚ĖÜ‚Ėá‚Ėá‚ĖÖ‚ĖÖ‚ĖĄ‚ĖÖ‚Ėá‚ĖÖ‚ĖÜ‚Ėá‚ĖĄ‚ĖÖ‚ĖÖ‚ĖÖ‚ĖÜ‚Ėā‚Ėá‚ĖÖ
wandb:             epoch_end_timestamps ‚ĖĀ‚Ėā‚Ėā‚Ėā‚Ėā‚Ėā‚Ėā‚Ėā‚ĖÉ‚ĖÉ‚ĖĄ‚ĖĄ‚ĖĄ‚ĖĄ‚ĖĄ‚ĖĄ‚ĖĄ‚ĖÖ‚ĖÖ‚ĖÖ‚ĖÖ‚ĖÖ‚ĖÖ‚ĖÖ‚ĖÖ‚ĖÜ‚ĖÜ‚ĖÜ‚ĖÜ‚ĖÜ‚ĖÜ‚Ėá‚Ėá‚Ėá‚Ėá‚Ėá‚Ėá‚Ėą‚Ėą‚Ėą
wandb:           epoch_start_timestamps ‚ĖĀ‚ĖĀ‚ĖĀ‚Ėā‚Ėā‚Ėā‚Ėā‚Ėā‚Ėā‚Ėā‚Ėā‚ĖÉ‚ĖÉ‚ĖĄ‚ĖĄ‚ĖĄ‚ĖĄ‚ĖĄ‚ĖĄ‚ĖĄ‚ĖÖ‚ĖÖ‚ĖÖ‚ĖÖ‚ĖÖ‚ĖÜ‚ĖÜ‚Ėá‚Ėá‚Ėá‚Ėá‚Ėá‚Ėá‚Ėá‚Ėá‚Ėá‚Ėą‚Ėą‚Ėą‚Ėą
wandb:                              lrs ‚Ėą‚Ėą‚Ėą‚Ėá‚Ėá‚Ėá‚Ėá‚ĖÜ‚ĖÜ‚ĖÜ‚ĖÜ‚ĖÜ‚ĖÜ‚ĖÖ‚ĖÖ‚ĖÖ‚ĖÖ‚ĖÖ‚ĖÖ‚ĖÖ‚ĖĄ‚ĖĄ‚ĖĄ‚ĖĄ‚ĖĄ‚ĖÉ‚ĖÉ‚ĖÉ‚ĖÉ‚ĖÉ‚ĖÉ‚Ėā‚Ėā‚Ėā‚Ėā‚Ėā‚Ėā‚ĖĀ‚ĖĀ‚ĖĀ
wandb:                     mean_fg_dice ‚ĖĀ‚Ėā‚ĖÉ‚Ėā‚ĖÉ‚Ėā‚ĖĀ‚ĖÖ‚ĖÉ‚ĖĄ‚ĖÖ‚ĖĄ‚ĖÜ‚ĖÖ‚ĖÜ‚ĖĄ‚Ėá‚ĖÜ‚ĖĄ‚ĖÖ‚ĖÜ‚Ėá‚ĖÜ‚ĖĄ‚Ėá‚ĖÜ‚ĖĄ‚ĖĄ‚ĖÜ‚ĖÖ‚ĖÜ‚ĖÖ‚ĖĄ‚ĖÜ‚Ėá‚ĖÜ‚Ėá‚ĖÜ‚Ėą‚Ėą
wandb:                     train_losses ‚Ėą‚Ėą‚Ėá‚Ėą‚Ėą‚Ėá‚Ėá‚ĖÜ‚ĖÜ‚ĖÜ‚ĖÜ‚ĖÜ‚ĖÜ‚ĖÖ‚ĖÖ‚ĖÖ‚ĖÖ‚ĖÖ‚ĖÖ‚ĖĄ‚ĖĄ‚ĖĄ‚ĖÉ‚ĖÉ‚ĖÉ‚ĖÉ‚ĖÉ‚ĖÉ‚Ėā‚Ėā‚Ėā‚Ėā‚Ėā‚Ėā‚ĖĀ‚ĖĀ‚ĖĀ‚ĖĀ‚ĖĀ‚ĖĀ
wandb:                       val_losses ‚Ėą‚ĖĄ‚ĖÉ‚ĖĄ‚ĖÉ‚ĖÉ‚ĖÉ‚Ėā‚Ėā‚ĖÉ‚Ėā‚ĖĄ‚ĖĀ‚ĖĄ‚Ėā‚ĖÉ‚ĖÉ‚ĖÉ‚ĖÉ‚Ėā‚Ėā‚ĖĄ‚ĖĄ‚ĖÉ‚ĖĄ‚Ėā‚ĖÉ‚Ėā‚ĖÉ‚ĖÉ‚ĖÉ‚Ėā‚ĖĄ‚ĖÉ‚ĖĄ‚ĖÉ‚ĖĄ‚Ėā‚ĖĄ‚ĖÉ
wandb: 
wandb: Run summary:
wandb:                    current_epoch 999
wandb: dice_per_class_or_region/class_1 0.95371
wandb: dice_per_class_or_region/class_2 0.9241
wandb:                      ema_fg_dice 0.93889
wandb:                 epoch_duration_s 104.32818
wandb:             epoch_end_timestamps 1776761154.49008
wandb:           epoch_start_timestamps 1776761050.1619
wandb:                              lrs 2e-05
wandb:                     mean_fg_dice 0.93891
wandb:                     train_losses -0.96919
wandb:                               +1 ...
wandb: 
Traceback (most recent call last):
  File "/zhome/77/2/187952/projects/spinal-fairness/.venv/bin/nnUNetv2_train", line 10, in <module>
    sys.exit(run_training_entry())
             ~~~~~~~~~~~~~~~~~~^^
  File "/zhome/77/2/187952/projects/spinal-fairness/.venv/lib/python3.13/site-packages/nnunetv2/run/run_training.py", line 268, in run_training_entry
    run_training(args.dataset_name_or_id, args.configuration, args.fold, args.tr, args.p, args.pretrained_weights,
    ~~~~~~~~~~~~^^^^^^^^^^^^^^^^^^^^^^^^^^^^^^^^^^^^^^^^^^^^^^^^^^^^^^^^^^^^^^^^^^^^^^^^^^^^^^^^^^^^^^^^^^^^^^^^^^
                 args.num_gpus, args.npz, args.c, args.val, args.disable_checkpointing, args.val_best,
                 ^^^^^^^^^^^^^^^^^^^^^^^^^^^^^^^^^^^^^^^^^^^^^^^^^^^^^^^^^^^^^^^^^^^^^^^^^^^^^^^^^^^^^
                 device=device)
                 ^^^^^^^^^^^^^^
  File "/zhome/77/2/187952/projects/spinal-fairness/.venv/lib/python3.13/site-packages/nnunetv2/run/run_training.py", line 209, in run_training
    nnunet_trainer.run_training()
    ~~~~~~~~~~~~~~~~~~~~~~~~~~~^^
  File "/zhome/77/2/187952/projects/spinal-fairness/.venv/lib/python3.13/site-packages/nnunetv2/training/nnUNetTrainer/nnUNetTrainer.py", line 1437, in run_training
    self.on_train_end()
    ~~~~~~~~~~~~~~~~~^^
  File "/zhome/77/2/187952/projects/spinal-fairness/.venv/lib/python3.13/site-packages/nnunetv2/training/nnUNetTrainer/variants/training_length/nnUNetTrainerWandB.py", line 82, in on_train_end
    wandb.finish()
    ~~~~~~~~~~~~^^
  File "/zhome/77/2/187952/projects/spinal-fairness/.venv/lib/python3.13/site-packages/wandb/sdk/wandb_run.py", line 4102, in finish
    wandb.run.finish(exit_code=exit_code, quiet=quiet)
    ~~~~~~~~~~~~~~~~^^^^^^^^^^^^^^^^^^^^^^^^^^^^^^^^^^
  File "/zhome/77/2/187952/projects/spinal-fairness/.venv/lib/python3.13/site-packages/wandb/sdk/wandb_run.py", line 399, in wrapper
    return func(self, *args, **kwargs)
  File "/zhome/77/2/187952/projects/spinal-fairness/.venv/lib/python3.13/site-packages/wandb/sdk/wandb_run.py", line 444, in wrapper
    return func(self, *args, **kwargs)
  File "/zhome/77/2/187952/projects/spinal-fairness/.venv/lib/python3.13/site-packages/wandb/sdk/wandb_run.py", line 2279, in finish
    return self._finish(exit_code)
           ~~~~~~~~~~~~^^^^^^^^^^^
  File "/zhome/77/2/187952/projects/spinal-fairness/.venv/lib/python3.13/site-packages/wandb/sdk/wandb_run.py", line 399, in wrapper
    return func(self, *args, **kwargs)
  File "/zhome/77/2/187952/projects/spinal-fairness/.venv/lib/python3.13/site-packages/wandb/sdk/wandb_run.py", line 2307, in _finish
    self._atexit_cleanup(exit_code=exit_code)
    ~~~~~~~~~~~~~~~~~~~~^^^^^^^^^^^^^^^^^^^^^
  File "/zhome/77/2/187952/projects/spinal-fairness/.venv/lib/python3.13/site-packages/wandb/sdk/wandb_run.py", line 2514, in _atexit_cleanup
    Run._footer(
    ~~~~~~~~~~~^
        sampled_history=self._sampled_history,
        ^^^^^^^^^^^^^^^^^^^^^^^^^^^^^^^^^^^^^^
    ...<4 lines>...
        printer=self._printer,
        ^^^^^^^^^^^^^^^^^^^^^^
    )
    ^
  File "/zhome/77/2/187952/projects/spinal-fairness/.venv/lib/python3.13/site-packages/wandb/sdk/wandb_run.py", line 3819, in _footer
    Run._footer_history_summary_info(
    ~~~~~~~~~~~~~~~~~~~~~~~~~~~~~~~~^
        history=sampled_history,
        ^^^^^^^^^^^^^^^^^^^^^^^^
    ...<2 lines>...
        printer=printer,
        ^^^^^^^^^^^^^^^^
    )
    ^
  File "/zhome/77/2/187952/projects/spinal-fairness/.venv/lib/python3.13/site-packages/wandb/sdk/wandb_run.py", line 3916, in _footer_history_summary_info
    printer.display(printer.panel(panel))
    ~~~~~~~~~~~~~~~^^^^^^^^^^^^^^^^^^^^^^
  File "/zhome/77/2/187952/projects/spinal-fairness/.venv/lib/python3.13/site-packages/wandb/sdk/lib/printer.py", line 315, in display
    self._display_fn_mapping(level)(text)
    ~~~~~~~~~~~~~~~~~~~~~~~~~~~~~~~^^^^^^
  File "/zhome/77/2/187952/projects/spinal-fairness/.venv/lib/python3.13/site-packages/wandb/errors/term.py", line 217, in termlog
    _log(
    ~~~~^
        string,
        ^^^^^^^
    ...<3 lines>...
        silent=not _show_info,
        ^^^^^^^^^^^^^^^^^^^^^^
    )
    ^
  File "/zhome/77/2/187952/projects/spinal-fairness/.venv/lib/python3.13/site-packages/wandb/errors/term.py", line 520, in _log
    click.echo(string, file=sys.stderr, nl=newline)
    ~~~~~~~~~~^^^^^^^^^^^^^^^^^^^^^^^^^^^^^^^^^^^^^
  File "/zhome/77/2/187952/projects/spinal-fairness/.venv/lib/python3.13/site-packages/click/utils.py", line 321, in echo
    file.write(out)  # type: ignore
    ~~~~~~~~~~^^^^^
  File "/zhome/77/2/187952/projects/spinal-fairness/.venv/lib/python3.13/site-packages/wandb/sdk/lib/console_capture.py", line 184, in write_with_callbacks
    n = orig_write(s)
OSError: [Errno 28] No space left on device
