Resolved 120 packages in 552ms
Audited 117 packages in 228ms
wandb: [wandb.login()] Loaded credentials for https://api.wandb.ai from WANDB_API_KEY.
wandb: Currently logged in as: linusjunidtu (linusjunidtu-danmarks-tekniske-universitet-dtu) to https://api.wandb.ai. Use `wandb login --relogin` to force relogin
wandb: setting up run vx99p7uf
wandb: Tracking run with wandb version 0.25.1
wandb: Run data is saved locally in /work3/s225224/nnunet/results/Dataset001_CSpineSeg/nnUNetTrainerWandB__nnUNetResEncUNetLPlans__3d_fullres/fold_0/wandb/run-20260424_034955-vx99p7uf
wandb: Run `wandb offline` to turn off syncing.
wandb: Syncing run dashing-monkey-12
wandb: 猸愶笍 View project at https://wandb.ai/linusjunidtu-danmarks-tekniske-universitet-dtu/spinal-fairness
wandb: 馃殌 View run at https://wandb.ai/linusjunidtu-danmarks-tekniske-universitet-dtu/spinal-fairness/runs/vx99p7uf
/zhome/77/2/187952/projects/spinal-fairness/.venv/lib/python3.13/site-packages/torch/_inductor/lowering.py:7836: UserWarning: 
Online softmax is disabled on the fly since Inductor decides to
split the reduction. Cut an issue to PyTorch if this is an
important use case and you want to speed it up with online
softmax.

  warnings.warn(
/zhome/77/2/187952/projects/spinal-fairness/.venv/lib/python3.13/site-packages/torch/_inductor/lowering.py:7836: UserWarning: 
Online softmax is disabled on the fly since Inductor decides to
split the reduction. Cut an issue to PyTorch if this is an
important use case and you want to speed it up with online
softmax.

  warnings.warn(
/zhome/77/2/187952/projects/spinal-fairness/.venv/lib/python3.13/site-packages/torch/_inductor/lowering.py:7836: UserWarning: 
Online softmax is disabled on the fly since Inductor decides to
split the reduction. Cut an issue to PyTorch if this is an
important use case and you want to speed it up with online
softmax.

  warnings.warn(
/zhome/77/2/187952/projects/spinal-fairness/.venv/lib/python3.13/site-packages/torch/_inductor/lowering.py:7836: UserWarning: 
Online softmax is disabled on the fly since Inductor decides to
split the reduction. Cut an issue to PyTorch if this is an
important use case and you want to speed it up with online
softmax.

  warnings.warn(
/zhome/77/2/187952/projects/spinal-fairness/.venv/lib/python3.13/site-packages/torch/_inductor/lowering.py:7836: UserWarning: 
Online softmax is disabled on the fly since Inductor decides to
split the reduction. Cut an issue to PyTorch if this is an
important use case and you want to speed it up with online
softmax.

  warnings.warn(
wandb: uploading artifact checkpoint-fold0; updating run metadata
wandb: uploading artifact checkpoint-fold0
wandb: uploading artifact checkpoint-fold0; uploading wandb-summary.json; uploading config.yaml; uploading output.log
wandb: uploading artifact checkpoint-fold0
wandb: uploading artifact checkpoint-fold0; uploading history steps 999-999, summary
wandb: uploading artifact checkpoint-fold0
wandb: uploading artifact checkpoint-fold0; uploading data
wandb: uploading artifact checkpoint-fold0
wandb: 
wandb: Run history:
wandb: dice_per_class_or_region/class_1 鈻佲杽鈻嗏枂鈻嗏枂鈻団枀鈻嗏枃鈻団枃鈻呪枀鈻嗏枅鈻団枃鈻団枃鈻団枅鈻嗏枃鈻嗏枃鈻団枃鈻団枃鈻団枃鈻堚枃鈻堚枃鈻堚枃鈻団枃
wandb: dice_per_class_or_region/class_2 鈻冣杹鈻呪枀鈻呪枃鈻呪枂鈻嗏枀鈻嗏枂鈻勨枂鈻嗏枀鈻呪枅鈻呪枂鈻団枂鈻嗏杺鈻団枂鈻堚枀鈻嗏枅鈻呪杻鈻呪枃鈻嗏枅鈻嗏枂鈻嗏枃
wandb:                      ema_fg_dice 鈻佲枅鈻堚枅鈻堚枅鈻堚枅鈻堚枅鈻堚枅鈻堚枅鈻堚枅鈻堚枅鈻堚枅鈻堚枅鈻堚枅鈻堚枅鈻堚枅鈻堚枅鈻堚枅鈻堚枅鈻堚枅鈻堚枅鈻堚枅
wandb:                 epoch_duration_s 鈻佲枀鈻呪枃鈻団枃鈻嗏枃鈻堚枅鈻団枀鈻呪枂鈻団枂鈻呪枀鈻呪枂鈻嗏枂鈻嗏枃鈻呪杻鈻呪杽鈻冣杽鈻勨杽鈻勨枂鈻呪枂鈻団枃鈻嗏枂
wandb:             epoch_end_timestamps 鈻佲杹鈻佲杹鈻傗杺鈻傗杺鈻傗杻鈻冣杻鈻冣杻鈻冣杽鈻勨杽鈻勨杽鈻呪枀鈻呪枀鈻呪枀鈻呪枀鈻呪枂鈻嗏枂鈻団枃鈻団枃鈻堚枅鈻堚枅
wandb:           epoch_start_timestamps 鈻佲杹鈻佲杹鈻佲杺鈻傗杺鈻傗杺鈻傗杻鈻冣杻鈻冣杻鈻冣杽鈻勨杽鈻勨杽鈻勨杽鈻勨杽鈻呪枀鈻呪枀鈻嗏枂鈻団枃鈻団枃鈻団枅鈻堚枅
wandb:                              lrs 鈻堚枅鈻堚枅鈻堚枃鈻団枃鈻団枃鈻団枃鈻団枃鈻団枂鈻嗏枂鈻嗏枂鈻呪枀鈻呪杽鈻勨杽鈻勨杻鈻冣杺鈻傗杺鈻傗杺鈻佲杹鈻佲杹鈻佲杹
wandb:                     mean_fg_dice 鈻佲杹鈻冣枂鈻嗏枀鈻団枂鈻嗏枀鈻嗏枃鈻嗏枃鈻嗏枃鈻堚枃鈻団枅鈻団枅鈻堚枃鈻団枅鈻嗏枅鈻団枂鈻堚枃鈻堚枃鈻団枅鈻団枂鈻団枅
wandb:                     train_losses 鈻堚杻鈻傗杺鈻冣杺鈻傗杺鈻傗杺鈻傗杺鈻傗杺鈻傗杺鈻傗杺鈻傗杺鈻傗杺鈻傗杹鈻佲杹鈻佲杹鈻佲杹鈻佲杹鈻佲杹鈻佲杹鈻佲杹鈻佲杹
wandb:                       val_losses 鈻堚枂鈻勨杻鈻傗杻鈻冣杽鈻冣杽鈻冣杻鈻傗杺鈻傗杺鈻傗杻鈻傗枀鈻冣杺鈻傗杻鈻傗杹鈻傗杺鈻傗杺鈻傗杺鈻傗杺鈻傗杹鈻傗杺鈻傗杺
wandb: 
wandb: Run summary:
wandb:                    current_epoch 999
wandb: dice_per_class_or_region/class_1 0.95469
wandb: dice_per_class_or_region/class_2 0.92708
wandb:                      ema_fg_dice 0.94168
wandb:                 epoch_duration_s 144.08203
wandb:             epoch_end_timestamps 1777142134.43608
wandb:           epoch_start_timestamps 1777141990.35405
wandb:                              lrs 2e-05
wandb:                     mean_fg_dice 0.94088
wandb:                     train_losses -0.95007
wandb:                               +1 ...
wandb: 
wandb: 馃殌 View run 3d_fullres_fold0 at: https://wandb.ai/linusjunidtu-danmarks-tekniske-universitet-dtu/spinal-fairness/runs/vx99p7uf
wandb: 猸愶笍 View project at: https://wandb.ai/linusjunidtu-danmarks-tekniske-universitet-dtu/spinal-fairness
wandb: Synced 5 W&B file(s), 1000 media file(s), 2 artifact file(s) and 0 other file(s)
wandb: Find logs at: /work3/s225224/nnunet/results/Dataset001_CSpineSeg/nnUNetTrainerWandB__nnUNetResEncUNetLPlans__3d_fullres/fold_0/wandb/run-20260424_034955-vx99p7uf/logs
wandb: ERROR Run (vx99p7uf) is finished. The call to `_summary_update_callback` will be ignored. Please make sure that you are using an active run.
Traceback (most recent call last):
  File "/zhome/77/2/187952/projects/spinal-fairness/.venv/bin/nnUNetv2_train", line 10, in <module>
    sys.exit(run_training_entry())
             ~~~~~~~~~~~~~~~~~~^^
  File "/zhome/77/2/187952/projects/spinal-fairness/.venv/lib/python3.13/site-packages/nnunetv2/run/run_training.py", line 268, in run_training_entry
    run_training(args.dataset_name_or_id, args.configuration, args.fold, args.tr, args.p, args.pretrained_weights,
    ~~~~~~~~~~~~^^^^^^^^^^^^^^^^^^^^^^^^^^^^^^^^^^^^^^^^^^^^^^^^^^^^^^^^^^^^^^^^^^^^^^^^^^^^^^^^^^^^^^^^^^^^^^^^^^
                 args.num_gpus, args.npz, args.c, args.val, args.disable_checkpointing, args.val_best,
                 ^^^^^^^^^^^^^^^^^^^^^^^^^^^^^^^^^^^^^^^^^^^^^^^^^^^^^^^^^^^^^^^^^^^^^^^^^^^^^^^^^^^^^
                 device=device)
                 ^^^^^^^^^^^^^^
  File "/zhome/77/2/187952/projects/spinal-fairness/.venv/lib/python3.13/site-packages/nnunetv2/run/run_training.py", line 213, in run_training
    nnunet_trainer.perform_actual_validation(export_validation_probabilities)
    ~~~~~~~~~~~~~~~~~~~~~~~~~~~~~~~~~~~~~~~~^^^^^^^^^^^^^^^^^^^^^^^^^^^^^^^^^
  File "/zhome/77/2/187952/projects/spinal-fairness/.venv/lib/python3.13/site-packages/nnunetv2/training/nnUNetTrainer/nnUNetTrainer.py", line 1407, in perform_actual_validation
    self.logger.log_summary(f"final_val/class_{label}_dice", metrics["mean"][label]["Dice"])
    ~~~~~~~~~~~~~~~~~~~~~~~^^^^^^^^^^^^^^^^^^^^^^^^^^^^^^^^^^^^^^^^^^^^^^^^^^^^^^^^^^^^^^^^^
  File "/zhome/77/2/187952/projects/spinal-fairness/.venv/lib/python3.13/site-packages/nnunetv2/training/logging/nnunet_logger.py", line 90, in log_summary
    logger.log_summary(key, value)
    ~~~~~~~~~~~~~~~~~~^^^^^^^^^^^^
  File "/zhome/77/2/187952/projects/spinal-fairness/.venv/lib/python3.13/site-packages/nnunetv2/training/logging/nnunet_logger.py", line 302, in log_summary
    self.run.summary[key] = value
    ~~~~~~~~~~~~~~~~^^^^^
  File "/zhome/77/2/187952/projects/spinal-fairness/.venv/lib/python3.13/site-packages/wandb/sdk/wandb_summary.py", line 52, in __setitem__
    self.update({key: val})
    ~~~~~~~~~~~^^^^^^^^^^^^
  File "/zhome/77/2/187952/projects/spinal-fairness/.venv/lib/python3.13/site-packages/wandb/sdk/wandb_summary.py", line 73, in update
    self._update(record)
    ~~~~~~~~~~~~^^^^^^^^
  File "/zhome/77/2/187952/projects/spinal-fairness/.venv/lib/python3.13/site-packages/wandb/sdk/wandb_summary.py", line 127, in _update
    self._update_callback(record)
    ~~~~~~~~~~~~~~~~~~~~~^^^^^^^^
  File "/zhome/77/2/187952/projects/spinal-fairness/.venv/lib/python3.13/site-packages/wandb/sdk/wandb_run.py", line 399, in wrapper
    return func(self, *args, **kwargs)
  File "/zhome/77/2/187952/projects/spinal-fairness/.venv/lib/python3.13/site-packages/wandb/sdk/wandb_run.py", line 465, in wrapper_fn
    raise UsageError(message)
wandb.errors.errors.UsageError: Run (vx99p7uf) is finished. The call to `_summary_update_callback` will be ignored. Please make sure that you are using an active run.
