Resolved 122 packages in 3ms
Audited 119 packages in 21ms
wandb: [wandb.login()] Loaded credentials for https://api.wandb.ai from WANDB_API_KEY.
wandb: Currently logged in as: linusjunidtu (linusjunidtu-danmarks-tekniske-universitet-dtu) to https://api.wandb.ai. Use `wandb login --relogin` to force relogin
wandb: setting up run qhn69egj
wandb: Tracking run with wandb version 0.25.1
wandb: Run data is saved locally in /work3/s225224/nnunet/results/Dataset002_CSpineSeg_Gold/nnUNetTrainerWandB__nnUNetResEncUNetLPlans__3d_fullres/fold_3/wandb/run-20260516_021007-qhn69egj
wandb: Run `wandb offline` to turn off syncing.
wandb: Syncing run northern-wood-33
wandb: 猸愶笍 View project at https://wandb.ai/linusjunidtu-danmarks-tekniske-universitet-dtu/spinal-fairness
wandb: 馃殌 View run at https://wandb.ai/linusjunidtu-danmarks-tekniske-universitet-dtu/spinal-fairness/runs/qhn69egj
wandb: uploading artifact checkpoint-fold3; updating run metadata
wandb: uploading artifact checkpoint-fold3
wandb: uploading artifact checkpoint-fold3; uploading output.log; uploading wandb-summary.json; uploading config.yaml
wandb: uploading artifact checkpoint-fold3
wandb: uploading artifact checkpoint-fold3; uploading history steps 999-999, summary
wandb: uploading artifact checkpoint-fold3
wandb: uploading data
wandb: 
wandb: Run history:
wandb: dice_per_class_or_region/class_1 鈻堚枂鈻堚枀鈻嗏杽鈻呪枂鈻呪枂鈻呪枀鈻佲杽鈻嗏杽鈻嗏杽鈻嗏枂鈻勨杻鈻呪枂鈻勨枀鈻呪枂鈻呪杽鈻勨枃鈻呪枂鈻呪杽鈻呪杽鈻呪枂
wandb: dice_per_class_or_region/class_2 鈻堚枀鈻傗枀鈻嗏杽鈻嗏枂鈻冣枂鈻団杽鈻傗枂鈻嗏枃鈻呪杻鈻堚枀鈻嗏枀鈻呪枀鈻呪枀鈻呪杽鈻傗枂鈻勨枀鈻団枂鈻勨杹鈻勨枀鈻傗枀
wandb:                      ema_fg_dice 鈻佲枂鈻嗏枃鈻堚枅鈻堚枅鈻堚枅鈻堚枅鈻堚枅鈻堚枅鈻堚枅鈻堚枅鈻堚枅鈻堚枅鈻堚枅鈻堚枅鈻堚枅鈻堚枅鈻堚枅鈻堚枅鈻堚枅鈻堚枅
wandb:                 epoch_duration_s 鈻佲枀鈻堚枂鈻嗏枃鈻勨杽鈻傗枀鈻堚杽鈻勨枂鈻冣杽鈻呪杻鈻呪枂鈻嗏杽鈻嗏枃鈻傗枃鈻嗏杻鈻冣杻鈻冣枀鈻勨杻鈻傗杻鈻嗏杽鈻団杽
wandb:             epoch_end_timestamps 鈻佲杹鈻佲杹鈻佲杺鈻傗杺鈻冣杻鈻冣杻鈻冣杻鈻勨杽鈻勨杽鈻勨杽鈻勨枀鈻呪枀鈻呪枀鈻呪枀鈻嗏枂鈻嗏枂鈻団枃鈻団枃鈻堚枅鈻堚枅
wandb:           epoch_start_timestamps 鈻佲杹鈻佲杹鈻佲杺鈻傗杺鈻傗杺鈻傗杻鈻冣杻鈻冣杻鈻冣杻鈻勨杽鈻勨杽鈻勨杽鈻呪枀鈻呪枀鈻呪枀鈻嗏枂鈻嗏枂鈻団枃鈻団枃鈻堚枅
wandb:                              lrs 鈻堚枅鈻堚枅鈻団枃鈻団枃鈻団枃鈻嗏枂鈻嗏枂鈻呪枀鈻呪枀鈻呪枀鈻呪枀鈻呪杽鈻勨杽鈻勨杽鈻勨杽鈻冣杻鈻冣杺鈻傗杺鈻傗杹鈻佲杹
wandb:                     mean_fg_dice 鈻団枃鈻堚杻鈻嗏杹鈻勨杻鈻勨枀鈻嗏杹鈻堚枀鈻呪杻鈻嗏枂鈻嗏枃鈻冣枃鈻呪枅鈻呪枃鈻堚枂鈻冣枃鈻嗏枃鈻堚枂鈻呪杽鈻堚枀鈻呪枀
wandb:                     train_losses 鈻堚枂鈻嗏枀鈻呪枀鈻勨杽鈻勨杽鈻勨杽鈻冣杻鈻冣杻鈻冣杻鈻勨杻鈻冣杺鈻傗杺鈻傗杻鈻傗杺鈻傗杺鈻佲杹鈻佲杹鈻佲杹鈻佲杹鈻佲杹
wandb:                       val_losses 鈻堚枃鈻勨杻鈻佲杹鈻呪杻鈻佲杺鈻冣杻鈻呪杻鈻傗杻鈻佲杽鈻呪杺鈻冣杽鈻勨杻鈻勨杺鈻冣杽鈻嗏枀鈻呪杻鈻堚杻鈻勨枂鈻呪枀鈻呪枀
wandb: 
wandb: Run summary:
wandb:                    current_epoch 999
wandb: dice_per_class_or_region/class_1 0.89413
wandb: dice_per_class_or_region/class_2 0.83575
wandb:                      ema_fg_dice 0.87339
wandb:                 epoch_duration_s 143.54961
wandb:             epoch_end_timestamps 1779035405.28135
wandb:           epoch_start_timestamps 1779035261.73174
wandb:                              lrs 2e-05
wandb:                     mean_fg_dice 0.86494
wandb:                     train_losses -0.95639
wandb:                               +1 ...
wandb: 
wandb: 馃殌 View run 3d_fullres_fold3 at: https://wandb.ai/linusjunidtu-danmarks-tekniske-universitet-dtu/spinal-fairness/runs/qhn69egj
wandb: 猸愶笍 View project at: https://wandb.ai/linusjunidtu-danmarks-tekniske-universitet-dtu/spinal-fairness
wandb: Synced 5 W&B file(s), 1000 media file(s), 2 artifact file(s) and 0 other file(s)
wandb: Find logs at: /work3/s225224/nnunet/results/Dataset002_CSpineSeg_Gold/nnUNetTrainerWandB__nnUNetResEncUNetLPlans__3d_fullres/fold_3/wandb/run-20260516_021007-qhn69egj/logs
wandb: ERROR Run (qhn69egj) is finished. The call to `_summary_update_callback` will be ignored. Please make sure that you are using an active run.
Traceback (most recent call last):
  File "/zhome/77/2/187952/projects/spinal-fairness/.venv/bin/nnUNetv2_train", line 10, in <module>
    sys.exit(run_training_entry())
             ~~~~~~~~~~~~~~~~~~^^
  File "/zhome/77/2/187952/projects/spinal-fairness/.venv/lib/python3.13/site-packages/nnunetv2/run/run_training.py", line 268, in run_training_entry
    run_training(args.dataset_name_or_id, args.configuration, args.fold, args.tr, args.p, args.pretrained_weights,
    ~~~~~~~~~~~~^^^^^^^^^^^^^^^^^^^^^^^^^^^^^^^^^^^^^^^^^^^^^^^^^^^^^^^^^^^^^^^^^^^^^^^^^^^^^^^^^^^^^^^^^^^^^^^^^^
                 args.num_gpus, args.npz, args.c, args.val, args.disable_checkpointing, args.val_best,
                 ^^^^^^^^^^^^^^^^^^^^^^^^^^^^^^^^^^^^^^^^^^^^^^^^^^^^^^^^^^^^^^^^^^^^^^^^^^^^^^^^^^^^^
                 device=device)
                 ^^^^^^^^^^^^^^
  File "/zhome/77/2/187952/projects/spinal-fairness/.venv/lib/python3.13/site-packages/nnunetv2/run/run_training.py", line 213, in run_training
    nnunet_trainer.perform_actual_validation(export_validation_probabilities)
    ~~~~~~~~~~~~~~~~~~~~~~~~~~~~~~~~~~~~~~~~^^^^^^^^^^^^^^^^^^^^^^^^^^^^^^^^^
  File "/zhome/77/2/187952/projects/spinal-fairness/.venv/lib/python3.13/site-packages/nnunetv2/training/nnUNetTrainer/nnUNetTrainer.py", line 1407, in perform_actual_validation
    self.logger.log_summary(f"final_val/class_{label}_dice", metrics["mean"][label]["Dice"])
    ~~~~~~~~~~~~~~~~~~~~~~~^^^^^^^^^^^^^^^^^^^^^^^^^^^^^^^^^^^^^^^^^^^^^^^^^^^^^^^^^^^^^^^^^
  File "/zhome/77/2/187952/projects/spinal-fairness/.venv/lib/python3.13/site-packages/nnunetv2/training/logging/nnunet_logger.py", line 90, in log_summary
    logger.log_summary(key, value)
    ~~~~~~~~~~~~~~~~~~^^^^^^^^^^^^
  File "/zhome/77/2/187952/projects/spinal-fairness/.venv/lib/python3.13/site-packages/nnunetv2/training/logging/nnunet_logger.py", line 302, in log_summary
    self.run.summary[key] = value
    ~~~~~~~~~~~~~~~~^^^^^
  File "/zhome/77/2/187952/projects/spinal-fairness/.venv/lib/python3.13/site-packages/wandb/sdk/wandb_summary.py", line 52, in __setitem__
    self.update({key: val})
    ~~~~~~~~~~~^^^^^^^^^^^^
  File "/zhome/77/2/187952/projects/spinal-fairness/.venv/lib/python3.13/site-packages/wandb/sdk/wandb_summary.py", line 73, in update
    self._update(record)
    ~~~~~~~~~~~~^^^^^^^^
  File "/zhome/77/2/187952/projects/spinal-fairness/.venv/lib/python3.13/site-packages/wandb/sdk/wandb_summary.py", line 127, in _update
    self._update_callback(record)
    ~~~~~~~~~~~~~~~~~~~~~^^^^^^^^
  File "/zhome/77/2/187952/projects/spinal-fairness/.venv/lib/python3.13/site-packages/wandb/sdk/wandb_run.py", line 399, in wrapper
    return func(self, *args, **kwargs)
  File "/zhome/77/2/187952/projects/spinal-fairness/.venv/lib/python3.13/site-packages/wandb/sdk/wandb_run.py", line 465, in wrapper_fn
    raise UsageError(message)
wandb.errors.errors.UsageError: Run (qhn69egj) is finished. The call to `_summary_update_callback` will be ignored. Please make sure that you are using an active run.
