Resolved 120 packages in 908ms
Audited 117 packages in 217ms
wandb: [wandb.login()] Loaded credentials for https://api.wandb.ai from WANDB_API_KEY.
wandb: Currently logged in as: linusjunidtu (linusjunidtu-danmarks-tekniske-universitet-dtu) to https://api.wandb.ai. Use `wandb login --relogin` to force relogin
wandb: setting up run bgkn10tl
wandb: Tracking run with wandb version 0.25.1
wandb: Run data is saved locally in /work3/s225224/nnunet/results/Dataset001_CSpineSeg/nnUNetTrainerWandB__nnUNetResEncUNetLPlans__3d_fullres/fold_4/wandb/run-20260426_035844-bgkn10tl
wandb: Run `wandb offline` to turn off syncing.
wandb: Syncing run fearless-pine-16
wandb: 猸愶笍 View project at https://wandb.ai/linusjunidtu-danmarks-tekniske-universitet-dtu/spinal-fairness
wandb: 馃殌 View run at https://wandb.ai/linusjunidtu-danmarks-tekniske-universitet-dtu/spinal-fairness/runs/bgkn10tl
/zhome/77/2/187952/projects/spinal-fairness/.venv/lib/python3.13/site-packages/torch/_inductor/lowering.py:7836: UserWarning: 
Online softmax is disabled on the fly since Inductor decides to
split the reduction. Cut an issue to PyTorch if this is an
important use case and you want to speed it up with online
softmax.

  warnings.warn(
/zhome/77/2/187952/projects/spinal-fairness/.venv/lib/python3.13/site-packages/torch/_inductor/lowering.py:7836: UserWarning: 
Online softmax is disabled on the fly since Inductor decides to
split the reduction. Cut an issue to PyTorch if this is an
important use case and you want to speed it up with online
softmax.

  warnings.warn(
/zhome/77/2/187952/projects/spinal-fairness/.venv/lib/python3.13/site-packages/torch/_inductor/lowering.py:7836: UserWarning: 
Online softmax is disabled on the fly since Inductor decides to
split the reduction. Cut an issue to PyTorch if this is an
important use case and you want to speed it up with online
softmax.

  warnings.warn(
/zhome/77/2/187952/projects/spinal-fairness/.venv/lib/python3.13/site-packages/torch/_inductor/lowering.py:7836: UserWarning: 
Online softmax is disabled on the fly since Inductor decides to
split the reduction. Cut an issue to PyTorch if this is an
important use case and you want to speed it up with online
softmax.

  warnings.warn(
/zhome/77/2/187952/projects/spinal-fairness/.venv/lib/python3.13/site-packages/torch/_inductor/lowering.py:7836: UserWarning: 
Online softmax is disabled on the fly since Inductor decides to
split the reduction. Cut an issue to PyTorch if this is an
important use case and you want to speed it up with online
softmax.

  warnings.warn(
wandb: uploading artifact checkpoint-fold4; updating run metadata
wandb: uploading artifact checkpoint-fold4
wandb: uploading artifact checkpoint-fold4; uploading output.log; uploading wandb-summary.json
wandb: uploading artifact checkpoint-fold4; uploading output.log
wandb: uploading artifact checkpoint-fold4
wandb: uploading artifact checkpoint-fold4; uploading data
wandb: uploading artifact checkpoint-fold4
wandb: uploading artifact checkpoint-fold4; uploading data
wandb: uploading artifact checkpoint-fold4
wandb: uploading data
wandb: 
wandb: Run history:
wandb: dice_per_class_or_region/class_1 鈻傗杹鈻嗏枂鈻嗏杻鈻嗏枂鈻団枂鈻呪枃鈻団杽鈻嗏枂鈻堚枃鈻団枅鈻堚枃鈻団枂鈻堚枃鈻嗏枃鈻呪枃鈻堚枀鈻嗏枃鈻堚枃鈻団枅鈻団枂
wandb: dice_per_class_or_region/class_2 鈻佲杻鈻呪枂鈻団枀鈻呪杽鈻嗏枂鈻呪枃鈻嗏枂鈻嗏枃鈻嗏枂鈻嗏枂鈻嗏枂鈻団枃鈻嗏枃鈻嗏枃鈻呪枅鈻堚枀鈻団枅鈻団枅鈻嗏枅鈻堚枂
wandb:                      ema_fg_dice 鈻佲杻鈻勨杽鈻冣杽鈻勨枀鈻呪枀鈻呪枂鈻呪枂鈻呪枀鈻呪枀鈻呪枀鈻嗏枂鈻嗏枂鈻団枂鈻嗏枂鈻嗏枃鈻団枂鈻団枃鈻団枃鈻堚枅鈻堚枃
wandb:                 epoch_duration_s 鈻勨杻鈻呪枂鈻呪枀鈻冣枀鈻呪杽鈻嗏杺鈻嗏枅鈻勨枃鈻勨枂鈻佲枅鈻団枃鈻冣枂鈻傗枀鈻傗杽鈻勨枂鈻嗏枂鈻嗏枃鈻傗杺鈻勨杽鈻嗏杽
wandb:             epoch_end_timestamps 鈻佲杹鈻佲杹鈻傗杺鈻傗杺鈻傗杺鈻傗杺鈻冣杻鈻冣杻鈻冣杽鈻勨杽鈻勨枀鈻嗏枂鈻嗏枂鈻嗏枃鈻団枃鈻団枃鈻団枅鈻堚枅鈻堚枅鈻堚枅
wandb:           epoch_start_timestamps 鈻佲杹鈻佲杺鈻傗杺鈻傗杺鈻傗杺鈻冣杻鈻冣杻鈻冣杻鈻勨杽鈻勨杽鈻呪枀鈻呪枀鈻嗏枂鈻嗏枂鈻嗏枂鈻嗏枂鈻嗏枃鈻団枃鈻団枅鈻堚枅
wandb:                              lrs 鈻堚枅鈻堚枅鈻堚枅鈻堚枅鈻団枃鈻団枂鈻嗏枂鈻嗏枂鈻嗏枂鈻嗏枂鈻呪杽鈻勨杽鈻勨杻鈻冣杻鈻冣杻鈻傗杺鈻傗杺鈻傗杺鈻佲杹鈻佲杹
wandb:                     mean_fg_dice 鈻佲枀鈻勨杺鈻佲杻鈻勨杻鈻嗏枂鈻冣杽鈻嗏枂鈻嗏枂鈻団枃鈻冣枂鈻嗏枂鈻堚枃鈻団杽鈻勨杽鈻団枂鈻嗏枂鈻呪枃鈻団枂鈻嗏枂鈻堚枃
wandb:                     train_losses 鈻堚杽鈻勨杽鈻勨杻鈻勨杻鈻冣杻鈻冣杻鈻冣杻鈻冣杻鈻冣杻鈻冣杻鈻冣杺鈻傗杺鈻傗杺鈻傗杺鈻傗杺鈻傗杺鈻佲杺鈻傗杹鈻佲杹鈻佲杹
wandb:                       val_losses 鈻団枅鈻呪杽鈻勨杽鈻勨杻鈻勨枀鈻勨杹鈻冣杽鈻佲杺鈻冣杺鈻呪杻鈻冣枀鈻傗杻鈻傗杺鈻傗杹鈻冣杺鈻傗杺鈻傗杽鈻佲杹鈻佲杺鈻傗杺
wandb: 
wandb: Run summary:
wandb:                    current_epoch 999
wandb: dice_per_class_or_region/class_1 0.95321
wandb: dice_per_class_or_region/class_2 0.92444
wandb:                      ema_fg_dice 0.93408
wandb:                 epoch_duration_s 142.48995
wandb:             epoch_end_timestamps 1777312940.44265
wandb:           epoch_start_timestamps 1777312797.95271
wandb:                              lrs 2e-05
wandb:                     mean_fg_dice 0.93883
wandb:                     train_losses -0.94937
wandb:                               +1 ...
wandb: 
wandb: 馃殌 View run 3d_fullres_fold4 at: https://wandb.ai/linusjunidtu-danmarks-tekniske-universitet-dtu/spinal-fairness/runs/bgkn10tl
wandb: 猸愶笍 View project at: https://wandb.ai/linusjunidtu-danmarks-tekniske-universitet-dtu/spinal-fairness
wandb: Synced 5 W&B file(s), 1000 media file(s), 2 artifact file(s) and 0 other file(s)
wandb: Find logs at: /work3/s225224/nnunet/results/Dataset001_CSpineSeg/nnUNetTrainerWandB__nnUNetResEncUNetLPlans__3d_fullres/fold_4/wandb/run-20260426_035844-bgkn10tl/logs
wandb: ERROR Run (bgkn10tl) is finished. The call to `_summary_update_callback` will be ignored. Please make sure that you are using an active run.
Traceback (most recent call last):
  File "/zhome/77/2/187952/projects/spinal-fairness/.venv/bin/nnUNetv2_train", line 10, in <module>
    sys.exit(run_training_entry())
             ~~~~~~~~~~~~~~~~~~^^
  File "/zhome/77/2/187952/projects/spinal-fairness/.venv/lib/python3.13/site-packages/nnunetv2/run/run_training.py", line 268, in run_training_entry
    run_training(args.dataset_name_or_id, args.configuration, args.fold, args.tr, args.p, args.pretrained_weights,
    ~~~~~~~~~~~~^^^^^^^^^^^^^^^^^^^^^^^^^^^^^^^^^^^^^^^^^^^^^^^^^^^^^^^^^^^^^^^^^^^^^^^^^^^^^^^^^^^^^^^^^^^^^^^^^^
                 args.num_gpus, args.npz, args.c, args.val, args.disable_checkpointing, args.val_best,
                 ^^^^^^^^^^^^^^^^^^^^^^^^^^^^^^^^^^^^^^^^^^^^^^^^^^^^^^^^^^^^^^^^^^^^^^^^^^^^^^^^^^^^^
                 device=device)
                 ^^^^^^^^^^^^^^
  File "/zhome/77/2/187952/projects/spinal-fairness/.venv/lib/python3.13/site-packages/nnunetv2/run/run_training.py", line 213, in run_training
    nnunet_trainer.perform_actual_validation(export_validation_probabilities)
    ~~~~~~~~~~~~~~~~~~~~~~~~~~~~~~~~~~~~~~~~^^^^^^^^^^^^^^^^^^^^^^^^^^^^^^^^^
  File "/zhome/77/2/187952/projects/spinal-fairness/.venv/lib/python3.13/site-packages/nnunetv2/training/nnUNetTrainer/nnUNetTrainer.py", line 1407, in perform_actual_validation
    self.logger.log_summary(f"final_val/class_{label}_dice", metrics["mean"][label]["Dice"])
    ~~~~~~~~~~~~~~~~~~~~~~~^^^^^^^^^^^^^^^^^^^^^^^^^^^^^^^^^^^^^^^^^^^^^^^^^^^^^^^^^^^^^^^^^
  File "/zhome/77/2/187952/projects/spinal-fairness/.venv/lib/python3.13/site-packages/nnunetv2/training/logging/nnunet_logger.py", line 90, in log_summary
    logger.log_summary(key, value)
    ~~~~~~~~~~~~~~~~~~^^^^^^^^^^^^
  File "/zhome/77/2/187952/projects/spinal-fairness/.venv/lib/python3.13/site-packages/nnunetv2/training/logging/nnunet_logger.py", line 302, in log_summary
    self.run.summary[key] = value
    ~~~~~~~~~~~~~~~~^^^^^
  File "/zhome/77/2/187952/projects/spinal-fairness/.venv/lib/python3.13/site-packages/wandb/sdk/wandb_summary.py", line 52, in __setitem__
    self.update({key: val})
    ~~~~~~~~~~~^^^^^^^^^^^^
  File "/zhome/77/2/187952/projects/spinal-fairness/.venv/lib/python3.13/site-packages/wandb/sdk/wandb_summary.py", line 73, in update
    self._update(record)
    ~~~~~~~~~~~~^^^^^^^^
  File "/zhome/77/2/187952/projects/spinal-fairness/.venv/lib/python3.13/site-packages/wandb/sdk/wandb_summary.py", line 127, in _update
    self._update_callback(record)
    ~~~~~~~~~~~~~~~~~~~~~^^^^^^^^
  File "/zhome/77/2/187952/projects/spinal-fairness/.venv/lib/python3.13/site-packages/wandb/sdk/wandb_run.py", line 399, in wrapper
    return func(self, *args, **kwargs)
  File "/zhome/77/2/187952/projects/spinal-fairness/.venv/lib/python3.13/site-packages/wandb/sdk/wandb_run.py", line 465, in wrapper_fn
    raise UsageError(message)
wandb.errors.errors.UsageError: Run (bgkn10tl) is finished. The call to `_summary_update_callback` will be ignored. Please make sure that you are using an active run.
