Installed custom trainer to /zhome/77/2/187952/projects/spinal-fairness/.venv/lib/python3.13/site-packages/nnunetv2/training/nnUNetTrainer/variants/training_length/nnUNetTrainerWandB.py
=== Training: dataset=1 config=3d_fullres fold=1 plans=nnUNetResEncUNetLPlans trainer=nnUNetTrainerWandB ===
Using device: cuda:0

#######################################################################
Please cite the following paper when using nnU-Net:
Isensee, F., Jaeger, P. F., Kohl, S. A., Petersen, J., & Maier-Hein, K. H. (2021). nnU-Net: a self-configuring method for deep learning-based biomedical image segmentation. Nature methods, 18(2), 203-211.
#######################################################################

2026-04-21 20:35:56.656935: Using torch.compile...
2026-04-21 20:36:03.645580: do_dummy_2d_data_aug: True
2026-04-21 20:36:03.688282: Using splits from existing split file: /work3/s225224/nnunet/preprocessed/Dataset001_CSpineSeg/splits_final.json
2026-04-21 20:36:03.691048: The split file contains 5 splits.
2026-04-21 20:36:03.692097: Desired fold for training: 1
2026-04-21 20:36:03.693868: This split has 731 training and 183 validation cases.
using pin_memory on device 0
using pin_memory on device 0

This is the configuration used by this training:
Configuration name: 3d_fullres
 {'data_identifier': 'nnUNetPlans_3d_fullres', 'preprocessor_name': 'DefaultPreprocessor', 'batch_size': 2, 'patch_size': [16, 512, 512], 'median_image_size_in_voxels': [15.0, 512.0, 512.0], 'spacing': [3.990000009536743, 0.42969998717308044, 0.42969998717308044], 'normalization_schemes': ['ZScoreNormalization'], 'use_mask_for_norm': [False], 'resampling_fn_data': 'resample_data_or_seg_to_shape', 'resampling_fn_seg': 'resample_data_or_seg_to_shape', 'resampling_fn_data_kwargs': {'is_seg': False, 'order': 3, 'order_z': 0, 'force_separate_z': None}, 'resampling_fn_seg_kwargs': {'is_seg': True, 'order': 1, 'order_z': 0, 'force_separate_z': None}, 'resampling_fn_probabilities': 'resample_data_or_seg_to_shape', 'resampling_fn_probabilities_kwargs': {'is_seg': False, 'order': 1, 'order_z': 0, 'force_separate_z': None}, 'architecture': {'network_class_name': 'dynamic_network_architectures.architectures.unet.ResidualEncoderUNet', 'arch_kwargs': {'n_stages': 8, 'features_per_stage': [32, 64, 128, 256, 320, 320, 320, 320], 'conv_op': 'torch.nn.modules.conv.Conv3d', 'kernel_sizes': [[1, 3, 3], [1, 3, 3], [1, 3, 3], [3, 3, 3], [3, 3, 3], [3, 3, 3], [3, 3, 3], [3, 3, 3]], 'strides': [[1, 1, 1], [1, 2, 2], [1, 2, 2], [1, 2, 2], [2, 2, 2], [2, 2, 2], [1, 2, 2], [1, 2, 2]], 'n_blocks_per_stage': [1, 3, 4, 6, 6, 6, 6, 6], 'n_conv_per_stage_decoder': [1, 1, 1, 1, 1, 1, 1], 'conv_bias': True, 'norm_op': 'torch.nn.modules.instancenorm.InstanceNorm3d', 'norm_op_kwargs': {'eps': 1e-05, 'affine': True}, 'dropout_op': None, 'dropout_op_kwargs': None, 'nonlin': 'torch.nn.LeakyReLU', 'nonlin_kwargs': {'inplace': True}}, '_kw_requires_import': ['conv_op', 'norm_op', 'dropout_op', 'nonlin']}, 'batch_dice': False} 

These are the global plan.json settings:
 {'dataset_name': 'Dataset001_CSpineSeg', 'plans_name': 'nnUNetResEncUNetLPlans', 'original_median_spacing_after_transp': [3.990000009536743, 0.42969998717308044, 0.42969998717308044], 'original_median_shape_after_transp': [15, 512, 512], 'image_reader_writer': 'SimpleITKIO', 'transpose_forward': [0, 1, 2], 'transpose_backward': [0, 1, 2], 'experiment_planner_used': 'nnUNetPlannerResEncL', 'label_manager': 'LabelManager', 'foreground_intensity_properties_per_channel': {'0': {'max': 2339.0, 'mean': 225.36972045898438, 'median': 184.0, 'min': 0.0, 'percentile_00_5': 0.0, 'percentile_99_5': 809.0, 'std': 168.14169311523438}}} 

2026-04-21 20:36:06.315282: Unable to plot network architecture: nnUNet_compile is enabled!
2026-04-21 20:36:06.583050: 
2026-04-21 20:36:06.590316: Epoch 0
2026-04-21 20:36:06.592827: Current learning rate: 0.01
[1;34mwandb[0m: 
[1;34mwandb[0m: 🚀 View run [33mchocolate-disco-8[0m at: [34mhttps://wandb.ai/linusjunidtu-danmarks-tekniske-universitet-dtu/spinal-fairness/runs/u63ck996[0m
[1;34mwandb[0m: Find logs at: [1;35m../../../../../../work3/s225224/nnunet/results/Dataset001_CSpineSeg/nnUNetTrainerWandB__nnUNetResEncUNetLPlans__3d_fullres/fold_1/wandb/run-20260421_203542-u63ck996/logs[0m

------------------------------------------------------------
Sender: LSF System <lsfadmin@hpc.dtu.dk>
Subject: Job 28200044: <cspine_3d_fullres_1> in cluster <dcc> Exited

Job <cspine_3d_fullres_1> was submitted from host <hpclogin1> by user <s225224> in cluster <dcc> at Mon Apr 13 21:00:29 2026
Job was executed on host(s) <4*n-62-12-23>, in queue <gpua100>, as user <s225224> in cluster <dcc> at Tue Apr 21 20:35:08 2026
</zhome/77/2/187952> was used as the home directory.
</zhome/77/2/187952/projects/spinal-fairness> was used as the working directory.
Started at Tue Apr 21 20:35:08 2026
Terminated at Tue Apr 21 20:38:19 2026
Results reported at Tue Apr 21 20:38:19 2026

Your job looked like:

------------------------------------------------------------
# LSBATCH: User input
#!/bin/bash
#BSUB -J cspine_3d_fullres_1
#BSUB -q gpua100
#BSUB -gpu "num=1:mode=exclusive_process"
#BSUB -R "span[hosts=1]"
#BSUB -R "rusage[mem=8GB]"
#BSUB -n 4
#BSUB -W 72:00
#BSUB -o jobs/logs/3d_fullres_1_%J.out
#BSUB -e jobs/logs/3d_fullres_1_%J.err

set -euo pipefail

# ---------- Config (replaced by submit.sh) ----------
DATASET_ID=1
CONFIG=3d_fullres
FOLD=1
PLANS=nnUNetResEncUNetLPlans
TRAINER=nnUNetTrainerWandB
# -----------------------------------------------------

export UV_ENV_FILE=".env"

mkdir -p jobs/logs

uv sync

# Install the custom trainer into nnunetv2's package tree so trainer discovery finds it.
TRAINER_SRC="src/nnunet/trainer.py"
TRAINER_DST="$(uv run python -c "import nnunetv2; print(nnunetv2.__path__[0])")/training/nnUNetTrainer/variants/training_length/nnUNetTrainerWandB.py"
cp "${TRAINER_SRC}" "${TRAINER_DST}"
echo "Installed custom trainer to ${TRAINER_DST}"

echo "=== Training: dataset=${DATASET_ID} config=${CONFIG} fold=${FOLD} plans=${PLANS} trainer=${TRAINER} ==="

uv run nnUNetv2_train \
    ${DATASET_ID} \
    ${CONFIG} \
    ${FOLD} \
    --npz \
    -p ${PLANS} \
    -tr ${TRAINER}

echo "=== Training complete: config=${CONFIG} fold=${FOLD} ==="

------------------------------------------------------------

Exited with exit code 1.

Resource usage summary:

    CPU time :                                   287.00 sec.
    Max Memory :                                 4629 MB
    Average Memory :                             3218.33 MB
    Total Requested Memory :                     32768.00 MB
    Delta Memory :                               28139.00 MB
    Max Swap :                                   -
    Max Processes :                              30
    Max Threads :                                108
    Run time :                                   191 sec.
    Turnaround time :                            689870 sec.

The output (if any) is above this job summary.



PS:

Read file <jobs/logs/3d_fullres_1_28200044.err> for stderr output of this job.

