Resolved 120 packages in 2ms
Audited 117 packages in 95ms
wandb: [wandb.login()] Loaded credentials for https://api.wandb.ai from WANDB_API_KEY.
wandb: Currently logged in as: linusjunidtu (linusjunidtu-danmarks-tekniske-universitet-dtu) to https://api.wandb.ai. Use `wandb login --relogin` to force relogin
wandb: setting up run 3uklhjam
wandb: Tracking run with wandb version 0.25.1
wandb: Run data is saved locally in /work3/s225224/nnunet/results/Dataset001_CSpineSeg/nnUNetTrainerWandB__nnUNetResEncUNetLPlans__3d_fullres/fold_2/wandb/run-20260421_223954-3uklhjam
wandb: Run `wandb offline` to turn off syncing.
wandb: Syncing run absurd-wildflower-9
wandb: ⭐️ View project at https://wandb.ai/linusjunidtu-danmarks-tekniske-universitet-dtu/spinal-fairness
wandb: 🚀 View run at https://wandb.ai/linusjunidtu-danmarks-tekniske-universitet-dtu/spinal-fairness/runs/3uklhjam
free(): corrupted unsorted chunks
Exception in thread Thread-2 (results_loop):
Traceback (most recent call last):
  File "/zhome/77/2/187952/.local/share/uv/python/cpython-3.13.9-linux-x86_64-gnu/lib/python3.13/threading.py", line 1043, in _bootstrap_inner
    self.run()
    ~~~~~~~~^^
  File "/zhome/77/2/187952/.local/share/uv/python/cpython-3.13.9-linux-x86_64-gnu/lib/python3.13/threading.py", line 994, in run
    self._target(*self._args, **self._kwargs)
    ~~~~~~~~~~~~^^^^^^^^^^^^^^^^^^^^^^^^^^^^^
  File "/zhome/77/2/187952/projects/spinal-fairness/.venv/lib/python3.13/site-packages/batchgenerators/dataloading/nondet_multi_threaded_augmenter.py", line 125, in results_loop
    raise e
  File "/zhome/77/2/187952/projects/spinal-fairness/.venv/lib/python3.13/site-packages/batchgenerators/dataloading/nondet_multi_threaded_augmenter.py", line 108, in results_loop
    item = in_queue.get()
  File "/zhome/77/2/187952/.local/share/uv/python/cpython-3.13.9-linux-x86_64-gnu/lib/python3.13/multiprocessing/queues.py", line 120, in get
    return _ForkingPickler.loads(res)
           ~~~~~~~~~~~~~~~~~~~~~^^^^^
  File "/zhome/77/2/187952/projects/spinal-fairness/.venv/lib/python3.13/site-packages/torch/multiprocessing/reductions.py", line 540, in rebuild_storage_fd
    fd = df.detach()
  File "/zhome/77/2/187952/.local/share/uv/python/cpython-3.13.9-linux-x86_64-gnu/lib/python3.13/multiprocessing/resource_sharer.py", line 57, in detach
    with _resource_sharer.get_connection(self._id) as conn:
         ~~~~~~~~~~~~~~~~~~~~~~~~~~~~~~~^^^^^^^^^^
  File "/zhome/77/2/187952/.local/share/uv/python/cpython-3.13.9-linux-x86_64-gnu/lib/python3.13/multiprocessing/resource_sharer.py", line 86, in get_connection
    c = Client(address, authkey=process.current_process().authkey)
  File "/zhome/77/2/187952/.local/share/uv/python/cpython-3.13.9-linux-x86_64-gnu/lib/python3.13/multiprocessing/connection.py", line 525, in Client
    answer_challenge(c, authkey)
    ~~~~~~~~~~~~~~~~^^^^^^^^^^^^
  File "/zhome/77/2/187952/.local/share/uv/python/cpython-3.13.9-linux-x86_64-gnu/lib/python3.13/multiprocessing/connection.py", line 953, in answer_challenge
    message = connection.recv_bytes(256)         # reject large message
  File "/zhome/77/2/187952/.local/share/uv/python/cpython-3.13.9-linux-x86_64-gnu/lib/python3.13/multiprocessing/connection.py", line 216, in recv_bytes
    buf = self._recv_bytes(maxlength)
  File "/zhome/77/2/187952/.local/share/uv/python/cpython-3.13.9-linux-x86_64-gnu/lib/python3.13/multiprocessing/connection.py", line 430, in _recv_bytes
    buf = self._recv(4)
  File "/zhome/77/2/187952/.local/share/uv/python/cpython-3.13.9-linux-x86_64-gnu/lib/python3.13/multiprocessing/connection.py", line 395, in _recv
    chunk = read(handle, remaining)
ConnectionResetError: [Errno 104] Connection reset by peer
Traceback (most recent call last):
  File "/zhome/77/2/187952/projects/spinal-fairness/.venv/bin/nnUNetv2_train", line 10, in <module>
    sys.exit(run_training_entry())
             ~~~~~~~~~~~~~~~~~~^^
  File "/zhome/77/2/187952/projects/spinal-fairness/.venv/lib/python3.13/site-packages/nnunetv2/run/run_training.py", line 268, in run_training_entry
    run_training(args.dataset_name_or_id, args.configuration, args.fold, args.tr, args.p, args.pretrained_weights,
    ~~~~~~~~~~~~^^^^^^^^^^^^^^^^^^^^^^^^^^^^^^^^^^^^^^^^^^^^^^^^^^^^^^^^^^^^^^^^^^^^^^^^^^^^^^^^^^^^^^^^^^^^^^^^^^
                 args.num_gpus, args.npz, args.c, args.val, args.disable_checkpointing, args.val_best,
                 ^^^^^^^^^^^^^^^^^^^^^^^^^^^^^^^^^^^^^^^^^^^^^^^^^^^^^^^^^^^^^^^^^^^^^^^^^^^^^^^^^^^^^
                 device=device)
                 ^^^^^^^^^^^^^^
  File "/zhome/77/2/187952/projects/spinal-fairness/.venv/lib/python3.13/site-packages/nnunetv2/run/run_training.py", line 209, in run_training
    nnunet_trainer.run_training()
    ~~~~~~~~~~~~~~~~~~~~~~~~~~~^^
  File "/zhome/77/2/187952/projects/spinal-fairness/.venv/lib/python3.13/site-packages/nnunetv2/training/nnUNetTrainer/nnUNetTrainer.py", line 1425, in run_training
    train_outputs.append(self.train_step(next(self.dataloader_train)))
                                         ~~~~^^^^^^^^^^^^^^^^^^^^^^^
  File "/zhome/77/2/187952/projects/spinal-fairness/.venv/lib/python3.13/site-packages/batchgenerators/dataloading/nondet_multi_threaded_augmenter.py", line 196, in __next__
    item = self.__get_next_item()
  File "/zhome/77/2/187952/projects/spinal-fairness/.venv/lib/python3.13/site-packages/batchgenerators/dataloading/nondet_multi_threaded_augmenter.py", line 181, in __get_next_item
    raise RuntimeError("One or more background workers are no longer alive. Exiting. Please check the "
                       "print statements above for the actual error message")
RuntimeError: One or more background workers are no longer alive. Exiting. Please check the print statements above for the actual error message
Exception in thread Thread-3 (results_loop):
Traceback (most recent call last):
  File "/zhome/77/2/187952/.local/share/uv/python/cpython-3.13.9-linux-x86_64-gnu/lib/python3.13/threading.py", line 1043, in _bootstrap_inner
    self.run()
    ~~~~~~~~^^
  File "/zhome/77/2/187952/.local/share/uv/python/cpython-3.13.9-linux-x86_64-gnu/lib/python3.13/threading.py", line 994, in run
    self._target(*self._args, **self._kwargs)
    ~~~~~~~~~~~~^^^^^^^^^^^^^^^^^^^^^^^^^^^^^
  File "/zhome/77/2/187952/projects/spinal-fairness/.venv/lib/python3.13/site-packages/batchgenerators/dataloading/nondet_multi_threaded_augmenter.py", line 125, in results_loop
    raise e
  File "/zhome/77/2/187952/projects/spinal-fairness/.venv/lib/python3.13/site-packages/batchgenerators/dataloading/nondet_multi_threaded_augmenter.py", line 103, in results_loop
    raise RuntimeError("One or more background workers are no longer alive. Exiting. Please check the "
                       "print statements above for the actual error message")
RuntimeError: One or more background workers are no longer alive. Exiting. Please check the print statements above for the actual error message
