Resolved 122 packages in 2ms
Audited 119 packages in 38ms
wandb: [wandb.login()] Loaded credentials for https://api.wandb.ai from WANDB_API_KEY.
wandb: Currently logged in as: linusjunidtu (linusjunidtu-danmarks-tekniske-universitet-dtu) to https://api.wandb.ai. Use `wandb login --relogin` to force relogin
wandb: setting up run rby0abed
wandb: Tracking run with wandb version 0.25.1
wandb: Run data is saved locally in /work3/s225224/nnunet/results/Dataset003_CSpineSeg_Silver/nnUNetTrainerWandB__nnUNetResEncUNetLPlans__3d_fullres/fold_4/wandb/run-20260605_115611-rby0abed
wandb: Run `wandb offline` to turn off syncing.
wandb: Syncing run swift-violet-45
wandb: 猸愶笍 View project at https://wandb.ai/linusjunidtu-danmarks-tekniske-universitet-dtu/spinal-fairness
wandb: 馃殌 View run at https://wandb.ai/linusjunidtu-danmarks-tekniske-universitet-dtu/spinal-fairness/runs/rby0abed
wandb: updating run metadata
wandb: uploading wandb-summary.json; uploading config.yaml; uploading output.log
wandb: uploading output.log
wandb: uploading history steps 999-999, summary, console lines 7438-7439
wandb: 
wandb: Run history:
wandb: dice_per_class_or_region/class_1 鈻佲杺鈻冣枀鈻呪杽鈻呪枀鈻呪枂鈻嗏枂鈻団枃鈻嗏枃鈻堚枃鈻嗏枃鈻団枃鈻団枂鈻団枅鈻嗏枅鈻団枅鈻堚枅鈻堚枂鈻堚枅鈻堚枅鈻団枃
wandb: dice_per_class_or_region/class_2 鈻佲枅鈻堚枅鈻堚枅鈻堚枅鈻堚枅鈻堚枅鈻堚枅鈻堚枅鈻堚枅鈻堚枅鈻堚枅鈻堚枅鈻堚枅鈻堚枅鈻堚枅鈻堚枅鈻堚枅鈻堚枅鈻堚枅鈻堚枅
wandb:                      ema_fg_dice 鈻佲杺鈻呪枀鈻呪枀鈻嗏枀鈻呪枀鈻嗏枂鈻嗏枂鈻嗏枃鈻団枃鈻団枃鈻団枃鈻団枃鈻団枃鈻団枅鈻堚枅鈻堚枅鈻団枃鈻団枅鈻堚枅鈻堚枅
wandb:                 epoch_duration_s 鈻冣杽鈻呪杻鈻傗杹鈻堚枂鈻呪杽鈻冣枀鈻勨枃鈻呪枀鈻勨枀鈻傗枂鈻嗏枃鈻冣杺鈻傗杻鈻冣杽鈻呪杽鈻勨枀鈻呪枀鈻冣杽鈻冣杺鈻冣杻
wandb:             epoch_end_timestamps 鈻佲杹鈻佲杹鈻傗杺鈻傗杻鈻冣杻鈻冣杻鈻冣杻鈻勨杽鈻勨杽鈻勨杽鈻勨枀鈻呪枀鈻呪枀鈻呪枀鈻嗏枂鈻嗏枂鈻嗏枂鈻団枃鈻団枃鈻団枅
wandb:           epoch_start_timestamps 鈻佲杹鈻佲杹鈻佲杺鈻傗杺鈻傗杺鈻冣杻鈻冣杻鈻冣杽鈻勨杽鈻勨杽鈻勨杽鈻勨枀鈻呪枀鈻呪枀鈻呪枀鈻嗏枂鈻嗏枂鈻嗏枃鈻団枃鈻堚枅
wandb:                              lrs 鈻堚枅鈻堚枅鈻堚枅鈻団枃鈻団枃鈻団枃鈻嗏枂鈻嗏枂鈻嗏枂鈻呪枀鈻呪枀鈻呪枀鈻呪枀鈻呪杽鈻勨杽鈻冣杻鈻冣杻鈻傗杺鈻佲杹鈻佲杹
wandb:                     mean_fg_dice 鈻佲枂鈻嗏枂鈻嗏枂鈻団枂鈻団枃鈻団枃鈻団枃鈻団枃鈻団枃鈻団枃鈻団枃鈻団枃鈻団枅鈻団枃鈻堚枅鈻堚枅鈻堚枅鈻堚枅鈻団枅鈻堚枅
wandb:                     train_losses 鈻堚枃鈻勨杽鈻勨杻鈻冣杻鈻冣杻鈻冣杻鈻冣杻鈻傗杺鈻傗杺鈻傗杺鈻傗杺鈻傗杺鈻傗杺鈻傗杺鈻傗杺鈻傗杹鈻佲杹鈻佲杹鈻佲杹鈻佲杹
wandb:                       val_losses 鈻堚枅鈻団枃鈻呪杽鈻勨枀鈻勨枀鈻冣杺鈻勨杽鈻勨杻鈻呪杻鈻冣杽鈻呪杻鈻傗杺鈻勨枂鈻傗杺鈻佲杹鈻冣杻鈻傗杽鈻傗杻鈻佲杹鈻冣杽
wandb: 
wandb: Run summary:
wandb:                    current_epoch 999
wandb: dice_per_class_or_region/class_1 0.97236
wandb: dice_per_class_or_region/class_2 0.96414
wandb:                      ema_fg_dice 0.96962
wandb:                 epoch_duration_s 121.10821
wandb:             epoch_end_timestamps 1780773383.4991
wandb:           epoch_start_timestamps 1780773262.39089
wandb:           final_val/class_1_dice 0.97583
wandb:           final_val/class_2_dice 0.96593
wandb:        final_val/foreground_dice 0.97088
wandb:                               +4 ...
wandb: 
wandb: 馃殌 View run 3d_fullres_fold4 at: https://wandb.ai/linusjunidtu-danmarks-tekniske-universitet-dtu/spinal-fairness/runs/rby0abed
wandb: 猸愶笍 View project at: https://wandb.ai/linusjunidtu-danmarks-tekniske-universitet-dtu/spinal-fairness
wandb: Synced 5 W&B file(s), 1000 media file(s), 2 artifact file(s) and 0 other file(s)
wandb: Find logs at: /work3/s225224/nnunet/results/Dataset003_CSpineSeg_Silver/nnUNetTrainerWandB__nnUNetResEncUNetLPlans__3d_fullres/fold_4/wandb/run-20260605_115611-rby0abed/logs
