Using CPython 3.13.9
Creating virtual environment at: .venv
Resolved 122 packages in 5ms
Installed 119 packages in 3m 58s
 + absl-py==2.4.0
 + acvl-utils==0.2.6
 + annotated-doc==0.0.4
 + annotated-types==0.7.0
 + anyio==4.13.0
 + argparse==1.4.0
 + batchgenerators==0.25.1
 + batchgeneratorsv2==0.3.2
 + blosc2==4.1.2
 + certifi==2026.1.4
 + charset-normalizer==3.4.4
 + click==8.3.2
 + connected-components-3d==3.26.1
 + contourpy==1.3.3
 + cuda-bindings==13.2.0
 + cuda-pathfinder==1.5.2
 + cuda-toolkit==13.0.2
 + cycler==0.12.1
 + dynamic-network-architectures==0.4.3
 + einops==0.8.2
 + filelock==3.25.2
 + fonttools==4.61.1
 + fsspec==2026.3.0
 + future==1.0.0
 + gitdb==4.0.12
 + gitpython==3.1.46
 + graphviz==0.21
 + h11==0.16.0
 + hf-xet==1.4.3
 + httpcore==1.0.9
 + httpx==0.28.1
 + huggingface-hub==1.10.1
 + idna==3.11
 + imagecodecs==2026.3.6
 + imageio==2.37.3
 + jinja2==3.1.6
 + joblib==1.5.3
 + kiwisolver==1.4.9
 + lazy-loader==0.5
 + linecache2==1.0.0
 + markdown-it-py==4.0.0
 + markupsafe==3.0.3
 + matplotlib==3.10.8
 + mdurl==0.1.2
 + mpmath==1.3.0
 + msgpack==1.1.2
 + ndindex==1.10.1
 + networkx==3.6.1
 + nibabel==5.3.3
 + nilearn==0.13.1
 + nnunetv2==2.7.0
 + numexpr==2.14.1
 + numpy==2.4.2
 + nvidia-cublas==13.1.0.3
 + nvidia-cuda-cupti==13.0.85
 + nvidia-cuda-nvrtc==13.0.88
 + nvidia-cuda-runtime==13.0.96
 + nvidia-cudnn-cu13==9.19.0.56
 + nvidia-cufft==12.0.0.61
 + nvidia-cufile==1.15.1.6
 + nvidia-curand==10.4.0.35
 + nvidia-cusolver==12.0.4.66
 + nvidia-cusparse==12.6.3.3
 + nvidia-cusparselt-cu13==0.8.0
 + nvidia-nccl-cu13==2.28.9
 + nvidia-nvjitlink==13.0.88
 + nvidia-nvshmem-cu13==3.4.5
 + nvidia-nvtx==13.0.85
 + packaging==26.0
 + pandas==3.0.0
 + patito==0.8.6
 + patsy==1.0.2
 + pillow==12.1.0
 + platformdirs==4.9.6
 + polars==1.38.1
 + polars-runtime-32==1.38.1
 + protobuf==6.33.6
 + pyarrow==23.0.0
 + pydantic==2.12.5
 + pydantic-core==2.41.5
 + pydantic-settings==2.12.0
 + pygments==2.20.0
 + pyparsing==3.3.2
 + python-dateutil==2.9.0.post0
 + python-dotenv==1.2.1
 + pyyaml==6.0.3
 + requests==2.32.5
 + rich==14.3.4
 + ruff==0.15.0
 + safetensors==0.7.0
 + scikit-image==0.26.0
 + scikit-learn==1.8.0
 + scikit-posthocs==0.12.0
 + scipy==1.17.0
 + seaborn==0.13.2
 + sentry-sdk==2.58.0
 + setuptools==81.0.0
 + shellingham==1.5.4
 + simpleitk==2.5.3
 + six==1.17.0
 + smmap==5.0.3
 + statsmodels==0.14.6
 + surface-distance==0.1
 + sympy==1.14.0
 + threadpoolctl==3.6.0
 + tifffile==2026.3.3
 + timm==1.0.22
 + torch==2.11.0
 + torchvision==0.26.0
 + tqdm==4.67.3
 + traceback2==1.4.0
 + triton==3.6.0
 + typer==0.24.1
 + typing-extensions==4.15.0
 + typing-inspection==0.4.2
 + unittest2==1.1.0
 + urllib3==2.6.3
 + wandb==0.25.1
 + yacs==0.1.8
wandb: [wandb.login()] Loaded credentials for https://api.wandb.ai from WANDB_API_KEY.
wandb: Currently logged in as: linusjunidtu (linusjunidtu-danmarks-tekniske-universitet-dtu) to https://api.wandb.ai. Use `wandb login --relogin` to force relogin
wandb: setting up run l0zljewl
wandb: Tracking run with wandb version 0.25.1
wandb: Run data is saved locally in /work3/s225224/nnunet/results/Dataset003_CSpineSeg_Silver/nnUNetTrainerWandB__nnUNetResEncUNetLPlans__3d_fullres/fold_1/wandb/run-20260511_055904-l0zljewl
wandb: Run `wandb offline` to turn off syncing.
wandb: Syncing run still-jazz-25
wandb: ⭐️ View project at https://wandb.ai/linusjunidtu-danmarks-tekniske-universitet-dtu/spinal-fairness
wandb: 🚀 View run at https://wandb.ai/linusjunidtu-danmarks-tekniske-universitet-dtu/spinal-fairness/runs/l0zljewl
free(): corrupted unsorted chunks
Exception in thread Thread-2 (results_loop):
Traceback (most recent call last):
  File "/zhome/77/2/187952/projects/spinal-fairness/.venv/bin/nnUNetv2_train", line 10, in <module>
    sys.exit(run_training_entry())
             ~~~~~~~~~~~~~~~~~~^^
  File "/zhome/77/2/187952/projects/spinal-fairness/.venv/lib/python3.13/site-packages/nnunetv2/run/run_training.py", line 268, in run_training_entry
    run_training(args.dataset_name_or_id, args.configuration, args.fold, args.tr, args.p, args.pretrained_weights,
    ~~~~~~~~~~~~^^^^^^^^^^^^^^^^^^^^^^^^^^^^^^^^^^^^^^^^^^^^^^^^^^^^^^^^^^^^^^^^^^^^^^^^^^^^^^^^^^^^^^^^^^^^^^^^^^
                 args.num_gpus, args.npz, args.c, args.val, args.disable_checkpointing, args.val_best,
                 ^^^^^^^^^^^^^^^^^^^^^^^^^^^^^^^^^^^^^^^^^^^^^^^^^^^^^^^^^^^^^^^^^^^^^^^^^^^^^^^^^^^^^
                 device=device)
                 ^^^^^^^^^^^^^^
  File "/zhome/77/2/187952/projects/spinal-fairness/.venv/lib/python3.13/site-packages/nnunetv2/run/run_training.py", line 209, in run_training
    nnunet_trainer.run_training()
    ~~~~~~~~~~~~~~~~~~~~~~~~~~~^^
  File "/zhome/77/2/187952/projects/spinal-fairness/.venv/lib/python3.13/site-packages/nnunetv2/training/nnUNetTrainer/nnUNetTrainer.py", line 1417, in run_training
    self.on_train_start()
    ~~~~~~~~~~~~~~~~~~~^^
  File "/zhome/77/2/187952/projects/spinal-fairness/.venv/lib/python3.13/site-packages/nnunetv2/training/nnUNetTrainer/variants/training_length/nnUNetTrainerWandB.py", line 37, in on_train_start
    super().on_train_start()
    ~~~~~~~~~~~~~~~~~~~~~~^^
  File "/zhome/77/2/187952/projects/spinal-fairness/.venv/lib/python3.13/site-packages/nnunetv2/training/nnUNetTrainer/nnUNetTrainer.py", line 945, in on_train_start
    self.dataloader_train, self.dataloader_val = self.get_dataloaders()
                                                 ~~~~~~~~~~~~~~~~~~~~^^
  File "/zhome/77/2/187952/projects/spinal-fairness/.venv/lib/python3.13/site-packages/nnunetv2/training/nnUNetTrainer/nnUNetTrainer.py", line 733, in get_dataloaders
    _ = next(mt_gen_train)
  File "/zhome/77/2/187952/projects/spinal-fairness/.venv/lib/python3.13/site-packages/batchgenerators/dataloading/nondet_multi_threaded_augmenter.py", line 196, in __next__
    item = self.__get_next_item()
  File "/zhome/77/2/187952/projects/spinal-fairness/.venv/lib/python3.13/site-packages/batchgenerators/dataloading/nondet_multi_threaded_augmenter.py", line 181, in __get_next_item
    raise RuntimeError("One or more background workers are no longer alive. Exiting. Please check the "
                       "print statements above for the actual error message")
RuntimeError: One or more background workers are no longer alive. Exiting. Please check the print statements above for the actual error message
Traceback (most recent call last):
  File "/zhome/77/2/187952/.local/share/uv/python/cpython-3.13.9-linux-x86_64-gnu/lib/python3.13/threading.py", line 1043, in _bootstrap_inner
    self.run()
    ~~~~~~~~^^
  File "/zhome/77/2/187952/.local/share/uv/python/cpython-3.13.9-linux-x86_64-gnu/lib/python3.13/threading.py", line 994, in run
    self._target(*self._args, **self._kwargs)
    ~~~~~~~~~~~~^^^^^^^^^^^^^^^^^^^^^^^^^^^^^
  File "/zhome/77/2/187952/projects/spinal-fairness/.venv/lib/python3.13/site-packages/batchgenerators/dataloading/nondet_multi_threaded_augmenter.py", line 125, in results_loop
    raise e
  File "/zhome/77/2/187952/projects/spinal-fairness/.venv/lib/python3.13/site-packages/batchgenerators/dataloading/nondet_multi_threaded_augmenter.py", line 103, in results_loop
    raise RuntimeError("One or more background workers are no longer alive. Exiting. Please check the "
                       "print statements above for the actual error message")
RuntimeError: One or more background workers are no longer alive. Exiting. Please check the print statements above for the actual error message
