Installed custom trainer to /zhome/77/2/187952/projects/spinal-fairness/.venv/lib/python3.13/site-packages/nnunetv2/training/nnUNetTrainer/variants/training_length/nnUNetTrainerWandB.py
=== Training: dataset=2 config=3d_fullres fold=3 plans=nnUNetResEncUNetLPlans trainer=nnUNetTrainerWandB ===
Using device: cuda:0

#######################################################################
Please cite the following paper when using nnU-Net:
Isensee, F., Jaeger, P. F., Kohl, S. A., Petersen, J., & Maier-Hein, K. H. (2021). nnU-Net: a self-configuring method for deep learning-based biomedical image segmentation. Nature methods, 18(2), 203-211.
#######################################################################

2026-05-16 02:10:13.182961: Using torch.compile...
2026-05-16 02:10:14.505251: do_dummy_2d_data_aug: True
2026-05-16 02:10:14.523901: Using splits from existing split file: /work3/s225224/nnunet/preprocessed/Dataset002_CSpineSeg_Gold/splits_final.json
2026-05-16 02:10:14.526981: The split file contains 5 splits.
2026-05-16 02:10:14.528339: Desired fold for training: 3
2026-05-16 02:10:14.529578: This split has 266 training and 66 validation cases.
using pin_memory on device 0
using pin_memory on device 0

This is the configuration used by this training:
Configuration name: 3d_fullres
 {'data_identifier': 'nnUNetPlans_3d_fullres', 'preprocessor_name': 'DefaultPreprocessor', 'batch_size': 2, 'patch_size': [16, 512, 512], 'median_image_size_in_voxels': [15.0, 512.0, 512.0], 'spacing': [3.990000009536743, 0.42969998717308044, 0.42969998717308044], 'normalization_schemes': ['ZScoreNormalization'], 'use_mask_for_norm': [False], 'resampling_fn_data': 'resample_data_or_seg_to_shape', 'resampling_fn_seg': 'resample_data_or_seg_to_shape', 'resampling_fn_data_kwargs': {'is_seg': False, 'order': 3, 'order_z': 0, 'force_separate_z': None}, 'resampling_fn_seg_kwargs': {'is_seg': True, 'order': 1, 'order_z': 0, 'force_separate_z': None}, 'resampling_fn_probabilities': 'resample_data_or_seg_to_shape', 'resampling_fn_probabilities_kwargs': {'is_seg': False, 'order': 1, 'order_z': 0, 'force_separate_z': None}, 'architecture': {'network_class_name': 'dynamic_network_architectures.architectures.unet.ResidualEncoderUNet', 'arch_kwargs': {'n_stages': 8, 'features_per_stage': [32, 64, 128, 256, 320, 320, 320, 320], 'conv_op': 'torch.nn.modules.conv.Conv3d', 'kernel_sizes': [[1, 3, 3], [1, 3, 3], [1, 3, 3], [3, 3, 3], [3, 3, 3], [3, 3, 3], [3, 3, 3], [3, 3, 3]], 'strides': [[1, 1, 1], [1, 2, 2], [1, 2, 2], [1, 2, 2], [2, 2, 2], [2, 2, 2], [1, 2, 2], [1, 2, 2]], 'n_blocks_per_stage': [1, 3, 4, 6, 6, 6, 6, 6], 'n_conv_per_stage_decoder': [1, 1, 1, 1, 1, 1, 1], 'conv_bias': True, 'norm_op': 'torch.nn.modules.instancenorm.InstanceNorm3d', 'norm_op_kwargs': {'eps': 1e-05, 'affine': True}, 'dropout_op': None, 'dropout_op_kwargs': None, 'nonlin': 'torch.nn.LeakyReLU', 'nonlin_kwargs': {'inplace': True}}, '_kw_requires_import': ['conv_op', 'norm_op', 'dropout_op', 'nonlin']}, 'batch_dice': False} 

These are the global plan.json settings:
 {'dataset_name': 'Dataset002_CSpineSeg_Gold', 'plans_name': 'nnUNetResEncUNetLPlans', 'original_median_spacing_after_transp': [3.990000009536743, 0.42969998717308044, 0.42969998717308044], 'original_median_shape_after_transp': [15, 512, 512], 'image_reader_writer': 'SimpleITKIO', 'transpose_forward': [0, 1, 2], 'transpose_backward': [0, 1, 2], 'experiment_planner_used': 'nnUNetPlannerResEncL', 'label_manager': 'LabelManager', 'foreground_intensity_properties_per_channel': {'0': {'max': 2166.0, 'mean': 217.96363830566406, 'median': 179.0, 'min': 0.0, 'percentile_00_5': 0.0, 'percentile_99_5': 796.0, 'std': 164.21121215820312}}} 

2026-05-16 02:10:15.561644: Unable to plot network architecture: nnUNet_compile is enabled!
2026-05-16 02:10:15.588358: 
2026-05-16 02:10:15.600845: Epoch 0
2026-05-16 02:10:15.602806: Current learning rate: 0.01
2026-05-16 02:13:01.954292: train_loss 0.1303
2026-05-16 02:13:01.957371: val_loss 0.0314
2026-05-16 02:13:01.959224: Pseudo dice [np.float32(0.0), np.float32(0.0)]
2026-05-16 02:13:01.960801: Epoch time: 166.37 s
2026-05-16 02:13:01.962299: Yayy! New best EMA pseudo Dice: 0.0
2026-05-16 02:13:05.894214: 
2026-05-16 02:13:05.895998: Epoch 1
2026-05-16 02:13:05.897333: Current learning rate: 0.00999
2026-05-16 02:15:29.049099: train_loss -0.1596
2026-05-16 02:15:29.059433: val_loss -0.4982
2026-05-16 02:15:29.065630: Pseudo dice [np.float32(0.7338), np.float32(0.0)]
2026-05-16 02:15:29.069706: Epoch time: 143.16 s
2026-05-16 02:15:29.074515: Yayy! New best EMA pseudo Dice: 0.03669999912381172
2026-05-16 02:15:31.821561: 
2026-05-16 02:15:31.824065: Epoch 2
2026-05-16 02:15:31.825659: Current learning rate: 0.00998
2026-05-16 02:17:55.344690: train_loss -0.6121
2026-05-16 02:17:55.355015: val_loss -0.7467
2026-05-16 02:17:55.368581: Pseudo dice [np.float32(0.8177), np.float32(0.7864)]
2026-05-16 02:17:55.375389: Epoch time: 143.53 s
2026-05-16 02:17:55.377928: Yayy! New best EMA pseudo Dice: 0.11320000141859055
2026-05-16 02:17:58.165425: 
2026-05-16 02:17:58.167092: Epoch 3
2026-05-16 02:17:58.168407: Current learning rate: 0.00997
2026-05-16 02:20:21.335315: train_loss -0.7373
2026-05-16 02:20:21.339473: val_loss -0.7726
2026-05-16 02:20:21.341225: Pseudo dice [np.float32(0.8434), np.float32(0.8018)]
2026-05-16 02:20:21.342750: Epoch time: 143.17 s
2026-05-16 02:20:21.344156: Yayy! New best EMA pseudo Dice: 0.1842000037431717
2026-05-16 02:20:24.359276: 
2026-05-16 02:20:24.361124: Epoch 4
2026-05-16 02:20:24.362908: Current learning rate: 0.00996
2026-05-16 02:22:47.540688: train_loss -0.764
2026-05-16 02:22:47.543707: val_loss -0.8039
2026-05-16 02:22:47.545599: Pseudo dice [np.float32(0.8576), np.float32(0.8287)]
2026-05-16 02:22:47.547235: Epoch time: 143.19 s
2026-05-16 02:22:47.548544: Yayy! New best EMA pseudo Dice: 0.2500999867916107
2026-05-16 02:22:50.299216: 
2026-05-16 02:22:50.307297: Epoch 5
2026-05-16 02:22:50.314326: Current learning rate: 0.00995
2026-05-16 02:25:13.520961: train_loss -0.7999
2026-05-16 02:25:13.532512: val_loss -0.8153
2026-05-16 02:25:13.537866: Pseudo dice [np.float32(0.8745), np.float32(0.8276)]
2026-05-16 02:25:13.541724: Epoch time: 143.23 s
2026-05-16 02:25:13.543209: Yayy! New best EMA pseudo Dice: 0.3102000057697296
2026-05-16 02:25:16.573874: 
2026-05-16 02:25:16.575454: Epoch 6
2026-05-16 02:25:16.576745: Current learning rate: 0.00995
2026-05-16 02:27:39.450012: train_loss -0.8165
2026-05-16 02:27:39.452728: val_loss -0.8153
2026-05-16 02:27:39.454232: Pseudo dice [np.float32(0.8772), np.float32(0.8311)]
2026-05-16 02:27:39.455694: Epoch time: 142.88 s
2026-05-16 02:27:39.457057: Yayy! New best EMA pseudo Dice: 0.3646000027656555
2026-05-16 02:27:42.185017: 
2026-05-16 02:27:42.186620: Epoch 7
2026-05-16 02:27:42.187954: Current learning rate: 0.00994
2026-05-16 02:30:05.294047: train_loss -0.8141
2026-05-16 02:30:05.297221: val_loss -0.8328
2026-05-16 02:30:05.299145: Pseudo dice [np.float32(0.883), np.float32(0.8463)]
2026-05-16 02:30:05.300847: Epoch time: 143.11 s
2026-05-16 02:30:05.302316: Yayy! New best EMA pseudo Dice: 0.4146000146865845
2026-05-16 02:30:08.333114: 
2026-05-16 02:30:08.334802: Epoch 8
2026-05-16 02:30:08.336233: Current learning rate: 0.00993
2026-05-16 02:32:31.492572: train_loss -0.8203
2026-05-16 02:32:31.497606: val_loss -0.8189
2026-05-16 02:32:31.499441: Pseudo dice [np.float32(0.88), np.float32(0.8287)]
2026-05-16 02:32:31.501322: Epoch time: 143.16 s
2026-05-16 02:32:31.502602: Yayy! New best EMA pseudo Dice: 0.4584999978542328
2026-05-16 02:32:34.239899: 
2026-05-16 02:32:34.241416: Epoch 9
2026-05-16 02:32:34.242942: Current learning rate: 0.00992
2026-05-16 02:34:57.538652: train_loss -0.8232
2026-05-16 02:34:57.542089: val_loss -0.8343
2026-05-16 02:34:57.543912: Pseudo dice [np.float32(0.8887), np.float32(0.8428)]
2026-05-16 02:34:57.545656: Epoch time: 143.3 s
2026-05-16 02:34:57.547089: Yayy! New best EMA pseudo Dice: 0.4993000030517578
2026-05-16 02:35:00.585738: 
2026-05-16 02:35:00.590436: Epoch 10
2026-05-16 02:35:00.595573: Current learning rate: 0.00991
2026-05-16 02:37:23.954745: train_loss -0.8225
2026-05-16 02:37:23.957929: val_loss -0.8266
2026-05-16 02:37:23.959771: Pseudo dice [np.float32(0.8859), np.float32(0.8372)]
2026-05-16 02:37:23.961534: Epoch time: 143.37 s
2026-05-16 02:37:23.962897: Yayy! New best EMA pseudo Dice: 0.5354999899864197
2026-05-16 02:37:26.684322: 
2026-05-16 02:37:26.686034: Epoch 11
2026-05-16 02:37:26.687584: Current learning rate: 0.0099
2026-05-16 02:39:49.710875: train_loss -0.833
2026-05-16 02:39:49.714129: val_loss -0.8311
2026-05-16 02:39:49.715728: Pseudo dice [np.float32(0.8839), np.float32(0.8421)]
2026-05-16 02:39:49.717266: Epoch time: 143.03 s
2026-05-16 02:39:49.718627: Yayy! New best EMA pseudo Dice: 0.5681999921798706
2026-05-16 02:39:52.466181: 
2026-05-16 02:39:52.467652: Epoch 12
2026-05-16 02:39:52.468960: Current learning rate: 0.00989
2026-05-16 02:42:15.734609: train_loss -0.8314
2026-05-16 02:42:15.738133: val_loss -0.8417
2026-05-16 02:42:15.739748: Pseudo dice [np.float32(0.8936), np.float32(0.8544)]
2026-05-16 02:42:15.741462: Epoch time: 143.27 s
2026-05-16 02:42:15.742656: Yayy! New best EMA pseudo Dice: 0.598800003528595
2026-05-16 02:42:18.783405: 
2026-05-16 02:42:18.784853: Epoch 13
2026-05-16 02:42:18.786154: Current learning rate: 0.00988
2026-05-16 02:44:42.281885: train_loss -0.8312
2026-05-16 02:44:42.294126: val_loss -0.8444
2026-05-16 02:44:42.302503: Pseudo dice [np.float32(0.896), np.float32(0.85)]
2026-05-16 02:44:42.319239: Epoch time: 143.5 s
2026-05-16 02:44:42.329001: Yayy! New best EMA pseudo Dice: 0.6262000203132629
2026-05-16 02:44:45.076972: 
2026-05-16 02:44:45.078639: Epoch 14
2026-05-16 02:44:45.080060: Current learning rate: 0.00987
2026-05-16 02:47:08.555632: train_loss -0.8424
2026-05-16 02:47:08.561329: val_loss -0.8461
2026-05-16 02:47:08.562953: Pseudo dice [np.float32(0.8983), np.float32(0.851)]
2026-05-16 02:47:08.564588: Epoch time: 143.48 s
2026-05-16 02:47:08.566377: Yayy! New best EMA pseudo Dice: 0.6510999798774719
2026-05-16 02:47:11.328233: 
2026-05-16 02:47:11.330321: Epoch 15
2026-05-16 02:47:11.332062: Current learning rate: 0.00986
2026-05-16 02:49:34.497138: train_loss -0.8355
2026-05-16 02:49:34.510123: val_loss -0.8399
2026-05-16 02:49:34.514694: Pseudo dice [np.float32(0.8917), np.float32(0.8472)]
2026-05-16 02:49:34.516396: Epoch time: 143.17 s
2026-05-16 02:49:34.522835: Yayy! New best EMA pseudo Dice: 0.6729000210762024
2026-05-16 02:49:37.301987: 
2026-05-16 02:49:37.309126: Epoch 16
2026-05-16 02:49:37.315557: Current learning rate: 0.00986
2026-05-16 02:52:01.018503: train_loss -0.8388
2026-05-16 02:52:01.023343: val_loss -0.8542
2026-05-16 02:52:01.024987: Pseudo dice [np.float32(0.9018), np.float32(0.8552)]
2026-05-16 02:52:01.026659: Epoch time: 143.72 s
2026-05-16 02:52:01.027924: Yayy! New best EMA pseudo Dice: 0.6934999823570251
2026-05-16 02:52:03.781601: 
2026-05-16 02:52:03.783253: Epoch 17
2026-05-16 02:52:03.784651: Current learning rate: 0.00985
2026-05-16 02:54:27.051491: train_loss -0.8455
2026-05-16 02:54:27.054906: val_loss -0.8496
2026-05-16 02:54:27.056787: Pseudo dice [np.float32(0.8962), np.float32(0.8548)]
2026-05-16 02:54:27.058204: Epoch time: 143.27 s
2026-05-16 02:54:27.059733: Yayy! New best EMA pseudo Dice: 0.7117000222206116
2026-05-16 02:54:30.415254: 
2026-05-16 02:54:30.416655: Epoch 18
2026-05-16 02:54:30.418077: Current learning rate: 0.00984
2026-05-16 02:56:53.883774: train_loss -0.8425
2026-05-16 02:56:53.903171: val_loss -0.8415
2026-05-16 02:56:53.905605: Pseudo dice [np.float32(0.8927), np.float32(0.8505)]
2026-05-16 02:56:53.907697: Epoch time: 143.47 s
2026-05-16 02:56:53.909399: Yayy! New best EMA pseudo Dice: 0.7276999950408936
2026-05-16 02:56:57.411002: 
2026-05-16 02:56:57.412587: Epoch 19
2026-05-16 02:56:57.413911: Current learning rate: 0.00983
2026-05-16 02:59:20.784405: train_loss -0.8399
2026-05-16 02:59:20.789642: val_loss -0.8373
2026-05-16 02:59:20.791377: Pseudo dice [np.float32(0.8906), np.float32(0.8479)]
2026-05-16 02:59:20.792785: Epoch time: 143.38 s
2026-05-16 02:59:20.794131: Yayy! New best EMA pseudo Dice: 0.7418000102043152
2026-05-16 02:59:23.559992: 
2026-05-16 02:59:23.562019: Epoch 20
2026-05-16 02:59:23.568066: Current learning rate: 0.00982
2026-05-16 03:01:46.818425: train_loss -0.8494
2026-05-16 03:01:46.821554: val_loss -0.8506
2026-05-16 03:01:46.823197: Pseudo dice [np.float32(0.901), np.float32(0.8519)]
2026-05-16 03:01:46.824863: Epoch time: 143.26 s
2026-05-16 03:01:46.826159: Yayy! New best EMA pseudo Dice: 0.755299985408783
2026-05-16 03:01:49.595162: 
2026-05-16 03:01:49.596677: Epoch 21
2026-05-16 03:01:49.597908: Current learning rate: 0.00981
2026-05-16 03:04:12.968256: train_loss -0.848
2026-05-16 03:04:12.972016: val_loss -0.8447
2026-05-16 03:04:12.973853: Pseudo dice [np.float32(0.8966), np.float32(0.8494)]
2026-05-16 03:04:12.975273: Epoch time: 143.38 s
2026-05-16 03:04:12.976458: Yayy! New best EMA pseudo Dice: 0.7670999765396118
2026-05-16 03:04:15.720114: 
2026-05-16 03:04:15.732587: Epoch 22
2026-05-16 03:04:15.738903: Current learning rate: 0.0098
2026-05-16 03:06:39.394369: train_loss -0.8559
2026-05-16 03:06:39.397997: val_loss -0.8458
2026-05-16 03:06:39.399818: Pseudo dice [np.float32(0.8987), np.float32(0.8471)]
2026-05-16 03:06:39.401491: Epoch time: 143.68 s
2026-05-16 03:06:39.408567: Yayy! New best EMA pseudo Dice: 0.7775999903678894
2026-05-16 03:06:42.300403: 
2026-05-16 03:06:42.301870: Epoch 23
2026-05-16 03:06:42.303250: Current learning rate: 0.00979
2026-05-16 03:09:06.138442: train_loss -0.8463
2026-05-16 03:09:06.146090: val_loss -0.8497
2026-05-16 03:09:06.147501: Pseudo dice [np.float32(0.8986), np.float32(0.8509)]
2026-05-16 03:09:06.148852: Epoch time: 143.84 s
2026-05-16 03:09:06.150069: Yayy! New best EMA pseudo Dice: 0.7874000072479248
2026-05-16 03:09:08.886415: 
2026-05-16 03:09:08.887864: Epoch 24
2026-05-16 03:09:08.889320: Current learning rate: 0.00978
2026-05-16 03:11:32.332099: train_loss -0.8406
2026-05-16 03:11:32.335643: val_loss -0.8361
2026-05-16 03:11:32.337206: Pseudo dice [np.float32(0.8903), np.float32(0.8436)]
2026-05-16 03:11:32.338633: Epoch time: 143.45 s
2026-05-16 03:11:32.339883: Yayy! New best EMA pseudo Dice: 0.7953000068664551
2026-05-16 03:11:35.213445: 
2026-05-16 03:11:35.215206: Epoch 25
2026-05-16 03:11:35.216584: Current learning rate: 0.00977
2026-05-16 03:13:58.584700: train_loss -0.8423
2026-05-16 03:13:58.587320: val_loss -0.8574
2026-05-16 03:13:58.588909: Pseudo dice [np.float32(0.9071), np.float32(0.8561)]
2026-05-16 03:13:58.590228: Epoch time: 143.38 s
2026-05-16 03:13:58.591515: Yayy! New best EMA pseudo Dice: 0.8039000034332275
2026-05-16 03:14:01.313318: 
2026-05-16 03:14:01.314778: Epoch 26
2026-05-16 03:14:01.316100: Current learning rate: 0.00977
2026-05-16 03:16:25.167476: train_loss -0.8515
2026-05-16 03:16:25.170131: val_loss -0.8456
2026-05-16 03:16:25.171863: Pseudo dice [np.float32(0.8966), np.float32(0.8468)]
2026-05-16 03:16:25.173814: Epoch time: 143.86 s
2026-05-16 03:16:25.175166: Yayy! New best EMA pseudo Dice: 0.810699999332428
2026-05-16 03:16:27.906072: 
2026-05-16 03:16:27.907770: Epoch 27
2026-05-16 03:16:27.909317: Current learning rate: 0.00976
2026-05-16 03:18:51.732252: train_loss -0.8531
2026-05-16 03:18:51.740905: val_loss -0.8655
2026-05-16 03:18:51.749752: Pseudo dice [np.float32(0.912), np.float32(0.8635)]
2026-05-16 03:18:51.756432: Epoch time: 143.83 s
2026-05-16 03:18:51.757964: Yayy! New best EMA pseudo Dice: 0.8184000253677368
2026-05-16 03:18:54.491456: 
2026-05-16 03:18:54.492948: Epoch 28
2026-05-16 03:18:54.494489: Current learning rate: 0.00975
2026-05-16 03:21:18.052798: train_loss -0.853
2026-05-16 03:21:18.057760: val_loss -0.8512
2026-05-16 03:21:18.059536: Pseudo dice [np.float32(0.9025), np.float32(0.8513)]
2026-05-16 03:21:18.061070: Epoch time: 143.57 s
2026-05-16 03:21:18.062376: Yayy! New best EMA pseudo Dice: 0.8242999911308289
2026-05-16 03:21:20.957606: 
2026-05-16 03:21:20.959054: Epoch 29
2026-05-16 03:21:20.960517: Current learning rate: 0.00974
2026-05-16 03:23:44.836031: train_loss -0.8516
2026-05-16 03:23:44.839472: val_loss -0.8519
2026-05-16 03:23:44.840936: Pseudo dice [np.float32(0.9026), np.float32(0.8538)]
2026-05-16 03:23:44.842387: Epoch time: 143.88 s
2026-05-16 03:23:44.843649: Yayy! New best EMA pseudo Dice: 0.8296999931335449
2026-05-16 03:23:47.885294: 
2026-05-16 03:23:47.891608: Epoch 30
2026-05-16 03:23:47.897228: Current learning rate: 0.00973
2026-05-16 03:26:11.796845: train_loss -0.8516
2026-05-16 03:26:11.801168: val_loss -0.8589
2026-05-16 03:26:11.802729: Pseudo dice [np.float32(0.9063), np.float32(0.8611)]
2026-05-16 03:26:11.804286: Epoch time: 143.92 s
2026-05-16 03:26:11.805784: Yayy! New best EMA pseudo Dice: 0.835099995136261
2026-05-16 03:26:14.828233: 
2026-05-16 03:26:14.829858: Epoch 31
2026-05-16 03:26:14.831179: Current learning rate: 0.00972
2026-05-16 03:28:38.514128: train_loss -0.8525
2026-05-16 03:28:38.528953: val_loss -0.8498
2026-05-16 03:28:38.532642: Pseudo dice [np.float32(0.9028), np.float32(0.8442)]
2026-05-16 03:28:38.534445: Epoch time: 143.69 s
2026-05-16 03:28:38.536133: Yayy! New best EMA pseudo Dice: 0.8389000296592712
2026-05-16 03:28:41.581060: 
2026-05-16 03:28:41.582456: Epoch 32
2026-05-16 03:28:41.583874: Current learning rate: 0.00971
2026-05-16 03:31:05.453657: train_loss -0.8522
2026-05-16 03:31:05.462500: val_loss -0.8582
2026-05-16 03:31:05.464188: Pseudo dice [np.float32(0.9052), np.float32(0.8547)]
2026-05-16 03:31:05.466074: Epoch time: 143.88 s
2026-05-16 03:31:05.467585: Yayy! New best EMA pseudo Dice: 0.8429999947547913
2026-05-16 03:31:08.520214: 
2026-05-16 03:31:08.521621: Epoch 33
2026-05-16 03:31:08.523019: Current learning rate: 0.0097
2026-05-16 03:33:32.547705: train_loss -0.8493
2026-05-16 03:33:32.565175: val_loss -0.8605
2026-05-16 03:33:32.571055: Pseudo dice [np.float32(0.9067), np.float32(0.8618)]
2026-05-16 03:33:32.573020: Epoch time: 144.03 s
2026-05-16 03:33:32.574937: Yayy! New best EMA pseudo Dice: 0.847100019454956
2026-05-16 03:33:35.622453: 
2026-05-16 03:33:35.624261: Epoch 34
2026-05-16 03:33:35.625627: Current learning rate: 0.00969
2026-05-16 03:35:59.621446: train_loss -0.8551
2026-05-16 03:35:59.625108: val_loss -0.8484
2026-05-16 03:35:59.626979: Pseudo dice [np.float32(0.8995), np.float32(0.851)]
2026-05-16 03:35:59.628593: Epoch time: 144.0 s
2026-05-16 03:35:59.630025: Yayy! New best EMA pseudo Dice: 0.8499000072479248
2026-05-16 03:36:02.681606: 
2026-05-16 03:36:02.683173: Epoch 35
2026-05-16 03:36:02.684716: Current learning rate: 0.00968
2026-05-16 03:38:26.748935: train_loss -0.8551
2026-05-16 03:38:26.758819: val_loss -0.8598
2026-05-16 03:38:26.760478: Pseudo dice [np.float32(0.9062), np.float32(0.8579)]
2026-05-16 03:38:26.762079: Epoch time: 144.07 s
2026-05-16 03:38:26.763434: Yayy! New best EMA pseudo Dice: 0.8532000184059143
2026-05-16 03:38:29.811405: 
2026-05-16 03:38:29.813190: Epoch 36
2026-05-16 03:38:29.814585: Current learning rate: 0.00968
2026-05-16 03:40:53.517988: train_loss -0.8579
2026-05-16 03:40:53.520832: val_loss -0.8626
2026-05-16 03:40:53.522249: Pseudo dice [np.float32(0.9068), np.float32(0.8621)]
2026-05-16 03:40:53.523637: Epoch time: 143.71 s
2026-05-16 03:40:53.524850: Yayy! New best EMA pseudo Dice: 0.8562999963760376
2026-05-16 03:40:56.581830: 
2026-05-16 03:40:56.583363: Epoch 37
2026-05-16 03:40:56.586039: Current learning rate: 0.00967
2026-05-16 03:43:20.527549: train_loss -0.8549
2026-05-16 03:43:20.531021: val_loss -0.8478
2026-05-16 03:43:20.532582: Pseudo dice [np.float32(0.8988), np.float32(0.8515)]
2026-05-16 03:43:20.534169: Epoch time: 143.95 s
2026-05-16 03:43:20.535518: Yayy! New best EMA pseudo Dice: 0.8582000136375427
2026-05-16 03:43:23.587105: 
2026-05-16 03:43:23.588616: Epoch 38
2026-05-16 03:43:23.589863: Current learning rate: 0.00966
2026-05-16 03:45:47.456325: train_loss -0.8558
2026-05-16 03:45:47.460196: val_loss -0.8582
2026-05-16 03:45:47.461971: Pseudo dice [np.float32(0.9065), np.float32(0.8594)]
2026-05-16 03:45:47.463538: Epoch time: 143.87 s
2026-05-16 03:45:47.464868: Yayy! New best EMA pseudo Dice: 0.8605999946594238
2026-05-16 03:45:50.515721: 
2026-05-16 03:45:50.517379: Epoch 39
2026-05-16 03:45:50.518730: Current learning rate: 0.00965
2026-05-16 03:48:14.334955: train_loss -0.854
2026-05-16 03:48:14.349455: val_loss -0.839
2026-05-16 03:48:14.359581: Pseudo dice [np.float32(0.8923), np.float32(0.8446)]
2026-05-16 03:48:14.361711: Epoch time: 143.82 s
2026-05-16 03:48:14.363541: Yayy! New best EMA pseudo Dice: 0.8614000082015991
2026-05-16 03:48:18.149731: 
2026-05-16 03:48:18.151080: Epoch 40
2026-05-16 03:48:18.152375: Current learning rate: 0.00964
2026-05-16 03:50:42.213755: train_loss -0.8571
2026-05-16 03:50:42.219965: val_loss -0.8575
2026-05-16 03:50:42.221442: Pseudo dice [np.float32(0.9033), np.float32(0.8617)]
2026-05-16 03:50:42.222795: Epoch time: 144.07 s
2026-05-16 03:50:42.224152: Yayy! New best EMA pseudo Dice: 0.8634999990463257
2026-05-16 03:50:45.272269: 
2026-05-16 03:50:45.273911: Epoch 41
2026-05-16 03:50:45.275299: Current learning rate: 0.00963
2026-05-16 03:53:09.010196: train_loss -0.8576
2026-05-16 03:53:09.013533: val_loss -0.856
2026-05-16 03:53:09.015075: Pseudo dice [np.float32(0.9047), np.float32(0.8562)]
2026-05-16 03:53:09.016507: Epoch time: 143.74 s
2026-05-16 03:53:09.017793: Yayy! New best EMA pseudo Dice: 0.8651999831199646
2026-05-16 03:53:12.061172: 
2026-05-16 03:53:12.063003: Epoch 42
2026-05-16 03:53:12.064317: Current learning rate: 0.00962
2026-05-16 03:55:35.816156: train_loss -0.8631
2026-05-16 03:55:35.819406: val_loss -0.852
2026-05-16 03:55:35.821044: Pseudo dice [np.float32(0.8992), np.float32(0.8549)]
2026-05-16 03:55:35.822896: Epoch time: 143.76 s
2026-05-16 03:55:35.824360: Yayy! New best EMA pseudo Dice: 0.8664000034332275
2026-05-16 03:55:38.843818: 
2026-05-16 03:55:38.845485: Epoch 43
2026-05-16 03:55:38.846768: Current learning rate: 0.00961
2026-05-16 03:58:02.865879: train_loss -0.8584
2026-05-16 03:58:02.868815: val_loss -0.8528
2026-05-16 03:58:02.870304: Pseudo dice [np.float32(0.8995), np.float32(0.8581)]
2026-05-16 03:58:02.872046: Epoch time: 144.03 s
2026-05-16 03:58:02.873558: Yayy! New best EMA pseudo Dice: 0.8676000237464905
2026-05-16 03:58:05.633871: 
2026-05-16 03:58:05.635462: Epoch 44
2026-05-16 03:58:05.637239: Current learning rate: 0.0096
2026-05-16 04:00:29.308107: train_loss -0.8611
2026-05-16 04:00:29.310795: val_loss -0.8513
2026-05-16 04:00:29.312565: Pseudo dice [np.float32(0.8999), np.float32(0.8531)]
2026-05-16 04:00:29.314028: Epoch time: 143.68 s
2026-05-16 04:00:29.315409: Yayy! New best EMA pseudo Dice: 0.8684999942779541
2026-05-16 04:00:32.358025: 
2026-05-16 04:00:32.360006: Epoch 45
2026-05-16 04:00:32.361440: Current learning rate: 0.00959
2026-05-16 04:02:55.970173: train_loss -0.8634
2026-05-16 04:02:55.978297: val_loss -0.8504
2026-05-16 04:02:55.979752: Pseudo dice [np.float32(0.8975), np.float32(0.8561)]
2026-05-16 04:02:55.981501: Epoch time: 143.62 s
2026-05-16 04:02:55.982938: Yayy! New best EMA pseudo Dice: 0.8694000244140625
2026-05-16 04:02:58.727057: 
2026-05-16 04:02:58.728475: Epoch 46
2026-05-16 04:02:58.729878: Current learning rate: 0.00959
2026-05-16 04:05:22.327958: train_loss -0.8611
2026-05-16 04:05:22.334315: val_loss -0.852
2026-05-16 04:05:22.335826: Pseudo dice [np.float32(0.9008), np.float32(0.8498)]
2026-05-16 04:05:22.337392: Epoch time: 143.61 s
2026-05-16 04:05:22.338689: Yayy! New best EMA pseudo Dice: 0.8700000047683716
2026-05-16 04:05:25.067772: 
2026-05-16 04:05:25.069412: Epoch 47
2026-05-16 04:05:25.070813: Current learning rate: 0.00958
2026-05-16 04:07:48.778978: train_loss -0.8619
2026-05-16 04:07:48.783279: val_loss -0.8522
2026-05-16 04:07:48.784972: Pseudo dice [np.float32(0.8987), np.float32(0.8536)]
2026-05-16 04:07:48.786387: Epoch time: 143.72 s
2026-05-16 04:07:48.787866: Yayy! New best EMA pseudo Dice: 0.8705999851226807
2026-05-16 04:07:51.545607: 
2026-05-16 04:07:51.555269: Epoch 48
2026-05-16 04:07:51.562112: Current learning rate: 0.00957
2026-05-16 04:10:15.398921: train_loss -0.8658
2026-05-16 04:10:15.414971: val_loss -0.8526
2026-05-16 04:10:15.422259: Pseudo dice [np.float32(0.9015), np.float32(0.8547)]
2026-05-16 04:10:15.426600: Epoch time: 143.86 s
2026-05-16 04:10:15.428219: Yayy! New best EMA pseudo Dice: 0.8712999820709229
2026-05-16 04:10:18.190150: 
2026-05-16 04:10:18.197496: Epoch 49
2026-05-16 04:10:18.207125: Current learning rate: 0.00956
2026-05-16 04:12:42.241228: train_loss -0.8636
2026-05-16 04:12:42.244806: val_loss -0.8487
2026-05-16 04:12:42.246304: Pseudo dice [np.float32(0.8979), np.float32(0.8549)]
2026-05-16 04:12:42.247866: Epoch time: 144.06 s
2026-05-16 04:12:43.572731: Yayy! New best EMA pseudo Dice: 0.8718000054359436
2026-05-16 04:12:46.292362: 
2026-05-16 04:12:46.293838: Epoch 50
2026-05-16 04:12:46.295199: Current learning rate: 0.00955
2026-05-16 04:15:09.858006: train_loss -0.867
2026-05-16 04:15:09.861422: val_loss -0.8471
2026-05-16 04:15:09.863229: Pseudo dice [np.float32(0.8962), np.float32(0.8542)]
2026-05-16 04:15:09.864805: Epoch time: 143.57 s
2026-05-16 04:15:09.866092: Yayy! New best EMA pseudo Dice: 0.8722000122070312
2026-05-16 04:15:12.599037: 
2026-05-16 04:15:12.600833: Epoch 51
2026-05-16 04:15:12.602429: Current learning rate: 0.00954
2026-05-16 04:17:36.471266: train_loss -0.8621
2026-05-16 04:17:36.475209: val_loss -0.8397
2026-05-16 04:17:36.476766: Pseudo dice [np.float32(0.8934), np.float32(0.8439)]
2026-05-16 04:17:36.478219: Epoch time: 143.88 s
2026-05-16 04:17:37.792608: 
2026-05-16 04:17:37.794392: Epoch 52
2026-05-16 04:17:37.795808: Current learning rate: 0.00953
2026-05-16 04:20:01.425350: train_loss -0.8636
2026-05-16 04:20:01.444792: val_loss -0.842
2026-05-16 04:20:01.446804: Pseudo dice [np.float32(0.8969), np.float32(0.8474)]
2026-05-16 04:20:01.448505: Epoch time: 143.64 s
2026-05-16 04:20:02.772123: 
2026-05-16 04:20:02.773748: Epoch 53
2026-05-16 04:20:02.775187: Current learning rate: 0.00952
2026-05-16 04:22:26.734129: train_loss -0.8683
2026-05-16 04:22:26.737462: val_loss -0.8551
2026-05-16 04:22:26.739257: Pseudo dice [np.float32(0.9026), np.float32(0.8574)]
2026-05-16 04:22:26.741196: Epoch time: 143.97 s
2026-05-16 04:22:26.742656: Yayy! New best EMA pseudo Dice: 0.8726999759674072
2026-05-16 04:22:29.619836: 
2026-05-16 04:22:29.621282: Epoch 54
2026-05-16 04:22:29.622615: Current learning rate: 0.00951
2026-05-16 04:24:53.538054: train_loss -0.8652
2026-05-16 04:24:53.541369: val_loss -0.8471
2026-05-16 04:24:53.543120: Pseudo dice [np.float32(0.8978), np.float32(0.8523)]
2026-05-16 04:24:53.544858: Epoch time: 143.92 s
2026-05-16 04:24:53.546522: Yayy! New best EMA pseudo Dice: 0.8729000091552734
2026-05-16 04:24:56.282428: 
2026-05-16 04:24:56.284132: Epoch 55
2026-05-16 04:24:56.285522: Current learning rate: 0.0095
2026-05-16 04:27:20.226087: train_loss -0.8631
2026-05-16 04:27:20.235605: val_loss -0.8509
2026-05-16 04:27:20.238217: Pseudo dice [np.float32(0.8997), np.float32(0.8543)]
2026-05-16 04:27:20.239729: Epoch time: 143.95 s
2026-05-16 04:27:20.241220: Yayy! New best EMA pseudo Dice: 0.8733000159263611
2026-05-16 04:27:22.975864: 
2026-05-16 04:27:22.981097: Epoch 56
2026-05-16 04:27:22.983082: Current learning rate: 0.00949
2026-05-16 04:29:46.661559: train_loss -0.8713
2026-05-16 04:29:46.667201: val_loss -0.8473
2026-05-16 04:29:46.668828: Pseudo dice [np.float32(0.9012), np.float32(0.8509)]
2026-05-16 04:29:46.670424: Epoch time: 143.69 s
2026-05-16 04:29:46.671731: Yayy! New best EMA pseudo Dice: 0.8736000061035156
2026-05-16 04:29:50.275628: 
2026-05-16 04:29:50.284559: Epoch 57
2026-05-16 04:29:50.290191: Current learning rate: 0.00949
2026-05-16 04:32:14.028069: train_loss -0.8623
2026-05-16 04:32:14.031140: val_loss -0.8587
2026-05-16 04:32:14.032873: Pseudo dice [np.float32(0.902), np.float32(0.8631)]
2026-05-16 04:32:14.034590: Epoch time: 143.76 s
2026-05-16 04:32:14.035944: Yayy! New best EMA pseudo Dice: 0.8744999766349792
2026-05-16 04:32:17.045558: 
2026-05-16 04:32:17.047327: Epoch 58
2026-05-16 04:32:17.048826: Current learning rate: 0.00948
2026-05-16 04:34:40.933127: train_loss -0.8643
2026-05-16 04:34:40.936832: val_loss -0.8502
2026-05-16 04:34:40.938633: Pseudo dice [np.float32(0.9016), np.float32(0.8519)]
2026-05-16 04:34:40.940236: Epoch time: 143.89 s
2026-05-16 04:34:40.941617: Yayy! New best EMA pseudo Dice: 0.8747000098228455
2026-05-16 04:34:43.697202: 
2026-05-16 04:34:43.699059: Epoch 59
2026-05-16 04:34:43.700712: Current learning rate: 0.00947
2026-05-16 04:37:07.342461: train_loss -0.8657
2026-05-16 04:37:07.346155: val_loss -0.8377
2026-05-16 04:37:07.347660: Pseudo dice [np.float32(0.8841), np.float32(0.8482)]
2026-05-16 04:37:07.349086: Epoch time: 143.65 s
2026-05-16 04:37:08.668710: 
2026-05-16 04:37:08.670370: Epoch 60
2026-05-16 04:37:08.671701: Current learning rate: 0.00946
2026-05-16 04:39:32.393326: train_loss -0.8689
2026-05-16 04:39:32.395950: val_loss -0.8505
2026-05-16 04:39:32.397763: Pseudo dice [np.float32(0.9025), np.float32(0.8559)]
2026-05-16 04:39:32.399423: Epoch time: 143.73 s
2026-05-16 04:39:33.735102: 
2026-05-16 04:39:33.736685: Epoch 61
2026-05-16 04:39:33.738028: Current learning rate: 0.00945
2026-05-16 04:41:57.252477: train_loss -0.8699
2026-05-16 04:41:57.258314: val_loss -0.8606
2026-05-16 04:41:57.259967: Pseudo dice [np.float32(0.9068), np.float32(0.8607)]
2026-05-16 04:41:57.261655: Epoch time: 143.52 s
2026-05-16 04:41:57.263720: Yayy! New best EMA pseudo Dice: 0.8752999901771545
2026-05-16 04:42:00.001845: 
2026-05-16 04:42:00.003594: Epoch 62
2026-05-16 04:42:00.005044: Current learning rate: 0.00944
2026-05-16 04:44:23.554028: train_loss -0.866
2026-05-16 04:44:23.561479: val_loss -0.8459
2026-05-16 04:44:23.562971: Pseudo dice [np.float32(0.899), np.float32(0.8471)]
2026-05-16 04:44:23.564522: Epoch time: 143.56 s
2026-05-16 04:44:24.891016: 
2026-05-16 04:44:24.893027: Epoch 63
2026-05-16 04:44:24.894415: Current learning rate: 0.00943
2026-05-16 04:46:48.528678: train_loss -0.8663
2026-05-16 04:46:48.543521: val_loss -0.8617
2026-05-16 04:46:48.545594: Pseudo dice [np.float32(0.9052), np.float32(0.8612)]
2026-05-16 04:46:48.546999: Epoch time: 143.64 s
2026-05-16 04:46:48.548140: Yayy! New best EMA pseudo Dice: 0.8758999705314636
2026-05-16 04:46:51.278287: 
2026-05-16 04:46:51.280015: Epoch 64
2026-05-16 04:46:51.281458: Current learning rate: 0.00942
2026-05-16 04:49:15.178849: train_loss -0.8635
2026-05-16 04:49:15.182049: val_loss -0.8527
2026-05-16 04:49:15.183596: Pseudo dice [np.float32(0.8988), np.float32(0.8546)]
2026-05-16 04:49:15.185183: Epoch time: 143.91 s
2026-05-16 04:49:15.186835: Yayy! New best EMA pseudo Dice: 0.8759999871253967
2026-05-16 04:49:17.908833: 
2026-05-16 04:49:17.910519: Epoch 65
2026-05-16 04:49:17.911807: Current learning rate: 0.00941
2026-05-16 04:51:41.773925: train_loss -0.8702
2026-05-16 04:51:41.777501: val_loss -0.85
2026-05-16 04:51:41.778936: Pseudo dice [np.float32(0.9013), np.float32(0.8543)]
2026-05-16 04:51:41.780389: Epoch time: 143.87 s
2026-05-16 04:51:41.781728: Yayy! New best EMA pseudo Dice: 0.8762000203132629
2026-05-16 04:51:44.515619: 
2026-05-16 04:51:44.517066: Epoch 66
2026-05-16 04:51:44.518397: Current learning rate: 0.0094
2026-05-16 04:54:08.403133: train_loss -0.8681
2026-05-16 04:54:08.409339: val_loss -0.8415
2026-05-16 04:54:08.411091: Pseudo dice [np.float32(0.8931), np.float32(0.847)]
2026-05-16 04:54:08.412694: Epoch time: 143.89 s
2026-05-16 04:54:09.744874: 
2026-05-16 04:54:09.746572: Epoch 67
2026-05-16 04:54:09.747921: Current learning rate: 0.00939
2026-05-16 04:56:33.472596: train_loss -0.8744
2026-05-16 04:56:33.475938: val_loss -0.8511
2026-05-16 04:56:33.477599: Pseudo dice [np.float32(0.9006), np.float32(0.8508)]
2026-05-16 04:56:33.479240: Epoch time: 143.73 s
2026-05-16 04:56:34.826587: 
2026-05-16 04:56:34.828258: Epoch 68
2026-05-16 04:56:34.829567: Current learning rate: 0.00939
2026-05-16 04:58:58.665860: train_loss -0.8706
2026-05-16 04:58:58.669237: val_loss -0.8524
2026-05-16 04:58:58.670887: Pseudo dice [np.float32(0.9014), np.float32(0.8534)]
2026-05-16 04:58:58.672315: Epoch time: 143.84 s
2026-05-16 04:59:00.022594: 
2026-05-16 04:59:00.031256: Epoch 69
2026-05-16 04:59:00.040215: Current learning rate: 0.00938
2026-05-16 05:01:23.843307: train_loss -0.8709
2026-05-16 05:01:23.846392: val_loss -0.8577
2026-05-16 05:01:23.847865: Pseudo dice [np.float32(0.908), np.float32(0.8548)]
2026-05-16 05:01:23.849312: Epoch time: 143.83 s
2026-05-16 05:01:23.850609: Yayy! New best EMA pseudo Dice: 0.8762999773025513
2026-05-16 05:01:26.614683: 
2026-05-16 05:01:26.616384: Epoch 70
2026-05-16 05:01:26.617733: Current learning rate: 0.00937
2026-05-16 05:03:50.345032: train_loss -0.8724
2026-05-16 05:03:50.348000: val_loss -0.8497
2026-05-16 05:03:50.354087: Pseudo dice [np.float32(0.9007), np.float32(0.8506)]
2026-05-16 05:03:50.357271: Epoch time: 143.73 s
2026-05-16 05:03:51.704679: 
2026-05-16 05:03:51.706143: Epoch 71
2026-05-16 05:03:51.707754: Current learning rate: 0.00936
2026-05-16 05:06:15.653125: train_loss -0.8731
2026-05-16 05:06:15.657497: val_loss -0.8532
2026-05-16 05:06:15.659314: Pseudo dice [np.float32(0.9083), np.float32(0.8498)]
2026-05-16 05:06:15.661355: Epoch time: 143.95 s
2026-05-16 05:06:15.663252: Yayy! New best EMA pseudo Dice: 0.8765000104904175
2026-05-16 05:06:18.422319: 
2026-05-16 05:06:18.435595: Epoch 72
2026-05-16 05:06:18.436980: Current learning rate: 0.00935
2026-05-16 05:08:42.148695: train_loss -0.8667
2026-05-16 05:08:42.156419: val_loss -0.8484
2026-05-16 05:08:42.158499: Pseudo dice [np.float32(0.8967), np.float32(0.8552)]
2026-05-16 05:08:42.160241: Epoch time: 143.73 s
2026-05-16 05:08:43.526916: 
2026-05-16 05:08:43.534173: Epoch 73
2026-05-16 05:08:43.535708: Current learning rate: 0.00934
2026-05-16 05:11:07.333015: train_loss -0.8722
2026-05-16 05:11:07.336192: val_loss -0.8536
2026-05-16 05:11:07.337724: Pseudo dice [np.float32(0.905), np.float32(0.8527)]
2026-05-16 05:11:07.339237: Epoch time: 143.81 s
2026-05-16 05:11:07.340443: Yayy! New best EMA pseudo Dice: 0.8766999840736389
2026-05-16 05:11:10.230629: 
2026-05-16 05:11:10.232328: Epoch 74
2026-05-16 05:11:10.233868: Current learning rate: 0.00933
2026-05-16 05:13:34.141882: train_loss -0.871
2026-05-16 05:13:34.144718: val_loss -0.8496
2026-05-16 05:13:34.146244: Pseudo dice [np.float32(0.8992), np.float32(0.8502)]
2026-05-16 05:13:34.147786: Epoch time: 143.92 s
2026-05-16 05:13:35.487045: 
2026-05-16 05:13:35.488899: Epoch 75
2026-05-16 05:13:35.490366: Current learning rate: 0.00932
2026-05-16 05:15:59.348345: train_loss -0.874
2026-05-16 05:15:59.351207: val_loss -0.8586
2026-05-16 05:15:59.352962: Pseudo dice [np.float32(0.9043), np.float32(0.8577)]
2026-05-16 05:15:59.354516: Epoch time: 143.87 s
2026-05-16 05:15:59.355904: Yayy! New best EMA pseudo Dice: 0.8769999742507935
2026-05-16 05:16:02.253473: 
2026-05-16 05:16:02.254972: Epoch 76
2026-05-16 05:16:02.256287: Current learning rate: 0.00931
2026-05-16 05:18:25.886422: train_loss -0.8693
2026-05-16 05:18:25.889826: val_loss -0.8583
2026-05-16 05:18:25.891409: Pseudo dice [np.float32(0.9048), np.float32(0.8583)]
2026-05-16 05:18:25.892927: Epoch time: 143.64 s
2026-05-16 05:18:25.894463: Yayy! New best EMA pseudo Dice: 0.8773999810218811
2026-05-16 05:18:28.836597: 
2026-05-16 05:18:28.838205: Epoch 77
2026-05-16 05:18:28.839509: Current learning rate: 0.0093
2026-05-16 05:20:52.477206: train_loss -0.8698
2026-05-16 05:20:52.480290: val_loss -0.8569
2026-05-16 05:20:52.481843: Pseudo dice [np.float32(0.9051), np.float32(0.8539)]
2026-05-16 05:20:52.483374: Epoch time: 143.64 s
2026-05-16 05:20:52.485686: Yayy! New best EMA pseudo Dice: 0.8776000142097473
2026-05-16 05:20:55.256612: 
2026-05-16 05:20:55.258989: Epoch 78
2026-05-16 05:20:55.260590: Current learning rate: 0.0093
2026-05-16 05:23:19.194241: train_loss -0.8733
2026-05-16 05:23:19.197065: val_loss -0.8471
2026-05-16 05:23:19.198775: Pseudo dice [np.float32(0.8988), np.float32(0.8516)]
2026-05-16 05:23:19.200140: Epoch time: 143.94 s
2026-05-16 05:23:21.311029: 
2026-05-16 05:23:21.319657: Epoch 79
2026-05-16 05:23:21.326593: Current learning rate: 0.00929
2026-05-16 05:25:45.418697: train_loss -0.8687
2026-05-16 05:25:45.431993: val_loss -0.8439
2026-05-16 05:25:45.437779: Pseudo dice [np.float32(0.8968), np.float32(0.8497)]
2026-05-16 05:25:45.443012: Epoch time: 144.11 s
2026-05-16 05:25:46.791116: 
2026-05-16 05:25:46.792724: Epoch 80
2026-05-16 05:25:46.794008: Current learning rate: 0.00928
2026-05-16 05:28:10.624688: train_loss -0.8718
2026-05-16 05:28:10.628597: val_loss -0.8599
2026-05-16 05:28:10.630162: Pseudo dice [np.float32(0.9074), np.float32(0.8561)]
2026-05-16 05:28:10.631586: Epoch time: 143.84 s
2026-05-16 05:28:11.982435: 
2026-05-16 05:28:11.984280: Epoch 81
2026-05-16 05:28:11.985854: Current learning rate: 0.00927
2026-05-16 05:30:35.949225: train_loss -0.8719
2026-05-16 05:30:35.952759: val_loss -0.8477
2026-05-16 05:30:35.954186: Pseudo dice [np.float32(0.8967), np.float32(0.8546)]
2026-05-16 05:30:35.955594: Epoch time: 143.97 s
2026-05-16 05:30:37.312382: 
2026-05-16 05:30:37.316730: Epoch 82
2026-05-16 05:30:37.318269: Current learning rate: 0.00926
2026-05-16 05:33:01.351822: train_loss -0.8734
2026-05-16 05:33:01.356089: val_loss -0.8557
2026-05-16 05:33:01.357786: Pseudo dice [np.float32(0.9027), np.float32(0.8569)]
2026-05-16 05:33:01.359240: Epoch time: 144.04 s
2026-05-16 05:33:02.688565: 
2026-05-16 05:33:02.690389: Epoch 83
2026-05-16 05:33:02.691836: Current learning rate: 0.00925
2026-05-16 05:35:26.586083: train_loss -0.8722
2026-05-16 05:35:26.592308: val_loss -0.856
2026-05-16 05:35:26.594790: Pseudo dice [np.float32(0.9058), np.float32(0.8537)]
2026-05-16 05:35:26.596643: Epoch time: 143.9 s
2026-05-16 05:35:26.600757: Yayy! New best EMA pseudo Dice: 0.8776999711990356
2026-05-16 05:35:29.644844: 
2026-05-16 05:35:29.646662: Epoch 84
2026-05-16 05:35:29.648098: Current learning rate: 0.00924
2026-05-16 05:37:53.277036: train_loss -0.8743
2026-05-16 05:37:53.280355: val_loss -0.8583
2026-05-16 05:37:53.281979: Pseudo dice [np.float32(0.907), np.float32(0.8565)]
2026-05-16 05:37:53.283376: Epoch time: 143.64 s
2026-05-16 05:37:53.284768: Yayy! New best EMA pseudo Dice: 0.8780999779701233
2026-05-16 05:37:56.052634: 
2026-05-16 05:37:56.054335: Epoch 85
2026-05-16 05:37:56.055797: Current learning rate: 0.00923
2026-05-16 05:40:19.822410: train_loss -0.8706
2026-05-16 05:40:19.826329: val_loss -0.8385
2026-05-16 05:40:19.828108: Pseudo dice [np.float32(0.8906), np.float32(0.8446)]
2026-05-16 05:40:19.829853: Epoch time: 143.78 s
2026-05-16 05:40:21.159869: 
2026-05-16 05:40:21.162102: Epoch 86
2026-05-16 05:40:21.163583: Current learning rate: 0.00922
2026-05-16 05:42:44.967902: train_loss -0.8756
2026-05-16 05:42:44.973398: val_loss -0.8552
2026-05-16 05:42:44.975112: Pseudo dice [np.float32(0.8989), np.float32(0.8626)]
2026-05-16 05:42:44.976770: Epoch time: 143.81 s
2026-05-16 05:42:46.303343: 
2026-05-16 05:42:46.305028: Epoch 87
2026-05-16 05:42:46.306451: Current learning rate: 0.00921
2026-05-16 05:45:10.125773: train_loss -0.8772
2026-05-16 05:45:10.128770: val_loss -0.8516
2026-05-16 05:45:10.130574: Pseudo dice [np.float32(0.9046), np.float32(0.8517)]
2026-05-16 05:45:10.132204: Epoch time: 143.83 s
2026-05-16 05:45:11.465795: 
2026-05-16 05:45:11.471605: Epoch 88
2026-05-16 05:45:11.478835: Current learning rate: 0.0092
2026-05-16 05:47:35.492776: train_loss -0.8733
2026-05-16 05:47:35.495929: val_loss -0.8689
2026-05-16 05:47:35.497652: Pseudo dice [np.float32(0.9138), np.float32(0.8665)]
2026-05-16 05:47:35.503427: Epoch time: 144.03 s
2026-05-16 05:47:35.511161: Yayy! New best EMA pseudo Dice: 0.8787999749183655
2026-05-16 05:47:38.397701: 
2026-05-16 05:47:38.399298: Epoch 89
2026-05-16 05:47:38.400727: Current learning rate: 0.0092
2026-05-16 05:50:02.174402: train_loss -0.8746
2026-05-16 05:50:02.181406: val_loss -0.8461
2026-05-16 05:50:02.183087: Pseudo dice [np.float32(0.894), np.float32(0.8537)]
2026-05-16 05:50:02.184737: Epoch time: 143.78 s
2026-05-16 05:50:03.506652: 
2026-05-16 05:50:03.508284: Epoch 90
2026-05-16 05:50:03.509638: Current learning rate: 0.00919
2026-05-16 05:52:27.309313: train_loss -0.8708
2026-05-16 05:52:27.320574: val_loss -0.8572
2026-05-16 05:52:27.326770: Pseudo dice [np.float32(0.903), np.float32(0.861)]
2026-05-16 05:52:27.328842: Epoch time: 143.81 s
2026-05-16 05:52:28.658584: 
2026-05-16 05:52:28.660099: Epoch 91
2026-05-16 05:52:28.661625: Current learning rate: 0.00918
2026-05-16 05:54:52.407853: train_loss -0.8746
2026-05-16 05:54:52.411468: val_loss -0.8503
2026-05-16 05:54:52.412982: Pseudo dice [np.float32(0.8998), np.float32(0.8532)]
2026-05-16 05:54:52.414421: Epoch time: 143.75 s
2026-05-16 05:54:53.726679: 
2026-05-16 05:54:53.728161: Epoch 92
2026-05-16 05:54:53.729526: Current learning rate: 0.00917
2026-05-16 05:57:17.499790: train_loss -0.8764
2026-05-16 05:57:17.506334: val_loss -0.8523
2026-05-16 05:57:17.511401: Pseudo dice [np.float32(0.9016), np.float32(0.8479)]
2026-05-16 05:57:17.516621: Epoch time: 143.78 s
2026-05-16 05:57:18.833300: 
2026-05-16 05:57:18.834735: Epoch 93
2026-05-16 05:57:18.835989: Current learning rate: 0.00916
2026-05-16 05:59:42.470139: train_loss -0.8743
2026-05-16 05:59:42.474522: val_loss -0.8412
2026-05-16 05:59:42.476094: Pseudo dice [np.float32(0.8928), np.float32(0.8443)]
2026-05-16 05:59:42.477539: Epoch time: 143.64 s
2026-05-16 05:59:43.823246: 
2026-05-16 05:59:43.837049: Epoch 94
2026-05-16 05:59:43.848994: Current learning rate: 0.00915
2026-05-16 06:02:07.777499: train_loss -0.8778
2026-05-16 06:02:07.780536: val_loss -0.8584
2026-05-16 06:02:07.782176: Pseudo dice [np.float32(0.9021), np.float32(0.8625)]
2026-05-16 06:02:07.783754: Epoch time: 143.96 s
2026-05-16 06:02:09.096282: 
2026-05-16 06:02:09.103947: Epoch 95
2026-05-16 06:02:09.110585: Current learning rate: 0.00914
2026-05-16 06:04:32.936874: train_loss -0.8765
2026-05-16 06:04:32.954105: val_loss -0.8608
2026-05-16 06:04:32.970409: Pseudo dice [np.float32(0.9057), np.float32(0.8555)]
2026-05-16 06:04:32.982173: Epoch time: 143.85 s
2026-05-16 06:04:34.291506: 
2026-05-16 06:04:34.292953: Epoch 96
2026-05-16 06:04:34.294297: Current learning rate: 0.00913
2026-05-16 06:06:57.991265: train_loss -0.8668
2026-05-16 06:06:58.002468: val_loss -0.8447
2026-05-16 06:06:58.006603: Pseudo dice [np.float32(0.8953), np.float32(0.8495)]
2026-05-16 06:06:58.008395: Epoch time: 143.7 s
2026-05-16 06:06:59.316012: 
2026-05-16 06:06:59.317711: Epoch 97
2026-05-16 06:06:59.319014: Current learning rate: 0.00912
2026-05-16 06:09:22.934437: train_loss -0.8713
2026-05-16 06:09:22.943871: val_loss -0.8432
2026-05-16 06:09:22.949336: Pseudo dice [np.float32(0.8963), np.float32(0.8477)]
2026-05-16 06:09:22.950969: Epoch time: 143.62 s
2026-05-16 06:09:24.249364: 
2026-05-16 06:09:24.251415: Epoch 98
2026-05-16 06:09:24.252797: Current learning rate: 0.00911
2026-05-16 06:11:47.878330: train_loss -0.8749
2026-05-16 06:11:47.881887: val_loss -0.847
2026-05-16 06:11:47.883348: Pseudo dice [np.float32(0.8983), np.float32(0.8452)]
2026-05-16 06:11:47.884662: Epoch time: 143.63 s
2026-05-16 06:11:49.193376: 
2026-05-16 06:11:49.194914: Epoch 99
2026-05-16 06:11:49.196158: Current learning rate: 0.0091
2026-05-16 06:14:13.018845: train_loss -0.8731
2026-05-16 06:14:13.021888: val_loss -0.8624
2026-05-16 06:14:13.023397: Pseudo dice [np.float32(0.9124), np.float32(0.8531)]
2026-05-16 06:14:13.027828: Epoch time: 143.83 s
2026-05-16 06:14:15.727090: 
2026-05-16 06:14:15.728984: Epoch 100
2026-05-16 06:14:15.730721: Current learning rate: 0.0091
2026-05-16 06:16:39.549872: train_loss -0.8756
2026-05-16 06:16:39.552976: val_loss -0.8426
2026-05-16 06:16:39.554764: Pseudo dice [np.float32(0.8954), np.float32(0.8442)]
2026-05-16 06:16:39.556135: Epoch time: 143.83 s
2026-05-16 06:16:40.870877: 
2026-05-16 06:16:40.872372: Epoch 101
2026-05-16 06:16:40.873539: Current learning rate: 0.00909
2026-05-16 06:19:04.339684: train_loss -0.8771
2026-05-16 06:19:04.344421: val_loss -0.8568
2026-05-16 06:19:04.346003: Pseudo dice [np.float32(0.9045), np.float32(0.8565)]
2026-05-16 06:19:04.347479: Epoch time: 143.47 s
2026-05-16 06:19:06.431732: 
2026-05-16 06:19:06.433216: Epoch 102
2026-05-16 06:19:06.434515: Current learning rate: 0.00908
2026-05-16 06:21:30.025526: train_loss -0.8747
2026-05-16 06:21:30.028872: val_loss -0.8468
2026-05-16 06:21:30.030353: Pseudo dice [np.float32(0.8943), np.float32(0.8536)]
2026-05-16 06:21:30.031877: Epoch time: 143.6 s
2026-05-16 06:21:31.367504: 
2026-05-16 06:21:31.369102: Epoch 103
2026-05-16 06:21:31.370514: Current learning rate: 0.00907
2026-05-16 06:23:54.839459: train_loss -0.8785
2026-05-16 06:23:54.842626: val_loss -0.8649
2026-05-16 06:23:54.844315: Pseudo dice [np.float32(0.9113), np.float32(0.8615)]
2026-05-16 06:23:54.845881: Epoch time: 143.48 s
2026-05-16 06:23:56.163037: 
2026-05-16 06:23:56.164633: Epoch 104
2026-05-16 06:23:56.165929: Current learning rate: 0.00906
2026-05-16 06:26:19.911444: train_loss -0.8784
2026-05-16 06:26:19.914851: val_loss -0.8667
2026-05-16 06:26:19.916593: Pseudo dice [np.float32(0.9116), np.float32(0.8634)]
2026-05-16 06:26:19.918149: Epoch time: 143.75 s
2026-05-16 06:26:21.255090: 
2026-05-16 06:26:21.256763: Epoch 105
2026-05-16 06:26:21.257925: Current learning rate: 0.00905
2026-05-16 06:28:44.794099: train_loss -0.8751
2026-05-16 06:28:44.801497: val_loss -0.8483
2026-05-16 06:28:44.803606: Pseudo dice [np.float32(0.8994), np.float32(0.851)]
2026-05-16 06:28:44.805468: Epoch time: 143.54 s
2026-05-16 06:28:46.138258: 
2026-05-16 06:28:46.139794: Epoch 106
2026-05-16 06:28:46.141268: Current learning rate: 0.00904
2026-05-16 06:31:10.054553: train_loss -0.8735
2026-05-16 06:31:10.058000: val_loss -0.8457
2026-05-16 06:31:10.059498: Pseudo dice [np.float32(0.8949), np.float32(0.8527)]
2026-05-16 06:31:10.060906: Epoch time: 143.92 s
2026-05-16 06:31:11.396942: 
2026-05-16 06:31:11.398370: Epoch 107
2026-05-16 06:31:11.399738: Current learning rate: 0.00903
2026-05-16 06:33:35.285453: train_loss -0.8746
2026-05-16 06:33:35.288750: val_loss -0.8472
2026-05-16 06:33:35.290298: Pseudo dice [np.float32(0.8958), np.float32(0.8496)]
2026-05-16 06:33:35.291791: Epoch time: 143.89 s
2026-05-16 06:33:36.616102: 
2026-05-16 06:33:36.623513: Epoch 108
2026-05-16 06:33:36.628982: Current learning rate: 0.00902
2026-05-16 06:36:00.523342: train_loss -0.8739
2026-05-16 06:36:00.534801: val_loss -0.8348
2026-05-16 06:36:00.542202: Pseudo dice [np.float32(0.8914), np.float32(0.8392)]
2026-05-16 06:36:00.548109: Epoch time: 143.91 s
2026-05-16 06:36:01.878275: 
2026-05-16 06:36:01.879960: Epoch 109
2026-05-16 06:36:01.881366: Current learning rate: 0.00901
2026-05-16 06:38:25.711381: train_loss -0.8782
2026-05-16 06:38:25.715859: val_loss -0.852
2026-05-16 06:38:25.717395: Pseudo dice [np.float32(0.9012), np.float32(0.852)]
2026-05-16 06:38:25.718950: Epoch time: 143.84 s
2026-05-16 06:38:27.055228: 
2026-05-16 06:38:27.061873: Epoch 110
2026-05-16 06:38:27.063554: Current learning rate: 0.009
2026-05-16 06:40:50.660592: train_loss -0.8785
2026-05-16 06:40:50.664447: val_loss -0.8522
2026-05-16 06:40:50.666231: Pseudo dice [np.float32(0.9027), np.float32(0.8525)]
2026-05-16 06:40:50.667846: Epoch time: 143.61 s
2026-05-16 06:40:52.003986: 
2026-05-16 06:40:52.005584: Epoch 111
2026-05-16 06:40:52.006797: Current learning rate: 0.009
2026-05-16 06:43:15.897429: train_loss -0.8829
2026-05-16 06:43:15.900856: val_loss -0.8577
2026-05-16 06:43:15.902292: Pseudo dice [np.float32(0.904), np.float32(0.8589)]
2026-05-16 06:43:15.903710: Epoch time: 143.9 s
2026-05-16 06:43:17.236680: 
2026-05-16 06:43:17.238406: Epoch 112
2026-05-16 06:43:17.239754: Current learning rate: 0.00899
2026-05-16 06:45:40.988176: train_loss -0.876
2026-05-16 06:45:40.991037: val_loss -0.857
2026-05-16 06:45:40.992597: Pseudo dice [np.float32(0.9056), np.float32(0.8562)]
2026-05-16 06:45:40.994200: Epoch time: 143.76 s
2026-05-16 06:45:42.325595: 
2026-05-16 06:45:42.327625: Epoch 113
2026-05-16 06:45:42.329042: Current learning rate: 0.00898
2026-05-16 06:48:06.220274: train_loss -0.8824
2026-05-16 06:48:06.223466: val_loss -0.848
2026-05-16 06:48:06.225348: Pseudo dice [np.float32(0.8997), np.float32(0.8504)]
2026-05-16 06:48:06.227061: Epoch time: 143.9 s
2026-05-16 06:48:07.571002: 
2026-05-16 06:48:07.572750: Epoch 114
2026-05-16 06:48:07.573980: Current learning rate: 0.00897
2026-05-16 06:50:31.046274: train_loss -0.8788
2026-05-16 06:50:31.049394: val_loss -0.861
2026-05-16 06:50:31.050998: Pseudo dice [np.float32(0.9095), np.float32(0.8557)]
2026-05-16 06:50:31.052367: Epoch time: 143.48 s
2026-05-16 06:50:32.387676: 
2026-05-16 06:50:32.395693: Epoch 115
2026-05-16 06:50:32.404448: Current learning rate: 0.00896
2026-05-16 06:52:56.035672: train_loss -0.8798
2026-05-16 06:52:56.038907: val_loss -0.8456
2026-05-16 06:52:56.040409: Pseudo dice [np.float32(0.897), np.float32(0.8492)]
2026-05-16 06:52:56.041759: Epoch time: 143.65 s
2026-05-16 06:52:57.376242: 
2026-05-16 06:52:57.377829: Epoch 116
2026-05-16 06:52:57.383506: Current learning rate: 0.00895
2026-05-16 06:55:20.969989: train_loss -0.876
2026-05-16 06:55:20.979028: val_loss -0.8529
2026-05-16 06:55:20.983318: Pseudo dice [np.float32(0.906), np.float32(0.8521)]
2026-05-16 06:55:20.986236: Epoch time: 143.6 s
2026-05-16 06:55:22.322437: 
2026-05-16 06:55:22.324064: Epoch 117
2026-05-16 06:55:22.325755: Current learning rate: 0.00894
2026-05-16 06:57:46.036347: train_loss -0.8787
2026-05-16 06:57:46.048587: val_loss -0.8464
2026-05-16 06:57:46.050330: Pseudo dice [np.float32(0.898), np.float32(0.8481)]
2026-05-16 06:57:46.051981: Epoch time: 143.72 s
2026-05-16 06:57:47.382981: 
2026-05-16 06:57:47.384347: Epoch 118
2026-05-16 06:57:47.385597: Current learning rate: 0.00893
2026-05-16 07:00:11.234703: train_loss -0.878
2026-05-16 07:00:11.238035: val_loss -0.8577
2026-05-16 07:00:11.239636: Pseudo dice [np.float32(0.9033), np.float32(0.8599)]
2026-05-16 07:00:11.241672: Epoch time: 143.86 s
2026-05-16 07:00:12.582885: 
2026-05-16 07:00:12.584382: Epoch 119
2026-05-16 07:00:12.585762: Current learning rate: 0.00892
2026-05-16 07:02:36.518445: train_loss -0.877
2026-05-16 07:02:36.522329: val_loss -0.8643
2026-05-16 07:02:36.523739: Pseudo dice [np.float32(0.9082), np.float32(0.867)]
2026-05-16 07:02:36.525192: Epoch time: 143.94 s
2026-05-16 07:02:37.856720: 
2026-05-16 07:02:37.858331: Epoch 120
2026-05-16 07:02:37.859576: Current learning rate: 0.00891
2026-05-16 07:05:01.606491: train_loss -0.872
2026-05-16 07:05:01.609487: val_loss -0.8332
2026-05-16 07:05:01.611116: Pseudo dice [np.float32(0.8885), np.float32(0.8401)]
2026-05-16 07:05:01.612919: Epoch time: 143.75 s
2026-05-16 07:05:02.940551: 
2026-05-16 07:05:02.942132: Epoch 121
2026-05-16 07:05:02.943466: Current learning rate: 0.0089
2026-05-16 07:07:26.526381: train_loss -0.8719
2026-05-16 07:07:26.530637: val_loss -0.8518
2026-05-16 07:07:26.532222: Pseudo dice [np.float32(0.9034), np.float32(0.8516)]
2026-05-16 07:07:26.533753: Epoch time: 143.59 s
2026-05-16 07:07:27.869317: 
2026-05-16 07:07:27.870923: Epoch 122
2026-05-16 07:07:27.872237: Current learning rate: 0.00889
2026-05-16 07:09:51.257857: train_loss -0.8693
2026-05-16 07:09:51.261193: val_loss -0.8579
2026-05-16 07:09:51.262676: Pseudo dice [np.float32(0.9063), np.float32(0.8572)]
2026-05-16 07:09:51.264240: Epoch time: 143.39 s
2026-05-16 07:09:52.595437: 
2026-05-16 07:09:52.600282: Epoch 123
2026-05-16 07:09:52.601911: Current learning rate: 0.00889
2026-05-16 07:12:16.064046: train_loss -0.8759
2026-05-16 07:12:16.070509: val_loss -0.8583
2026-05-16 07:12:16.072188: Pseudo dice [np.float32(0.904), np.float32(0.8606)]
2026-05-16 07:12:16.074018: Epoch time: 143.47 s
2026-05-16 07:12:17.397815: 
2026-05-16 07:12:17.399260: Epoch 124
2026-05-16 07:12:17.400594: Current learning rate: 0.00888
2026-05-16 07:14:40.753016: train_loss -0.8753
2026-05-16 07:14:40.760296: val_loss -0.8388
2026-05-16 07:14:40.762741: Pseudo dice [np.float32(0.8938), np.float32(0.8415)]
2026-05-16 07:14:40.764499: Epoch time: 143.36 s
2026-05-16 07:14:42.893519: 
2026-05-16 07:14:42.895205: Epoch 125
2026-05-16 07:14:42.896696: Current learning rate: 0.00887
2026-05-16 07:17:06.324894: train_loss -0.8799
2026-05-16 07:17:06.327650: val_loss -0.8548
2026-05-16 07:17:06.329208: Pseudo dice [np.float32(0.9049), np.float32(0.8564)]
2026-05-16 07:17:06.330845: Epoch time: 143.44 s
2026-05-16 07:17:07.669280: 
2026-05-16 07:17:07.670925: Epoch 126
2026-05-16 07:17:07.672238: Current learning rate: 0.00886
2026-05-16 07:19:31.426259: train_loss -0.8787
2026-05-16 07:19:31.428888: val_loss -0.8596
2026-05-16 07:19:31.430677: Pseudo dice [np.float32(0.9058), np.float32(0.8558)]
2026-05-16 07:19:31.432180: Epoch time: 143.76 s
2026-05-16 07:19:32.761762: 
2026-05-16 07:19:32.763485: Epoch 127
2026-05-16 07:19:32.764851: Current learning rate: 0.00885
2026-05-16 07:21:56.496619: train_loss -0.8781
2026-05-16 07:21:56.499505: val_loss -0.8586
2026-05-16 07:21:56.501251: Pseudo dice [np.float32(0.9067), np.float32(0.8543)]
2026-05-16 07:21:56.502968: Epoch time: 143.74 s
2026-05-16 07:21:57.828619: 
2026-05-16 07:21:57.830200: Epoch 128
2026-05-16 07:21:57.831738: Current learning rate: 0.00884
2026-05-16 07:24:21.784211: train_loss -0.8787
2026-05-16 07:24:21.787163: val_loss -0.8518
2026-05-16 07:24:21.788770: Pseudo dice [np.float32(0.9021), np.float32(0.8517)]
2026-05-16 07:24:21.790409: Epoch time: 143.96 s
2026-05-16 07:24:23.122117: 
2026-05-16 07:24:23.123451: Epoch 129
2026-05-16 07:24:23.125474: Current learning rate: 0.00883
2026-05-16 07:26:46.981981: train_loss -0.8805
2026-05-16 07:26:46.989915: val_loss -0.8403
2026-05-16 07:26:46.998521: Pseudo dice [np.float32(0.8934), np.float32(0.8419)]
2026-05-16 07:26:47.002616: Epoch time: 143.86 s
2026-05-16 07:26:48.329494: 
2026-05-16 07:26:48.330834: Epoch 130
2026-05-16 07:26:48.332067: Current learning rate: 0.00882
2026-05-16 07:29:11.871921: train_loss -0.8805
2026-05-16 07:29:11.875247: val_loss -0.853
2026-05-16 07:29:11.876987: Pseudo dice [np.float32(0.9042), np.float32(0.8517)]
2026-05-16 07:29:11.878653: Epoch time: 143.55 s
2026-05-16 07:29:13.210426: 
2026-05-16 07:29:13.212019: Epoch 131
2026-05-16 07:29:13.213550: Current learning rate: 0.00881
2026-05-16 07:31:37.050624: train_loss -0.8826
2026-05-16 07:31:37.053770: val_loss -0.8474
2026-05-16 07:31:37.055440: Pseudo dice [np.float32(0.8957), np.float32(0.8526)]
2026-05-16 07:31:37.057567: Epoch time: 143.84 s
2026-05-16 07:31:38.404866: 
2026-05-16 07:31:38.406280: Epoch 132
2026-05-16 07:31:38.407588: Current learning rate: 0.0088
2026-05-16 07:34:01.861255: train_loss -0.881
2026-05-16 07:34:01.874937: val_loss -0.859
2026-05-16 07:34:01.884329: Pseudo dice [np.float32(0.907), np.float32(0.8576)]
2026-05-16 07:34:01.889655: Epoch time: 143.46 s
2026-05-16 07:34:03.220908: 
2026-05-16 07:34:03.222820: Epoch 133
2026-05-16 07:34:03.224252: Current learning rate: 0.00879
2026-05-16 07:36:26.893105: train_loss -0.8815
2026-05-16 07:36:26.896322: val_loss -0.8607
2026-05-16 07:36:26.898074: Pseudo dice [np.float32(0.9038), np.float32(0.8624)]
2026-05-16 07:36:26.899602: Epoch time: 143.68 s
2026-05-16 07:36:28.223587: 
2026-05-16 07:36:28.225160: Epoch 134
2026-05-16 07:36:28.226461: Current learning rate: 0.00879
2026-05-16 07:38:51.708419: train_loss -0.8814
2026-05-16 07:38:51.711849: val_loss -0.8474
2026-05-16 07:38:51.713337: Pseudo dice [np.float32(0.8973), np.float32(0.85)]
2026-05-16 07:38:51.714892: Epoch time: 143.49 s
2026-05-16 07:38:53.066202: 
2026-05-16 07:38:53.067912: Epoch 135
2026-05-16 07:38:53.069282: Current learning rate: 0.00878
2026-05-16 07:41:16.706017: train_loss -0.8812
2026-05-16 07:41:16.712633: val_loss -0.8528
2026-05-16 07:41:16.714206: Pseudo dice [np.float32(0.8995), np.float32(0.8536)]
2026-05-16 07:41:16.715730: Epoch time: 143.64 s
2026-05-16 07:41:18.056975: 
2026-05-16 07:41:18.064794: Epoch 136
2026-05-16 07:41:18.070606: Current learning rate: 0.00877
2026-05-16 07:43:41.794923: train_loss -0.8831
2026-05-16 07:43:41.809095: val_loss -0.8405
2026-05-16 07:43:41.811359: Pseudo dice [np.float32(0.8991), np.float32(0.8403)]
2026-05-16 07:43:41.814233: Epoch time: 143.74 s
2026-05-16 07:43:43.164757: 
2026-05-16 07:43:43.175039: Epoch 137
2026-05-16 07:43:43.177428: Current learning rate: 0.00876
2026-05-16 07:46:06.995445: train_loss -0.8857
2026-05-16 07:46:07.005911: val_loss -0.8502
2026-05-16 07:46:07.009770: Pseudo dice [np.float32(0.8981), np.float32(0.8496)]
2026-05-16 07:46:07.011469: Epoch time: 143.84 s
2026-05-16 07:46:08.351663: 
2026-05-16 07:46:08.353175: Epoch 138
2026-05-16 07:46:08.354444: Current learning rate: 0.00875
2026-05-16 07:48:32.266130: train_loss -0.8844
2026-05-16 07:48:32.277031: val_loss -0.836
2026-05-16 07:48:32.283634: Pseudo dice [np.float32(0.8912), np.float32(0.842)]
2026-05-16 07:48:32.286463: Epoch time: 143.92 s
2026-05-16 07:48:33.645542: 
2026-05-16 07:48:33.647331: Epoch 139
2026-05-16 07:48:33.648688: Current learning rate: 0.00874
2026-05-16 07:50:57.340773: train_loss -0.8839
2026-05-16 07:50:57.348809: val_loss -0.8506
2026-05-16 07:50:57.350489: Pseudo dice [np.float32(0.9014), np.float32(0.8533)]
2026-05-16 07:50:57.352195: Epoch time: 143.7 s
2026-05-16 07:50:58.689683: 
2026-05-16 07:50:58.691031: Epoch 140
2026-05-16 07:50:58.693483: Current learning rate: 0.00873
2026-05-16 07:53:22.490592: train_loss -0.8858
2026-05-16 07:53:22.496519: val_loss -0.8454
2026-05-16 07:53:22.498000: Pseudo dice [np.float32(0.8954), np.float32(0.8471)]
2026-05-16 07:53:22.499588: Epoch time: 143.81 s
2026-05-16 07:53:23.842291: 
2026-05-16 07:53:23.843869: Epoch 141
2026-05-16 07:53:23.845559: Current learning rate: 0.00872
2026-05-16 07:55:47.261239: train_loss -0.8837
2026-05-16 07:55:47.264286: val_loss -0.8455
2026-05-16 07:55:47.265918: Pseudo dice [np.float32(0.8971), np.float32(0.8472)]
2026-05-16 07:55:47.267821: Epoch time: 143.42 s
2026-05-16 07:55:48.605563: 
2026-05-16 07:55:48.607128: Epoch 142
2026-05-16 07:55:48.608429: Current learning rate: 0.00871