Resolved 122 packages in 58ms
Audited 119 packages in 135ms
/zhome/77/2/187952/projects/spinal-fairness/.venv/lib/python3.13/site-packages/scipy/stats/_resampling.py:155: RuntimeWarning: invalid value encountered in scalar divide
  a_hat = 1/6 * sum(nums) / sum(dens)**(3/2)
/zhome/77/2/187952/projects/spinal-fairness/.venv/lib/python3.13/site-packages/scipy/_lib/_util.py:365: DegenerateDataWarning: The BCa confidence interval cannot be calculated. This problem is known to occur when the distribution is degenerate or the statistic is np.min.
  return fun(*args, **kwargs)
/zhome/77/2/187952/projects/spinal-fairness/.venv/lib/python3.13/site-packages/scipy/stats/_resampling.py:155: RuntimeWarning: invalid value encountered in scalar divide
  a_hat = 1/6 * sum(nums) / sum(dens)**(3/2)
/zhome/77/2/187952/projects/spinal-fairness/.venv/lib/python3.13/site-packages/scipy/_lib/_util.py:365: DegenerateDataWarning: The BCa confidence interval cannot be calculated. This problem is known to occur when the distribution is degenerate or the statistic is np.min.
  return fun(*args, **kwargs)
/zhome/77/2/187952/projects/spinal-fairness/.venv/lib/python3.13/site-packages/scipy/stats/_resampling.py:155: RuntimeWarning: invalid value encountered in scalar divide
  a_hat = 1/6 * sum(nums) / sum(dens)**(3/2)
/zhome/77/2/187952/projects/spinal-fairness/.venv/lib/python3.13/site-packages/scipy/_lib/_util.py:365: DegenerateDataWarning: The BCa confidence interval cannot be calculated. This problem is known to occur when the distribution is degenerate or the statistic is np.min.
  return fun(*args, **kwargs)
/zhome/77/2/187952/projects/spinal-fairness/.venv/lib/python3.13/site-packages/scipy/stats/_resampling.py:155: RuntimeWarning: invalid value encountered in scalar divide
  a_hat = 1/6 * sum(nums) / sum(dens)**(3/2)
/zhome/77/2/187952/projects/spinal-fairness/.venv/lib/python3.13/site-packages/scipy/_lib/_util.py:365: DegenerateDataWarning: The BCa confidence interval cannot be calculated. This problem is known to occur when the distribution is degenerate or the statistic is np.min.
  return fun(*args, **kwargs)
/zhome/77/2/187952/projects/spinal-fairness/.venv/lib/python3.13/site-packages/scipy/stats/_resampling.py:155: RuntimeWarning: invalid value encountered in scalar divide
  a_hat = 1/6 * sum(nums) / sum(dens)**(3/2)
/zhome/77/2/187952/projects/spinal-fairness/.venv/lib/python3.13/site-packages/scipy/_lib/_util.py:365: DegenerateDataWarning: The BCa confidence interval cannot be calculated. This problem is known to occur when the distribution is degenerate or the statistic is np.min.
  return fun(*args, **kwargs)
/zhome/77/2/187952/projects/spinal-fairness/.venv/lib/python3.13/site-packages/scipy/stats/_resampling.py:155: RuntimeWarning: invalid value encountered in scalar divide
  a_hat = 1/6 * sum(nums) / sum(dens)**(3/2)
/zhome/77/2/187952/projects/spinal-fairness/.venv/lib/python3.13/site-packages/scipy/_lib/_util.py:365: DegenerateDataWarning: The BCa confidence interval cannot be calculated. This problem is known to occur when the distribution is degenerate or the statistic is np.min.
  return fun(*args, **kwargs)
/zhome/77/2/187952/projects/spinal-fairness/.venv/lib/python3.13/site-packages/scipy/stats/_resampling.py:155: RuntimeWarning: invalid value encountered in scalar divide
  a_hat = 1/6 * sum(nums) / sum(dens)**(3/2)
/zhome/77/2/187952/projects/spinal-fairness/.venv/lib/python3.13/site-packages/scipy/_lib/_util.py:365: DegenerateDataWarning: The BCa confidence interval cannot be calculated. This problem is known to occur when the distribution is degenerate or the statistic is np.min.
  return fun(*args, **kwargs)
/zhome/77/2/187952/projects/spinal-fairness/.venv/lib/python3.13/site-packages/scipy/stats/_resampling.py:155: RuntimeWarning: invalid value encountered in scalar divide
  a_hat = 1/6 * sum(nums) / sum(dens)**(3/2)
/zhome/77/2/187952/projects/spinal-fairness/.venv/lib/python3.13/site-packages/scipy/_lib/_util.py:365: DegenerateDataWarning: The BCa confidence interval cannot be calculated. This problem is known to occur when the distribution is degenerate or the statistic is np.min.
  return fun(*args, **kwargs)
/zhome/77/2/187952/projects/spinal-fairness/.venv/lib/python3.13/site-packages/scipy/stats/_resampling.py:155: RuntimeWarning: invalid value encountered in scalar divide
  a_hat = 1/6 * sum(nums) / sum(dens)**(3/2)
/zhome/77/2/187952/projects/spinal-fairness/.venv/lib/python3.13/site-packages/scipy/_lib/_util.py:365: DegenerateDataWarning: The BCa confidence interval cannot be calculated. This problem is known to occur when the distribution is degenerate or the statistic is np.min.
  return fun(*args, **kwargs)
/zhome/77/2/187952/projects/spinal-fairness/.venv/lib/python3.13/site-packages/scipy/stats/_resampling.py:155: RuntimeWarning: invalid value encountered in scalar divide
  a_hat = 1/6 * sum(nums) / sum(dens)**(3/2)
/zhome/77/2/187952/projects/spinal-fairness/.venv/lib/python3.13/site-packages/scipy/_lib/_util.py:365: DegenerateDataWarning: The BCa confidence interval cannot be calculated. This problem is known to occur when the distribution is degenerate or the statistic is np.min.
  return fun(*args, **kwargs)
/zhome/77/2/187952/projects/spinal-fairness/.venv/lib/python3.13/site-packages/scipy/stats/_resampling.py:155: RuntimeWarning: invalid value encountered in scalar divide
  a_hat = 1/6 * sum(nums) / sum(dens)**(3/2)
/zhome/77/2/187952/projects/spinal-fairness/.venv/lib/python3.13/site-packages/scipy/_lib/_util.py:365: DegenerateDataWarning: The BCa confidence interval cannot be calculated. This problem is known to occur when the distribution is degenerate or the statistic is np.min.
  return fun(*args, **kwargs)
/zhome/77/2/187952/projects/spinal-fairness/.venv/lib/python3.13/site-packages/scipy/stats/_resampling.py:155: RuntimeWarning: invalid value encountered in scalar divide
  a_hat = 1/6 * sum(nums) / sum(dens)**(3/2)
/zhome/77/2/187952/projects/spinal-fairness/.venv/lib/python3.13/site-packages/scipy/_lib/_util.py:365: DegenerateDataWarning: The BCa confidence interval cannot be calculated. This problem is known to occur when the distribution is degenerate or the statistic is np.min.
  return fun(*args, **kwargs)
/zhome/77/2/187952/projects/spinal-fairness/.venv/lib/python3.13/site-packages/scipy/stats/_resampling.py:155: RuntimeWarning: invalid value encountered in scalar divide
  a_hat = 1/6 * sum(nums) / sum(dens)**(3/2)
/zhome/77/2/187952/projects/spinal-fairness/.venv/lib/python3.13/site-packages/scipy/_lib/_util.py:365: DegenerateDataWarning: The BCa confidence interval cannot be calculated. This problem is known to occur when the distribution is degenerate or the statistic is np.min.
  return fun(*args, **kwargs)
/zhome/77/2/187952/projects/spinal-fairness/.venv/lib/python3.13/site-packages/scipy/stats/_resampling.py:155: RuntimeWarning: invalid value encountered in scalar divide
  a_hat = 1/6 * sum(nums) / sum(dens)**(3/2)
/zhome/77/2/187952/projects/spinal-fairness/.venv/lib/python3.13/site-packages/scipy/_lib/_util.py:365: DegenerateDataWarning: The BCa confidence interval cannot be calculated. This problem is known to occur when the distribution is degenerate or the statistic is np.min.
  return fun(*args, **kwargs)
/zhome/77/2/187952/projects/spinal-fairness/.venv/lib/python3.13/site-packages/scipy/stats/_resampling.py:155: RuntimeWarning: invalid value encountered in scalar divide
  a_hat = 1/6 * sum(nums) / sum(dens)**(3/2)
/zhome/77/2/187952/projects/spinal-fairness/.venv/lib/python3.13/site-packages/scipy/_lib/_util.py:365: DegenerateDataWarning: The BCa confidence interval cannot be calculated. This problem is known to occur when the distribution is degenerate or the statistic is np.min.
  return fun(*args, **kwargs)
/zhome/77/2/187952/projects/spinal-fairness/.venv/lib/python3.13/site-packages/scipy/stats/_resampling.py:155: RuntimeWarning: invalid value encountered in scalar divide
  a_hat = 1/6 * sum(nums) / sum(dens)**(3/2)
/zhome/77/2/187952/projects/spinal-fairness/.venv/lib/python3.13/site-packages/scipy/_lib/_util.py:365: DegenerateDataWarning: The BCa confidence interval cannot be calculated. This problem is known to occur when the distribution is degenerate or the statistic is np.min.
  return fun(*args, **kwargs)
/zhome/77/2/187952/projects/spinal-fairness/.venv/lib/python3.13/site-packages/scipy/stats/_resampling.py:155: RuntimeWarning: invalid value encountered in scalar divide
  a_hat = 1/6 * sum(nums) / sum(dens)**(3/2)
/zhome/77/2/187952/projects/spinal-fairness/.venv/lib/python3.13/site-packages/scipy/_lib/_util.py:365: DegenerateDataWarning: The BCa confidence interval cannot be calculated. This problem is known to occur when the distribution is degenerate or the statistic is np.min.
  return fun(*args, **kwargs)
/zhome/77/2/187952/projects/spinal-fairness/.venv/lib/python3.13/site-packages/scipy/stats/_resampling.py:155: RuntimeWarning: invalid value encountered in scalar divide
  a_hat = 1/6 * sum(nums) / sum(dens)**(3/2)
/zhome/77/2/187952/projects/spinal-fairness/.venv/lib/python3.13/site-packages/scipy/_lib/_util.py:365: DegenerateDataWarning: The BCa confidence interval cannot be calculated. This problem is known to occur when the distribution is degenerate or the statistic is np.min.
  return fun(*args, **kwargs)
/zhome/77/2/187952/projects/spinal-fairness/.venv/lib/python3.13/site-packages/scipy/stats/_resampling.py:155: RuntimeWarning: invalid value encountered in scalar divide
  a_hat = 1/6 * sum(nums) / sum(dens)**(3/2)
/zhome/77/2/187952/projects/spinal-fairness/.venv/lib/python3.13/site-packages/scipy/_lib/_util.py:365: DegenerateDataWarning: The BCa confidence interval cannot be calculated. This problem is known to occur when the distribution is degenerate or the statistic is np.min.
  return fun(*args, **kwargs)
/zhome/77/2/187952/projects/spinal-fairness/.venv/lib/python3.13/site-packages/scipy/stats/_resampling.py:155: RuntimeWarning: invalid value encountered in scalar divide
  a_hat = 1/6 * sum(nums) / sum(dens)**(3/2)
/zhome/77/2/187952/projects/spinal-fairness/.venv/lib/python3.13/site-packages/scipy/_lib/_util.py:365: DegenerateDataWarning: The BCa confidence interval cannot be calculated. This problem is known to occur when the distribution is degenerate or the statistic is np.min.
  return fun(*args, **kwargs)
/zhome/77/2/187952/projects/spinal-fairness/.venv/lib/python3.13/site-packages/scipy/stats/_resampling.py:155: RuntimeWarning: invalid value encountered in scalar divide
  a_hat = 1/6 * sum(nums) / sum(dens)**(3/2)
/zhome/77/2/187952/projects/spinal-fairness/.venv/lib/python3.13/site-packages/scipy/_lib/_util.py:365: DegenerateDataWarning: The BCa confidence interval cannot be calculated. This problem is known to occur when the distribution is degenerate or the statistic is np.min.
  return fun(*args, **kwargs)
/zhome/77/2/187952/projects/spinal-fairness/.venv/lib/python3.13/site-packages/scipy/stats/_resampling.py:155: RuntimeWarning: invalid value encountered in scalar divide
  a_hat = 1/6 * sum(nums) / sum(dens)**(3/2)
/zhome/77/2/187952/projects/spinal-fairness/.venv/lib/python3.13/site-packages/scipy/_lib/_util.py:365: DegenerateDataWarning: The BCa confidence interval cannot be calculated. This problem is known to occur when the distribution is degenerate or the statistic is np.min.
  return fun(*args, **kwargs)
/zhome/77/2/187952/projects/spinal-fairness/.venv/lib/python3.13/site-packages/scipy/stats/_resampling.py:155: RuntimeWarning: invalid value encountered in scalar divide
  a_hat = 1/6 * sum(nums) / sum(dens)**(3/2)
/zhome/77/2/187952/projects/spinal-fairness/.venv/lib/python3.13/site-packages/scipy/_lib/_util.py:365: DegenerateDataWarning: The BCa confidence interval cannot be calculated. This problem is known to occur when the distribution is degenerate or the statistic is np.min.
  return fun(*args, **kwargs)
/zhome/77/2/187952/projects/spinal-fairness/.venv/lib/python3.13/site-packages/scipy/stats/_resampling.py:155: RuntimeWarning: invalid value encountered in scalar divide
  a_hat = 1/6 * sum(nums) / sum(dens)**(3/2)
/zhome/77/2/187952/projects/spinal-fairness/.venv/lib/python3.13/site-packages/scipy/_lib/_util.py:365: DegenerateDataWarning: The BCa confidence interval cannot be calculated. This problem is known to occur when the distribution is degenerate or the statistic is np.min.
  return fun(*args, **kwargs)
/zhome/77/2/187952/projects/spinal-fairness/.venv/lib/python3.13/site-packages/scipy/stats/_resampling.py:155: RuntimeWarning: invalid value encountered in scalar divide
  a_hat = 1/6 * sum(nums) / sum(dens)**(3/2)
/zhome/77/2/187952/projects/spinal-fairness/.venv/lib/python3.13/site-packages/scipy/_lib/_util.py:365: DegenerateDataWarning: The BCa confidence interval cannot be calculated. This problem is known to occur when the distribution is degenerate or the statistic is np.min.
  return fun(*args, **kwargs)
/zhome/77/2/187952/projects/spinal-fairness/.venv/lib/python3.13/site-packages/scipy/stats/_resampling.py:155: RuntimeWarning: invalid value encountered in scalar divide
  a_hat = 1/6 * sum(nums) / sum(dens)**(3/2)
/zhome/77/2/187952/projects/spinal-fairness/.venv/lib/python3.13/site-packages/scipy/_lib/_util.py:365: DegenerateDataWarning: The BCa confidence interval cannot be calculated. This problem is known to occur when the distribution is degenerate or the statistic is np.min.
  return fun(*args, **kwargs)
/zhome/77/2/187952/projects/spinal-fairness/.venv/lib/python3.13/site-packages/scipy/stats/_resampling.py:155: RuntimeWarning: invalid value encountered in scalar divide
  a_hat = 1/6 * sum(nums) / sum(dens)**(3/2)
/zhome/77/2/187952/projects/spinal-fairness/.venv/lib/python3.13/site-packages/scipy/_lib/_util.py:365: DegenerateDataWarning: The BCa confidence interval cannot be calculated. This problem is known to occur when the distribution is degenerate or the statistic is np.min.
  return fun(*args, **kwargs)
/zhome/77/2/187952/projects/spinal-fairness/.venv/lib/python3.13/site-packages/scipy/stats/_resampling.py:155: RuntimeWarning: invalid value encountered in scalar divide
  a_hat = 1/6 * sum(nums) / sum(dens)**(3/2)
/zhome/77/2/187952/projects/spinal-fairness/.venv/lib/python3.13/site-packages/scipy/_lib/_util.py:365: DegenerateDataWarning: The BCa confidence interval cannot be calculated. This problem is known to occur when the distribution is degenerate or the statistic is np.min.
  return fun(*args, **kwargs)
/zhome/77/2/187952/projects/spinal-fairness/.venv/lib/python3.13/site-packages/scipy/stats/_resampling.py:155: RuntimeWarning: invalid value encountered in scalar divide
  a_hat = 1/6 * sum(nums) / sum(dens)**(3/2)
/zhome/77/2/187952/projects/spinal-fairness/.venv/lib/python3.13/site-packages/scipy/_lib/_util.py:365: DegenerateDataWarning: The BCa confidence interval cannot be calculated. This problem is known to occur when the distribution is degenerate or the statistic is np.min.
  return fun(*args, **kwargs)
/zhome/77/2/187952/projects/spinal-fairness/.venv/lib/python3.13/site-packages/scipy/stats/_resampling.py:155: RuntimeWarning: invalid value encountered in scalar divide
  a_hat = 1/6 * sum(nums) / sum(dens)**(3/2)
/zhome/77/2/187952/projects/spinal-fairness/.venv/lib/python3.13/site-packages/scipy/_lib/_util.py:365: DegenerateDataWarning: The BCa confidence interval cannot be calculated. This problem is known to occur when the distribution is degenerate or the statistic is np.min.
  return fun(*args, **kwargs)
/zhome/77/2/187952/projects/spinal-fairness/.venv/lib/python3.13/site-packages/scipy/stats/_resampling.py:155: RuntimeWarning: invalid value encountered in scalar divide
  a_hat = 1/6 * sum(nums) / sum(dens)**(3/2)
/zhome/77/2/187952/projects/spinal-fairness/.venv/lib/python3.13/site-packages/scipy/_lib/_util.py:365: DegenerateDataWarning: The BCa confidence interval cannot be calculated. This problem is known to occur when the distribution is degenerate or the statistic is np.min.
  return fun(*args, **kwargs)
/zhome/77/2/187952/projects/spinal-fairness/.venv/lib/python3.13/site-packages/scipy/stats/_resampling.py:155: RuntimeWarning: invalid value encountered in scalar divide
  a_hat = 1/6 * sum(nums) / sum(dens)**(3/2)
/zhome/77/2/187952/projects/spinal-fairness/.venv/lib/python3.13/site-packages/scipy/_lib/_util.py:365: DegenerateDataWarning: The BCa confidence interval cannot be calculated. This problem is known to occur when the distribution is degenerate or the statistic is np.min.
  return fun(*args, **kwargs)
/zhome/77/2/187952/projects/spinal-fairness/.venv/lib/python3.13/site-packages/scipy/stats/_resampling.py:155: RuntimeWarning: invalid value encountered in scalar divide
  a_hat = 1/6 * sum(nums) / sum(dens)**(3/2)
/zhome/77/2/187952/projects/spinal-fairness/.venv/lib/python3.13/site-packages/scipy/_lib/_util.py:365: DegenerateDataWarning: The BCa confidence interval cannot be calculated. This problem is known to occur when the distribution is degenerate or the statistic is np.min.
  return fun(*args, **kwargs)
/zhome/77/2/187952/projects/spinal-fairness/.venv/lib/python3.13/site-packages/scipy/stats/_resampling.py:155: RuntimeWarning: invalid value encountered in scalar divide
  a_hat = 1/6 * sum(nums) / sum(dens)**(3/2)
/zhome/77/2/187952/projects/spinal-fairness/.venv/lib/python3.13/site-packages/scipy/_lib/_util.py:365: DegenerateDataWarning: The BCa confidence interval cannot be calculated. This problem is known to occur when the distribution is degenerate or the statistic is np.min.
  return fun(*args, **kwargs)
/zhome/77/2/187952/projects/spinal-fairness/.venv/lib/python3.13/site-packages/scipy/stats/_resampling.py:155: RuntimeWarning: invalid value encountered in scalar divide
  a_hat = 1/6 * sum(nums) / sum(dens)**(3/2)
/zhome/77/2/187952/projects/spinal-fairness/.venv/lib/python3.13/site-packages/scipy/_lib/_util.py:365: DegenerateDataWarning: The BCa confidence interval cannot be calculated. This problem is known to occur when the distribution is degenerate or the statistic is np.min.
  return fun(*args, **kwargs)
/zhome/77/2/187952/projects/spinal-fairness/.venv/lib/python3.13/site-packages/scipy/stats/_resampling.py:155: RuntimeWarning: invalid value encountered in scalar divide
  a_hat = 1/6 * sum(nums) / sum(dens)**(3/2)
/zhome/77/2/187952/projects/spinal-fairness/.venv/lib/python3.13/site-packages/scipy/_lib/_util.py:365: DegenerateDataWarning: The BCa confidence interval cannot be calculated. This problem is known to occur when the distribution is degenerate or the statistic is np.min.
  return fun(*args, **kwargs)
/zhome/77/2/187952/projects/spinal-fairness/.venv/lib/python3.13/site-packages/scipy/stats/_resampling.py:155: RuntimeWarning: invalid value encountered in scalar divide
  a_hat = 1/6 * sum(nums) / sum(dens)**(3/2)
/zhome/77/2/187952/projects/spinal-fairness/.venv/lib/python3.13/site-packages/scipy/_lib/_util.py:365: DegenerateDataWarning: The BCa confidence interval cannot be calculated. This problem is known to occur when the distribution is degenerate or the statistic is np.min.
  return fun(*args, **kwargs)
/zhome/77/2/187952/projects/spinal-fairness/.venv/lib/python3.13/site-packages/scipy/stats/_resampling.py:155: RuntimeWarning: invalid value encountered in scalar divide
  a_hat = 1/6 * sum(nums) / sum(dens)**(3/2)
/zhome/77/2/187952/projects/spinal-fairness/.venv/lib/python3.13/site-packages/scipy/_lib/_util.py:365: DegenerateDataWarning: The BCa confidence interval cannot be calculated. This problem is known to occur when the distribution is degenerate or the statistic is np.min.
  return fun(*args, **kwargs)
/zhome/77/2/187952/projects/spinal-fairness/.venv/lib/python3.13/site-packages/scipy/stats/_resampling.py:155: RuntimeWarning: invalid value encountered in scalar divide
  a_hat = 1/6 * sum(nums) / sum(dens)**(3/2)
/zhome/77/2/187952/projects/spinal-fairness/.venv/lib/python3.13/site-packages/scipy/_lib/_util.py:365: DegenerateDataWarning: The BCa confidence interval cannot be calculated. This problem is known to occur when the distribution is degenerate or the statistic is np.min.
  return fun(*args, **kwargs)
/zhome/77/2/187952/projects/spinal-fairness/.venv/lib/python3.13/site-packages/scipy/stats/_resampling.py:155: RuntimeWarning: invalid value encountered in scalar divide
  a_hat = 1/6 * sum(nums) / sum(dens)**(3/2)
/zhome/77/2/187952/projects/spinal-fairness/.venv/lib/python3.13/site-packages/scipy/_lib/_util.py:365: DegenerateDataWarning: The BCa confidence interval cannot be calculated. This problem is known to occur when the distribution is degenerate or the statistic is np.min.
  return fun(*args, **kwargs)
/zhome/77/2/187952/projects/spinal-fairness/.venv/lib/python3.13/site-packages/scipy/stats/_resampling.py:155: RuntimeWarning: invalid value encountered in scalar divide
  a_hat = 1/6 * sum(nums) / sum(dens)**(3/2)
/zhome/77/2/187952/projects/spinal-fairness/.venv/lib/python3.13/site-packages/scipy/_lib/_util.py:365: DegenerateDataWarning: The BCa confidence interval cannot be calculated. This problem is known to occur when the distribution is degenerate or the statistic is np.min.
  return fun(*args, **kwargs)
/zhome/77/2/187952/projects/spinal-fairness/.venv/lib/python3.13/site-packages/scipy/stats/_resampling.py:155: RuntimeWarning: invalid value encountered in scalar divide
  a_hat = 1/6 * sum(nums) / sum(dens)**(3/2)
/zhome/77/2/187952/projects/spinal-fairness/.venv/lib/python3.13/site-packages/scipy/_lib/_util.py:365: DegenerateDataWarning: The BCa confidence interval cannot be calculated. This problem is known to occur when the distribution is degenerate or the statistic is np.min.
  return fun(*args, **kwargs)
/zhome/77/2/187952/projects/spinal-fairness/.venv/lib/python3.13/site-packages/scipy/stats/_resampling.py:155: RuntimeWarning: invalid value encountered in scalar divide
  a_hat = 1/6 * sum(nums) / sum(dens)**(3/2)
/zhome/77/2/187952/projects/spinal-fairness/.venv/lib/python3.13/site-packages/scipy/_lib/_util.py:365: DegenerateDataWarning: The BCa confidence interval cannot be calculated. This problem is known to occur when the distribution is degenerate or the statistic is np.min.
  return fun(*args, **kwargs)
/zhome/77/2/187952/projects/spinal-fairness/.venv/lib/python3.13/site-packages/scipy/stats/_resampling.py:155: RuntimeWarning: invalid value encountered in scalar divide
  a_hat = 1/6 * sum(nums) / sum(dens)**(3/2)
/zhome/77/2/187952/projects/spinal-fairness/.venv/lib/python3.13/site-packages/scipy/_lib/_util.py:365: DegenerateDataWarning: The BCa confidence interval cannot be calculated. This problem is known to occur when the distribution is degenerate or the statistic is np.min.
  return fun(*args, **kwargs)
/zhome/77/2/187952/projects/spinal-fairness/.venv/lib/python3.13/site-packages/scipy/stats/_resampling.py:155: RuntimeWarning: invalid value encountered in scalar divide
  a_hat = 1/6 * sum(nums) / sum(dens)**(3/2)
/zhome/77/2/187952/projects/spinal-fairness/.venv/lib/python3.13/site-packages/scipy/_lib/_util.py:365: DegenerateDataWarning: The BCa confidence interval cannot be calculated. This problem is known to occur when the distribution is degenerate or the statistic is np.min.
  return fun(*args, **kwargs)
/zhome/77/2/187952/projects/spinal-fairness/.venv/lib/python3.13/site-packages/scipy/stats/_resampling.py:155: RuntimeWarning: invalid value encountered in scalar divide
  a_hat = 1/6 * sum(nums) / sum(dens)**(3/2)
/zhome/77/2/187952/projects/spinal-fairness/.venv/lib/python3.13/site-packages/scipy/_lib/_util.py:365: DegenerateDataWarning: The BCa confidence interval cannot be calculated. This problem is known to occur when the distribution is degenerate or the statistic is np.min.
  return fun(*args, **kwargs)
/zhome/77/2/187952/projects/spinal-fairness/.venv/lib/python3.13/site-packages/scipy/stats/_resampling.py:155: RuntimeWarning: invalid value encountered in scalar divide
  a_hat = 1/6 * sum(nums) / sum(dens)**(3/2)
/zhome/77/2/187952/projects/spinal-fairness/.venv/lib/python3.13/site-packages/scipy/_lib/_util.py:365: DegenerateDataWarning: The BCa confidence interval cannot be calculated. This problem is known to occur when the distribution is degenerate or the statistic is np.min.
  return fun(*args, **kwargs)
/zhome/77/2/187952/projects/spinal-fairness/.venv/lib/python3.13/site-packages/scipy/stats/_resampling.py:155: RuntimeWarning: invalid value encountered in scalar divide
  a_hat = 1/6 * sum(nums) / sum(dens)**(3/2)
/zhome/77/2/187952/projects/spinal-fairness/.venv/lib/python3.13/site-packages/scipy/_lib/_util.py:365: DegenerateDataWarning: The BCa confidence interval cannot be calculated. This problem is known to occur when the distribution is degenerate or the statistic is np.min.
  return fun(*args, **kwargs)
/zhome/77/2/187952/projects/spinal-fairness/.venv/lib/python3.13/site-packages/scipy/stats/_resampling.py:155: RuntimeWarning: invalid value encountered in scalar divide
  a_hat = 1/6 * sum(nums) / sum(dens)**(3/2)
/zhome/77/2/187952/projects/spinal-fairness/.venv/lib/python3.13/site-packages/scipy/_lib/_util.py:365: DegenerateDataWarning: The BCa confidence interval cannot be calculated. This problem is known to occur when the distribution is degenerate or the statistic is np.min.
  return fun(*args, **kwargs)
/zhome/77/2/187952/projects/spinal-fairness/.venv/lib/python3.13/site-packages/scipy/stats/_resampling.py:155: RuntimeWarning: invalid value encountered in scalar divide
  a_hat = 1/6 * sum(nums) / sum(dens)**(3/2)
/zhome/77/2/187952/projects/spinal-fairness/.venv/lib/python3.13/site-packages/scipy/_lib/_util.py:365: DegenerateDataWarning: The BCa confidence interval cannot be calculated. This problem is known to occur when the distribution is degenerate or the statistic is np.min.
  return fun(*args, **kwargs)
/zhome/77/2/187952/projects/spinal-fairness/.venv/lib/python3.13/site-packages/scipy/stats/_resampling.py:155: RuntimeWarning: invalid value encountered in scalar divide
  a_hat = 1/6 * sum(nums) / sum(dens)**(3/2)
/zhome/77/2/187952/projects/spinal-fairness/.venv/lib/python3.13/site-packages/scipy/_lib/_util.py:365: DegenerateDataWarning: The BCa confidence interval cannot be calculated. This problem is known to occur when the distribution is degenerate or the statistic is np.min.
  return fun(*args, **kwargs)
/zhome/77/2/187952/projects/spinal-fairness/.venv/lib/python3.13/site-packages/scipy/stats/_resampling.py:155: RuntimeWarning: invalid value encountered in scalar divide
  a_hat = 1/6 * sum(nums) / sum(dens)**(3/2)
/zhome/77/2/187952/projects/spinal-fairness/.venv/lib/python3.13/site-packages/scipy/_lib/_util.py:365: DegenerateDataWarning: The BCa confidence interval cannot be calculated. This problem is known to occur when the distribution is degenerate or the statistic is np.min.
  return fun(*args, **kwargs)
/zhome/77/2/187952/projects/spinal-fairness/.venv/lib/python3.13/site-packages/scipy/stats/_resampling.py:155: RuntimeWarning: invalid value encountered in scalar divide
  a_hat = 1/6 * sum(nums) / sum(dens)**(3/2)
/zhome/77/2/187952/projects/spinal-fairness/.venv/lib/python3.13/site-packages/scipy/_lib/_util.py:365: DegenerateDataWarning: The BCa confidence interval cannot be calculated. This problem is known to occur when the distribution is degenerate or the statistic is np.min.
  return fun(*args, **kwargs)
/zhome/77/2/187952/projects/spinal-fairness/.venv/lib/python3.13/site-packages/scipy/stats/_resampling.py:155: RuntimeWarning: invalid value encountered in scalar divide
  a_hat = 1/6 * sum(nums) / sum(dens)**(3/2)
/zhome/77/2/187952/projects/spinal-fairness/.venv/lib/python3.13/site-packages/scipy/_lib/_util.py:365: DegenerateDataWarning: The BCa confidence interval cannot be calculated. This problem is known to occur when the distribution is degenerate or the statistic is np.min.
  return fun(*args, **kwargs)
/zhome/77/2/187952/projects/spinal-fairness/.venv/lib/python3.13/site-packages/scipy/stats/_resampling.py:155: RuntimeWarning: invalid value encountered in scalar divide
  a_hat = 1/6 * sum(nums) / sum(dens)**(3/2)
/zhome/77/2/187952/projects/spinal-fairness/.venv/lib/python3.13/site-packages/scipy/_lib/_util.py:365: DegenerateDataWarning: The BCa confidence interval cannot be calculated. This problem is known to occur when the distribution is degenerate or the statistic is np.min.
  return fun(*args, **kwargs)
/zhome/77/2/187952/projects/spinal-fairness/.venv/lib/python3.13/site-packages/scipy/stats/_resampling.py:155: RuntimeWarning: invalid value encountered in scalar divide
  a_hat = 1/6 * sum(nums) / sum(dens)**(3/2)
/zhome/77/2/187952/projects/spinal-fairness/.venv/lib/python3.13/site-packages/scipy/_lib/_util.py:365: DegenerateDataWarning: The BCa confidence interval cannot be calculated. This problem is known to occur when the distribution is degenerate or the statistic is np.min.
  return fun(*args, **kwargs)
/zhome/77/2/187952/projects/spinal-fairness/.venv/lib/python3.13/site-packages/scipy/stats/_resampling.py:155: RuntimeWarning: invalid value encountered in scalar divide
  a_hat = 1/6 * sum(nums) / sum(dens)**(3/2)
/zhome/77/2/187952/projects/spinal-fairness/.venv/lib/python3.13/site-packages/scipy/_lib/_util.py:365: DegenerateDataWarning: The BCa confidence interval cannot be calculated. This problem is known to occur when the distribution is degenerate or the statistic is np.min.
  return fun(*args, **kwargs)
/zhome/77/2/187952/projects/spinal-fairness/.venv/lib/python3.13/site-packages/scipy/stats/_resampling.py:155: RuntimeWarning: invalid value encountered in scalar divide
  a_hat = 1/6 * sum(nums) / sum(dens)**(3/2)
/zhome/77/2/187952/projects/spinal-fairness/.venv/lib/python3.13/site-packages/scipy/_lib/_util.py:365: DegenerateDataWarning: The BCa confidence interval cannot be calculated. This problem is known to occur when the distribution is degenerate or the statistic is np.min.
  return fun(*args, **kwargs)
/zhome/77/2/187952/projects/spinal-fairness/.venv/lib/python3.13/site-packages/scipy/stats/_resampling.py:155: RuntimeWarning: invalid value encountered in scalar divide
  a_hat = 1/6 * sum(nums) / sum(dens)**(3/2)
/zhome/77/2/187952/projects/spinal-fairness/.venv/lib/python3.13/site-packages/scipy/_lib/_util.py:365: DegenerateDataWarning: The BCa confidence interval cannot be calculated. This problem is known to occur when the distribution is degenerate or the statistic is np.min.
  return fun(*args, **kwargs)
/zhome/77/2/187952/projects/spinal-fairness/.venv/lib/python3.13/site-packages/scipy/stats/_resampling.py:155: RuntimeWarning: invalid value encountered in scalar divide
  a_hat = 1/6 * sum(nums) / sum(dens)**(3/2)
/zhome/77/2/187952/projects/spinal-fairness/.venv/lib/python3.13/site-packages/scipy/_lib/_util.py:365: DegenerateDataWarning: The BCa confidence interval cannot be calculated. This problem is known to occur when the distribution is degenerate or the statistic is np.min.
  return fun(*args, **kwargs)
/zhome/77/2/187952/projects/spinal-fairness/.venv/lib/python3.13/site-packages/scipy/stats/_resampling.py:155: RuntimeWarning: invalid value encountered in scalar divide
  a_hat = 1/6 * sum(nums) / sum(dens)**(3/2)
/zhome/77/2/187952/projects/spinal-fairness/.venv/lib/python3.13/site-packages/scipy/_lib/_util.py:365: DegenerateDataWarning: The BCa confidence interval cannot be calculated. This problem is known to occur when the distribution is degenerate or the statistic is np.min.
  return fun(*args, **kwargs)
/zhome/77/2/187952/projects/spinal-fairness/.venv/lib/python3.13/site-packages/scipy/stats/_resampling.py:155: RuntimeWarning: invalid value encountered in scalar divide
  a_hat = 1/6 * sum(nums) / sum(dens)**(3/2)
/zhome/77/2/187952/projects/spinal-fairness/.venv/lib/python3.13/site-packages/scipy/_lib/_util.py:365: DegenerateDataWarning: The BCa confidence interval cannot be calculated. This problem is known to occur when the distribution is degenerate or the statistic is np.min.
  return fun(*args, **kwargs)
/zhome/77/2/187952/projects/spinal-fairness/.venv/lib/python3.13/site-packages/scipy/stats/_resampling.py:155: RuntimeWarning: invalid value encountered in scalar divide
  a_hat = 1/6 * sum(nums) / sum(dens)**(3/2)
/zhome/77/2/187952/projects/spinal-fairness/.venv/lib/python3.13/site-packages/scipy/_lib/_util.py:365: DegenerateDataWarning: The BCa confidence interval cannot be calculated. This problem is known to occur when the distribution is degenerate or the statistic is np.min.
  return fun(*args, **kwargs)
